2025-09-29 15:29:46,250 [INFO] Activator:176 - 


2025-09-29 15:29:46,258 [INFO] Activator:177 - !SESSION log4j initialized
2025-09-29 15:29:53,284 [INFO] LogOutputStream:77 - [STDOUT_REDIRECT] 
2025-09-29 15:29:54,706 [INFO] ApplicationProperties:184 - Using Application install path: /opt/st/stm32cubeide_1.19.0/plugins/com.st.stm32cube.common.mx_6.15.0.202507011659
2025-09-29 15:29:54,725 [INFO] DbMcusXml:78 - Set database path to: /opt/st/stm32cubeide_1.19.0/plugins/com.st.stm32cube.common.mx_6.15.0.202507011659//db//mcu/
2025-09-29 15:29:54,726 [INFO] ApiDb:274 - Set plugin database path to: /opt/st/stm32cubeide_1.19.0/plugins/com.st.stm32cube.common.mx_6.15.0.202507011659//db//plugins/boardmanager/
2025-09-29 15:29:54,726 [WARN] ApiDb:259 - Overriding images path with different value:  => /opt/st/stm32cubeide_1.19.0/plugins/com.st.stm32cube.common.mx_6.15.0.202507011659//db//plugins/mcufinder/images/
2025-09-29 15:29:54,733 [INFO] ApiDb:250 - Set database path to: /home/ernst/.stmcufinder/plugins/mcufinder//mcu/
2025-09-29 15:29:54,735 [INFO] DbMcusAds:125 - Set database path to: /home/ernst/.stmcufinder/plugins/mcufinder//mcu/
2025-09-29 15:29:54,738 [INFO] CrossReferenceDbSqlite:203 - Set database path to: /home/ernst/.stmcufinder/plugins/mcufinder//mcu/cs/
2025-09-29 15:29:54,898 [INFO] RulesReader:64 - Compatibility file has been processed (317 Rules)
2025-09-29 15:29:54,993 [INFO] DbMcusXml:78 - Set database path to: /opt/st/stm32cubeide_1.19.0/plugins/com.st.stm32cube.common.mx_6.15.0.202507011659//db//mcu/
2025-09-29 15:29:54,993 [INFO] ApiDb:274 - Set plugin database path to: /opt/st/stm32cubeide_1.19.0/plugins/com.st.stm32cube.common.mx_6.15.0.202507011659//db//plugins/boardmanager/
2025-09-29 15:29:54,993 [INFO] ApiDb:261 - Set plugin images path to: /opt/st/stm32cubeide_1.19.0/plugins/com.st.stm32cube.common.mx_6.15.0.202507011659//db//plugins/mcufinder/images/
2025-09-29 15:29:54,993 [WARN] DbFile:41 - Overriding database path with different value: /home/ernst/.stmcufinder/plugins/mcufinder/ => /home/ernst/.stmcufinder/plugins/mcufinder
2025-09-29 15:29:54,994 [INFO] ApiDb:250 - Set database path to: /home/ernst/.stmcufinder/plugins/mcufinder//mcu/
2025-09-29 15:29:54,994 [WARN] DbFile:41 - Overriding database path with different value: /home/ernst/.stmcufinder/plugins/mcufinder/ => /home/ernst/.stmcufinder/plugins/mcufinder
2025-09-29 15:29:54,994 [INFO] DbMcusAds:125 - Set database path to: /home/ernst/.stmcufinder/plugins/mcufinder//mcu/
2025-09-29 15:29:54,994 [WARN] DbFile:41 - Overriding database path with different value: /home/ernst/.stmcufinder/plugins/mcufinder/ => /home/ernst/.stmcufinder/plugins/mcufinder
2025-09-29 15:29:54,994 [WARN] DbFile:41 - Overriding database path with different value: /home/ernst/.stmcufinder/plugins/mcufinder/ => /home/ernst/.stmcufinder/plugins/mcufinder
2025-09-29 15:29:54,994 [INFO] CrossReferenceDbSqlite:203 - Set database path to: /home/ernst/.stmcufinder/plugins/mcufinder//mcu/cs/
2025-09-29 15:29:55,093 [INFO] MainPanel:274 - HeapMemory: 268435456
2025-09-29 15:29:55,336 [INFO] DbMcusXml:78 - Set database path to: /opt/st/stm32cubeide_1.19.0/plugins/com.st.stm32cube.common.mx_6.15.0.202507011659//db//mcu/
2025-09-29 15:29:55,337 [INFO] ApiDb:274 - Set plugin database path to: /opt/st/stm32cubeide_1.19.0/plugins/com.st.stm32cube.common.mx_6.15.0.202507011659//db//plugins/boardmanager/
2025-09-29 15:29:55,337 [INFO] ApiDb:261 - Set plugin images path to: /opt/st/stm32cubeide_1.19.0/plugins/com.st.stm32cube.common.mx_6.15.0.202507011659//db//plugins/mcufinder/images/
2025-09-29 15:29:55,337 [WARN] DbFile:41 - Overriding database path with different value: /home/ernst/.stmcufinder/plugins/mcufinder/ => /home/ernst/.stmcufinder/plugins/mcufinder
2025-09-29 15:29:55,338 [INFO] ApiDb:250 - Set database path to: /home/ernst/.stmcufinder/plugins/mcufinder//mcu/
2025-09-29 15:29:55,338 [WARN] DbFile:41 - Overriding database path with different value: /home/ernst/.stmcufinder/plugins/mcufinder/ => /home/ernst/.stmcufinder/plugins/mcufinder
2025-09-29 15:29:55,338 [INFO] DbMcusAds:125 - Set database path to: /home/ernst/.stmcufinder/plugins/mcufinder//mcu/
2025-09-29 15:29:55,338 [WARN] DbFile:41 - Overriding database path with different value: /home/ernst/.stmcufinder/plugins/mcufinder/ => /home/ernst/.stmcufinder/plugins/mcufinder
2025-09-29 15:29:55,338 [WARN] DbFile:41 - Overriding database path with different value: /home/ernst/.stmcufinder/plugins/mcufinder/ => /home/ernst/.stmcufinder/plugins/mcufinder
2025-09-29 15:29:55,338 [INFO] CrossReferenceDbSqlite:203 - Set database path to: /home/ernst/.stmcufinder/plugins/mcufinder//mcu/cs/
2025-09-29 15:29:55,368 [INFO] ApplicationProperties:184 - Using Application install path: /opt/st/stm32cubeide_1.19.0/plugins/com.st.stm32cube.common.mx_6.15.0.202507011659
2025-09-29 15:29:55,371 [INFO] PluginManage:196 - Search for loadable plugins [exclusion list=, ]
2025-09-29 15:29:55,373 [INFO] PluginManage:310 - Check plugin analytics
2025-09-29 15:29:55,829 [INFO] AnalyticsPlugin:253 - Accepted Software Licenses: 
2025-09-29 15:29:55,829 [INFO] AnalyticsPlugin:255 - Accepted CMSIS Pack Licenses: 
2025-09-29 15:29:55,830 [INFO] AnalyticsPlugin:257 - Accepted Firmware Licenses: FW.L4.1.18.0
2025-09-29 15:29:55,835 [INFO] PluginManage:359 - Loaded plugin analytics (category:tool,tabindex:-1)
2025-09-29 15:29:55,836 [INFO] PluginManage:310 - Check plugin cadmodel
2025-09-29 15:29:55,846 [INFO] CADModel:105 - Init CAD model plugin
2025-09-29 15:29:55,846 [INFO] PluginManage:359 - Loaded plugin cadmodel (category:power,tabindex:5)
2025-09-29 15:29:55,847 [INFO] PluginManage:310 - Check plugin clock
2025-09-29 15:29:55,870 [INFO] PluginManage:359 - Loaded plugin clock (category:base,tabindex:2)
2025-09-29 15:29:55,871 [INFO] PluginManage:310 - Check plugin ddr
2025-09-29 15:29:55,886 [INFO] PluginManage:359 - Loaded plugin ddr (category:tool,tabindex:6)
2025-09-29 15:29:55,886 [INFO] PluginManage:310 - Check plugin filemanager
2025-09-29 15:29:56,220 [INFO] PluginManage:359 - Loaded plugin filemanager (category:base,tabindex:10)
2025-09-29 15:29:56,221 [INFO] PluginManage:310 - Check plugin ipmanager
2025-09-29 15:29:56,245 [INFO] PluginManage:359 - Loaded plugin ipmanager (category:base,tabindex:5)
2025-09-29 15:29:56,245 [INFO] PluginManage:310 - Check plugin lpbam
2025-09-29 15:29:56,264 [INFO] PluginManage:359 - Loaded plugin lpbam (category:base,tabindex:0)
2025-09-29 15:29:56,265 [INFO] PluginManage:310 - Check plugin memorymap
2025-09-29 15:29:56,304 [INFO] PluginManage:359 - Loaded plugin memorymap (category:base,tabindex:4)
2025-09-29 15:29:56,305 [INFO] PluginManage:310 - Check plugin pinoutandconfiguration
2025-09-29 15:29:56,326 [INFO] PluginManage:359 - Loaded plugin pinoutandconfiguration (category:base,tabindex:1)
2025-09-29 15:29:56,328 [INFO] PluginManage:310 - Check plugin pinoutconfig
2025-09-29 15:29:56,578 [WARN] SupportedApi:132 - Cannot load RTOS API schema: s4s-elt-must-match.1: The content of 'definitions' must match (annotation?, (simpleType | complexType)?, (unique | key | keyref)*)). A problem was found starting at: attribute.
2025-09-29 15:29:56,959 [INFO] PluginManage:359 - Loaded plugin pinoutconfig (category:base,tabindex:0)
2025-09-29 15:29:56,960 [INFO] PluginManage:310 - Check plugin power
2025-09-29 15:29:56,979 [INFO] PluginManage:359 - Loaded plugin power (category:power,tabindex:4)
2025-09-29 15:29:56,980 [INFO] PluginManage:310 - Check plugin projectmanager
2025-09-29 15:29:57,019 [INFO] PluginManage:359 - Loaded plugin projectmanager (category:projectmanager,tabindex:4)
2025-09-29 15:29:57,019 [INFO] PluginManage:310 - Check plugin rif
2025-09-29 15:29:57,040 [INFO] PluginManage:359 - Loaded plugin rif (category:base,tabindex:3)
2025-09-29 15:29:57,040 [INFO] PluginManage:310 - Check plugin thirdparty
2025-09-29 15:29:57,425 [WARN] IntegrityCheckThread:84 - waiting for thirdparty lock release [integrity check]
2025-09-29 15:29:57,426 [INFO] PluginManage:359 - Loaded plugin thirdparty (category:base,tabindex:-1)
2025-09-29 15:29:57,427 [INFO] IntegrityCheckThread:86 - entering critical section [integrity check]
2025-09-29 15:29:57,427 [INFO] PluginManage:310 - Check plugin tools
2025-09-29 15:29:57,428 [INFO] ThirdPartyUpdaterWithRetryManager:70 - Updater plugin not ready yet. [1/15]
2025-09-29 15:29:57,435 [INFO] PluginManage:359 - Loaded plugin tools (category:base,tabindex:7)
2025-09-29 15:29:57,436 [INFO] PluginManage:310 - Check plugin tutovideos
2025-09-29 15:29:58,023 [INFO] PluginManage:359 - Loaded plugin tutovideos (category:base,tabindex:-1)
2025-09-29 15:29:58,024 [INFO] PluginManage:310 - Check plugin updater
2025-09-29 15:29:58,122 [INFO] PluginManage:359 - Loaded plugin updater (category:base,tabindex:12)
2025-09-29 15:29:58,123 [INFO] PluginManage:310 - Check plugin userauth
2025-09-29 15:29:58,133 [INFO] UserAuth:118 - Init User Auth plugin
2025-09-29 15:29:58,135 [INFO] PluginManage:359 - Loaded plugin userauth (category:base,tabindex:14)
2025-09-29 15:29:58,136 [INFO] PluginManage:283 - PluginManage : Loaded plugins [18]
2025-09-29 15:29:58,655 [INFO] PinOutPanel:1589 - setPackage(No Configuration,No Configuration)
2025-09-29 15:29:58,831 [INFO] CADModel:165 - CPN selected for project level
2025-09-29 15:29:58,831 [INFO] CADModel:114 - Register for checkConnection events
2025-09-29 15:29:58,905 [INFO] IPUIPlugin:80 - create IPUIPlugin
2025-09-29 15:29:58,906 [INFO] PluginManager:220 - loadIPPluginJar : add gpio
2025-09-29 15:29:58,913 [INFO] IPUIPlugin:80 - create IPUIPlugin
2025-09-29 15:29:58,913 [INFO] PluginManager:220 - loadIPPluginJar : add ltdc
2025-09-29 15:29:58,922 [INFO] IPUIPlugin:80 - create IPUIPlugin
2025-09-29 15:29:58,926 [INFO] PluginManager:220 - loadIPPluginJar : add lorawan
2025-09-29 15:29:58,940 [INFO] IPUIPlugin:80 - create IPUIPlugin
2025-09-29 15:29:58,941 [INFO] PluginManager:220 - loadIPPluginJar : add mdma
2025-09-29 15:29:58,944 [INFO] IPUIPlugin:80 - create IPUIPlugin
2025-09-29 15:29:58,944 [INFO] PluginManager:220 - loadIPPluginJar : add comp
2025-09-29 15:29:58,949 [INFO] IPUIPlugin:80 - create IPUIPlugin
2025-09-29 15:29:58,949 [INFO] PluginManager:220 - loadIPPluginJar : add gfxmmu
2025-09-29 15:29:58,954 [INFO] IPUIPlugin:80 - create IPUIPlugin
2025-09-29 15:29:58,955 [INFO] PluginManager:220 - loadIPPluginJar : add i2c
2025-09-29 15:29:58,959 [INFO] IPUIPlugin:80 - create IPUIPlugin
2025-09-29 15:29:58,960 [INFO] PluginManager:220 - loadIPPluginJar : add ddr_ctrl_phy
2025-09-29 15:29:58,966 [INFO] IPUIPlugin:80 - create IPUIPlugin
2025-09-29 15:29:58,966 [INFO] PluginManager:220 - loadIPPluginJar : add pdm2pcm
2025-09-29 15:29:58,970 [INFO] IPUIPlugin:80 - create IPUIPlugin
2025-09-29 15:29:58,970 [INFO] PluginManager:220 - loadIPPluginJar : add i3c
2025-09-29 15:29:58,985 [INFO] IPUIPlugin:80 - create IPUIPlugin
2025-09-29 15:29:58,986 [INFO] PluginManager:220 - loadIPPluginJar : add opamp
2025-09-29 15:29:59,001 [INFO] IPUIPlugin:80 - create IPUIPlugin
2025-09-29 15:29:59,001 [INFO] PluginManager:220 - loadIPPluginJar : add linkedlist
2025-09-29 15:29:59,003 [INFO] IPUIPlugin:80 - create IPUIPlugin
2025-09-29 15:29:59,004 [INFO] PluginManager:220 - loadIPPluginJar : add quadspi
2025-09-29 15:29:59,008 [INFO] IPUIPlugin:80 - create IPUIPlugin
2025-09-29 15:29:59,008 [INFO] PluginManager:220 - loadIPPluginJar : add aes
2025-09-29 15:29:59,013 [INFO] IPUIPlugin:80 - create IPUIPlugin
2025-09-29 15:29:59,013 [INFO] PluginManager:220 - loadIPPluginJar : add dfsdm
2025-09-29 15:29:59,026 [INFO] IPUIPlugin:80 - create IPUIPlugin
2025-09-29 15:29:59,059 [INFO] PluginManager:220 - loadIPPluginJar : add usbx
2025-09-29 15:29:59,075 [INFO] IPUIPlugin:80 - create IPUIPlugin
2025-09-29 15:29:59,076 [INFO] PluginManager:220 - loadIPPluginJar : add fmc
2025-09-29 15:29:59,083 [INFO] IPUIPlugin:80 - create IPUIPlugin
2025-09-29 15:29:59,084 [INFO] PluginManager:220 - loadIPPluginJar : add touchsensing
2025-09-29 15:29:59,090 [INFO] IPUIPlugin:80 - create IPUIPlugin
2025-09-29 15:29:59,091 [INFO] PluginManager:220 - loadIPPluginJar : add usart
2025-09-29 15:29:59,099 [INFO] IPUIPlugin:80 - create IPUIPlugin
2025-09-29 15:29:59,099 [INFO] PluginManager:220 - loadIPPluginJar : add nvic
2025-09-29 15:29:59,104 [INFO] IPUIPlugin:80 - create IPUIPlugin
2025-09-29 15:29:59,104 [INFO] PluginManager:220 - loadIPPluginJar : add spi
2025-09-29 15:29:59,115 [INFO] IPUIPlugin:80 - create IPUIPlugin
2025-09-29 15:29:59,116 [INFO] PluginManager:220 - loadIPPluginJar : add adc
2025-09-29 15:29:59,121 [INFO] IPUIPlugin:80 - create IPUIPlugin
2025-09-29 15:29:59,122 [INFO] PluginManager:220 - loadIPPluginJar : add ipddr
2025-09-29 15:29:59,127 [INFO] IPUIPlugin:80 - create IPUIPlugin
2025-09-29 15:29:59,127 [INFO] PluginManager:220 - loadIPPluginJar : add cryp
2025-09-29 15:29:59,134 [INFO] IPUIPlugin:80 - create IPUIPlugin
2025-09-29 15:29:59,134 [INFO] PluginManager:220 - loadIPPluginJar : add sai
2025-09-29 15:29:59,138 [INFO] IPUIPlugin:80 - create IPUIPlugin
2025-09-29 15:29:59,139 [INFO] PluginManager:220 - loadIPPluginJar : add i2s
2025-09-29 15:29:59,142 [INFO] IPUIPlugin:80 - create IPUIPlugin
2025-09-29 15:29:59,142 [INFO] PluginManager:220 - loadIPPluginJar : add fatfs
2025-09-29 15:29:59,155 [INFO] IPUIPlugin:80 - create IPUIPlugin
2025-09-29 15:29:59,156 [INFO] PluginManager:220 - loadIPPluginJar : add dma
2025-09-29 15:29:59,163 [INFO] IPUIPlugin:80 - create IPUIPlugin
2025-09-29 15:29:59,164 [INFO] PluginManager:220 - loadIPPluginJar : add openamp
2025-09-29 15:29:59,169 [INFO] IPUIPlugin:80 - create IPUIPlugin
2025-09-29 15:29:59,169 [INFO] PluginManager:220 - loadIPPluginJar : add hash
2025-09-29 15:29:59,173 [INFO] IPUIPlugin:80 - create IPUIPlugin
2025-09-29 15:29:59,173 [INFO] PluginManager:220 - loadIPPluginJar : add tsc
2025-09-29 15:29:59,177 [INFO] IPUIPlugin:80 - create IPUIPlugin
2025-09-29 15:29:59,178 [INFO] PluginManager:220 - loadIPPluginJar : add ucpd
2025-09-29 15:29:59,181 [INFO] IPUIPlugin:80 - create IPUIPlugin
2025-09-29 15:29:59,182 [INFO] PluginManager:220 - loadIPPluginJar : add genericplugin
2025-09-29 15:29:59,187 [INFO] IPUIPlugin:80 - create IPUIPlugin
2025-09-29 15:29:59,187 [INFO] PluginManager:220 - loadIPPluginJar : add tim
2025-09-29 15:29:59,191 [INFO] IPUIPlugin:80 - create IPUIPlugin
2025-09-29 15:29:59,192 [INFO] PluginManager:220 - loadIPPluginJar : add dma3
2025-09-29 15:29:59,195 [INFO] IPUIPlugin:80 - create IPUIPlugin
2025-09-29 15:29:59,196 [INFO] PluginManager:220 - loadIPPluginJar : add ts
2025-09-29 15:29:59,203 [INFO] IPUIPlugin:80 - create IPUIPlugin
2025-09-29 15:29:59,204 [INFO] PluginManager:220 - loadIPPluginJar : add extmemmanager
2025-09-29 15:29:59,221 [INFO] IPUIPlugin:80 - create IPUIPlugin
2025-09-29 15:29:59,222 [INFO] PluginManager:220 - loadIPPluginJar : add gic
2025-09-29 15:29:59,227 [INFO] IPUIPlugin:80 - create IPUIPlugin
2025-09-29 15:29:59,227 [INFO] PluginManager:220 - loadIPPluginJar : add gtzc
2025-09-29 15:29:59,237 [INFO] IPUIPlugin:80 - create IPUIPlugin
2025-09-29 15:29:59,237 [INFO] PluginManager:220 - loadIPPluginJar : add stm32_wpan
2025-09-29 15:29:59,243 [INFO] IPUIPlugin:80 - create IPUIPlugin
2025-09-29 15:29:59,243 [INFO] PluginManager:220 - loadIPPluginJar : add resmgrutility
2025-09-29 15:29:59,247 [INFO] IPUIPlugin:80 - create IPUIPlugin
2025-09-29 15:29:59,247 [INFO] PluginManager:220 - loadIPPluginJar : add can
2025-09-29 15:29:59,259 [INFO] IPUIPlugin:80 - create IPUIPlugin
2025-09-29 15:29:59,264 [INFO] PluginManager:220 - loadIPPluginJar : add plateformsettings
2025-09-29 15:29:59,273 [INFO] IPUIPlugin:80 - create IPUIPlugin
2025-09-29 15:29:59,274 [INFO] PluginManager:220 - loadIPPluginJar : add freertos
2025-09-29 15:29:59,276 [INFO] IPUIPlugin:80 - create IPUIPlugin
2025-09-29 15:29:59,277 [INFO] PluginManager:220 - loadIPPluginJar : add tracer_emb
2025-09-29 15:29:59,279 [INFO] IPUIPlugin:80 - create IPUIPlugin
2025-09-29 15:29:59,282 [INFO] PluginManager:220 - loadIPPluginJar : add radio
2025-09-29 15:29:59,414 [FATAL] Updater:351 - Updater called before beeing initialized
2025-09-29 15:29:59,454 [INFO] RulesReader:64 - Compatibility file has been processed (317 Rules)
2025-09-29 15:29:59,473 [INFO] RulesReader:64 - Compatibility file has been processed (317 Rules)
2025-09-29 15:29:59,487 [INFO] CADModel:165 - CPN selected for project level
2025-09-29 15:29:59,488 [INFO] CADModel:114 - Register for checkConnection events
2025-09-29 15:29:59,488 [FATAL] Updater:351 - Updater called before beeing initialized
2025-09-29 15:29:59,488 [ERROR] CADModel:125 - Updater not yet initialized, retry later 
2025-09-29 15:29:59,707 [FATAL] Updater:351 - Updater called before beeing initialized
2025-09-29 15:29:59,710 [INFO] CADModel:165 - CPN selected for project level
2025-09-29 15:29:59,710 [INFO] CADModel:114 - Register for checkConnection events
2025-09-29 15:29:59,711 [FATAL] Updater:351 - Updater called before beeing initialized
2025-09-29 15:29:59,711 [ERROR] CADModel:125 - Updater not yet initialized, retry later 
2025-09-29 15:29:59,717 [FATAL] Updater:351 - Updater called before beeing initialized
2025-09-29 15:29:59,949 [FATAL] Updater:351 - Updater called before beeing initialized
2025-09-29 15:29:59,955 [INFO] DbMcusAds:53 - JSON generation date=Tue Jul 08 10:14:23 CEST 2025 (1751962463524)
2025-09-29 15:29:59,955 [FATAL] Updater:351 - Updater called before beeing initialized
2025-09-29 15:30:00,000 [WARN] DetailPanel:346 - Failed to get advertising image, set to default
2025-09-29 15:30:00,097 [FATAL] Updater:351 - Updater called before beeing initialized
2025-09-29 15:30:00,099 [FATAL] Updater:351 - Updater called before beeing initialized
2025-09-29 15:30:00,099 [FATAL] Updater:351 - Updater called before beeing initialized
2025-09-29 15:30:00,099 [WARN] DetailPanel:346 - Failed to get advertising image, set to default
2025-09-29 15:30:00,101 [FATAL] Updater:351 - Updater called before beeing initialized
2025-09-29 15:30:00,167 [ERROR] Updater:1198 - MainUpdater not yet initialized. External WinMGr cannot be set.
2025-09-29 15:30:00,170 [INFO] Updater:1134 - Updater Version found : 6.15.0
2025-09-29 15:30:00,191 [INFO] ApplicationProperties:184 - Using Application install path: /opt/st/stm32cubeide_1.19.0/plugins/com.st.stm32cube.common.mx_6.15.0.202507011659
2025-09-29 15:30:00,429 [INFO] ThirdPartyUpdaterWithRetryManager:70 - Updater plugin not ready yet. [2/15]
2025-09-29 15:30:00,550 [INFO] MainUpdater:2872 - connection check result : 10
2025-09-29 15:30:00,551 [INFO] MainUpdater:289 - Updater Check For Update Now.
2025-09-29 15:30:00,551 [INFO] MicroXplorer:498 - Change Database Version : DB.6.0.150
2025-09-29 15:30:00,556 [INFO] McuFinderGlobals:63 - Set McuFinder mode to 2 (CubeIDE integrated)
2025-09-29 15:30:00,558 [INFO] UserAuth:487 - Internet connection configuration mode: 1
2025-09-29 15:30:00,600 [INFO] JxBrowserEngine:152 - Initiate JxBrowser Engine with user profile folder
2025-09-29 15:30:00,830 [INFO] CheckServerUpdateThread:120 - End of CheckServer Thread
2025-09-29 15:30:01,956 [INFO] WebApp:169 - Instantiating new browser for Auth
2025-09-29 15:30:02,997 [INFO] WebApp:463 - Apply proxy settings
2025-09-29 15:30:02,998 [INFO] WebApp:548 - Chromium requires no authentication
2025-09-29 15:30:03,007 [INFO] WebApp:491 - Direct internet connection detected
2025-09-29 15:30:03,036 [INFO] WebApp:900 - Register for checkConnection events
2025-09-29 15:30:03,036 [INFO] WebApp:463 - Apply proxy settings
2025-09-29 15:30:03,036 [INFO] WebApp:548 - Chromium requires no authentication
2025-09-29 15:30:03,037 [INFO] WebApp:491 - Direct internet connection detected
2025-09-29 15:30:03,281 [INFO] WebApp:191 - Connection restablished
2025-09-29 15:30:03,371 [INFO] WebApp:225 - Starting web application
2025-09-29 15:30:03,371 [INFO] WebApp:593 - Web application path used /opt/st/stm32cubeide_1.19.0/plugins/com.st.stm32cube.common.mx_6.15.0.202507011659/db/plugins/mcufinder/reactClient1/index.html
2025-09-29 15:30:03,607 [INFO] UserAuth:487 - Internet connection configuration mode: 1
2025-09-29 15:30:03,789 [WARN] PackLoader:240 - Cannot read IP mode file for STMicroelectronics.FP-SNS-MOTENVWB1.1.4.0
2025-09-29 15:30:03,802 [WARN] PackLoader:240 - Cannot read IP mode file for STMicroelectronics.FP-ATR-ASTRA1.2.0.2
2025-09-29 15:30:03,816 [WARN] PackLoader:240 - Cannot read IP mode file for STMicroelectronics.X-CUBE-SMBUS.2.1.0
2025-09-29 15:30:03,837 [WARN] PackLoader:240 - Cannot read IP mode file for STMicroelectronics.X-CUBE-WB05N.1.1.0
2025-09-29 15:30:03,855 [WARN] PackLoader:240 - Cannot read IP mode file for STMicroelectronics.X-CUBE-ST60.1.0.0
2025-09-29 15:30:03,930 [WARN] PackLoader:240 - Cannot read IP mode file for STMicroelectronics.X-CUBE-AZRTOS-F7.1.1.0
2025-09-29 15:30:03,947 [WARN] PackLoader:240 - Cannot read IP mode file for STMicroelectronics.FP-SNS-FLIGHT1.5.0.2
2025-09-29 15:30:04,004 [WARN] PackLoader:240 - Cannot read IP mode file for Infineon.AIROC-Wi-Fi-Bluetooth-STM32.1.7.0
2025-09-29 15:30:04,070 [WARN] PackLoader:240 - Cannot read IP mode file for STMicroelectronics.X-CUBE-AZRTOS-H7.3.4.0
2025-09-29 15:30:04,096 [WARN] PackLoader:240 - Cannot read IP mode file for STMicroelectronics.X-CUBE-DISPLAY.3.0.0
2025-09-29 15:30:04,152 [WARN] PackLoader:240 - Cannot read IP mode file for STMicroelectronics.X-CUBE-NFC10.1.0.0
2025-09-29 15:30:04,198 [WARN] PackLoader:240 - Cannot read IP mode file for STMicroelectronics.X-CUBE-BLEMGR.4.0.0
2025-09-29 15:30:04,220 [WARN] PackLoader:240 - Cannot read IP mode file for emotas.I-CUBE-CANOPEN.1.3.0
2025-09-29 15:30:04,225 [WARN] ConditionMgr:438 - getConditionDescription Invalid condition id : Cortex-A Device cause : null
2025-09-29 15:30:04,248 [WARN] ConditionMgr:1044 - genDependencies : Invalid condition id : Cortex-A Device cause : null
2025-09-29 15:30:04,248 [WARN] ConditionMgr:1044 - genDependencies : Invalid condition id : Cortex-A Device cause : null
2025-09-29 15:30:04,249 [WARN] ConditionMgr:1044 - genDependencies : Invalid condition id : Cortex-A Device cause : null
2025-09-29 15:30:04,256 [WARN] PackLoader:240 - Cannot read IP mode file for STMicroelectronics.X-CUBE-AI.10.0.0
2025-09-29 15:30:04,271 [WARN] PackLoader:240 - Cannot read IP mode file for STMicroelectronics.FP-SNS-STBOX1.2.1.0
2025-09-29 15:30:04,280 [WARN] PackLoader:240 - Cannot read IP mode file for STMicroelectronics.FP-SNS-SMARTAG2.1.2.0
2025-09-29 15:30:04,285 [WARN] PackLoader:240 - Cannot read IP mode file for STMicroelectronics.FP-SNS-FLIGHT1.5.1.0
2025-09-29 15:30:04,389 [WARN] PackLoader:240 - Cannot read IP mode file for STMicroelectronics.X-CUBE-MEMS1.11.1.0
2025-09-29 15:30:05,013 [INFO] LogOutputStream:77 - [STDOUT_REDIRECT] 1 : Invalid condition id : UX_CORESTACK_Condition cause : null
2025-09-29 15:30:05,016 [INFO] LogOutputStream:77 - [STDOUT_REDIRECT] 1 : Invalid condition id : UX_CORESTACK_Condition cause : null
2025-09-29 15:30:05,017 [INFO] LogOutputStream:77 - [STDOUT_REDIRECT] 1 : Invalid condition id : UX_CORESTACK_Condition cause : null
2025-09-29 15:30:05,018 [INFO] LogOutputStream:77 - [STDOUT_REDIRECT] 1 : Invalid condition id : UX_CORESTACK_Condition cause : null
2025-09-29 15:30:05,019 [INFO] LogOutputStream:77 - [STDOUT_REDIRECT] 1 : Invalid condition id : UX_CORESTACK_Condition cause : null
2025-09-29 15:30:05,040 [WARN] PackLoader:240 - Cannot read IP mode file for STMicroelectronics.X-CUBE-AZRTOS-WL.2.0.0
2025-09-29 15:30:05,055 [WARN] PackLoader:240 - Cannot read IP mode file for STMicroelectronics.FP-SNS-MOTENV1.5.0.0
2025-09-29 15:30:05,088 [WARN] PackLoader:240 - Cannot read IP mode file for WES.I-CUBE-Cesium.1.3.0
2025-09-29 15:30:05,111 [WARN] PackLoader:240 - Cannot read IP mode file for STMicroelectronics.X-CUBE-BLE2.3.3.0
2025-09-29 15:30:05,141 [WARN] PackLoader:240 - Cannot read IP mode file for STMicroelectronics.X-CUBE-NFC9.1.0.0
2025-09-29 15:30:05,156 [WARN] PackLoader:240 - Cannot read IP mode file for STMicroelectronics.X-CUBE-BLE1.7.1.0
2025-09-29 15:30:05,170 [WARN] PackLoader:240 - Cannot read IP mode file for wolfSSL.I-CUBE-wolfMQTT.1.19.2
2025-09-29 15:30:05,181 [WARN] PackLoader:240 - Cannot read IP mode file for STMicroelectronics.X-CUBE-EEPRMA1.5.2.0
2025-09-29 15:30:05,222 [WARN] PackLoader:240 - Cannot read IP mode file for STMicroelectronics.X-CUBE-AI.10.1.0
2025-09-29 15:30:05,308 [WARN] PackLoader:240 - Cannot read IP mode file for STMicroelectronics.X-CUBE-AZRTOS-G0.1.1.0
2025-09-29 15:30:05,324 [WARN] PackLoader:240 - Cannot read IP mode file for STMicroelectronics.X-CUBE-SAFEA1.1.2.2
2025-09-29 15:30:05,337 [WARN] PackLoader:240 - Cannot read IP mode file for STMicroelectronics.X-CUBE-NFC4.3.0.0
2025-09-29 15:30:05,356 [WARN] PackLoader:240 - Cannot read IP mode file for EmbeddedOffice.I-CUBE-FS-RTOS.1.0.1
2025-09-29 15:30:05,366 [WARN] PackLoader:240 - Cannot read IP mode file for STMicroelectronics.X-CUBE-WB05N.2.0.0
2025-09-29 15:30:05,412 [WARN] PackLoader:240 - Cannot read IP mode file for wolfSSL.I-CUBE-wolfTPM.3.8.0
2025-09-29 15:30:05,428 [WARN] PackLoader:240 - Cannot read IP mode file for STMicroelectronics.X-CUBE-TCPP.4.2.0
2025-09-29 15:30:05,443 [WARN] PackLoader:240 - Cannot read IP mode file for RealThread.X-CUBE-RT-Thread_Nano.4.1.1
2025-09-29 15:30:05,456 [WARN] PackLoader:240 - Cannot read IP mode file for STMicroelectronics.FP-ATR-SIGFOX1.3.2.0
2025-09-29 15:30:05,467 [WARN] PackLoader:240 - Cannot read IP mode file for STMicroelectronics.X-CUBE-EEPRMA1.5.1.0
2025-09-29 15:30:05,478 [WARN] PackLoader:240 - Cannot read IP mode file for wolfSSL.I-CUBE-wolfSSL.5.7.6
2025-09-29 15:30:05,488 [WARN] PackLoader:240 - Cannot read IP mode file for ITTIA_DB.I-CUBE-ITTIADB.8.9.0
2025-09-29 15:30:05,500 [WARN] PackLoader:240 - Cannot read IP mode file for STMicroelectronics.X-CUBE-ST67W61.1.0.0
2025-09-29 15:30:05,513 [WARN] PackLoader:240 - Cannot read IP mode file for STMicroelectronics.X-CUBE-AI.10.2.0
2025-09-29 15:30:05,591 [WARN] PackLoader:240 - Cannot read IP mode file for SEGGER.I-CUBE-embOS.1.3.1
2025-09-29 15:30:05,712 [WARN] PackLoader:240 - Cannot read IP mode file for STMicroelectronics.X-CUBE-ALGOBUILD.1.4.0
2025-09-29 15:30:05,806 [WARN] PackLoader:240 - Cannot read IP mode file for STMicroelectronics.X-CUBE-MEMS1.11.3.0
2025-09-29 15:30:06,051 [WARN] PackLoader:240 - Cannot read IP mode file for STMicroelectronics.X-CUBE-PM33A1.1.0.0
2025-09-29 15:30:06,078 [WARN] PackLoader:240 - Cannot read IP mode file for STMicroelectronics.X-CUBE-AZRTOS-F4.1.1.0
2025-09-29 15:30:06,087 [WARN] PackLoader:240 - Cannot read IP mode file for Avnet-IotConnect.X-CUBE-IoTC-DA16k-PMOD.1.0.0
2025-09-29 15:30:06,092 [WARN] PackLoader:240 - Cannot read IP mode file for STMicroelectronics.X-CUBE-ISPU.2.1.0
2025-09-29 15:30:06,104 [WARN] PackLoader:240 - Cannot read IP mode file for STMicroelectronics.X-CUBE-NFC12.1.0.0
2025-09-29 15:30:06,146 [WARN] PackLoader:240 - Cannot read IP mode file for STMicroelectronics.X-CUBE-AZRTOS-L5.2.0.0
2025-09-29 15:30:06,164 [WARN] PackLoader:240 - Cannot read IP mode file for STMicroelectronics.X-CUBE-NFC6.3.1.0
2025-09-29 15:30:06,174 [WARN] PackLoader:240 - Cannot read IP mode file for STMicroelectronics.X-CUBE-DPower.1.2.0
2025-09-29 15:30:06,182 [WARN] PackLoader:240 - Cannot read IP mode file for STMicroelectronics.X-CUBE-FREERTOS.1.3.1
2025-09-29 15:30:06,189 [WARN] PackLoader:240 - Cannot read IP mode file for STMicroelectronics.X-CUBE-FREERTOS.1.3.0
2025-09-29 15:30:06,198 [WARN] PackLoader:240 - Cannot read IP mode file for STMicroelectronics.X-CUBE-NFC7.1.0.1
2025-09-29 15:30:06,209 [WARN] PackLoader:240 - Cannot read IP mode file for STMicroelectronics.FP-SNS-STAIOTCFT.1.0.0
2025-09-29 15:30:06,217 [WARN] PackLoader:240 - Cannot read IP mode file for STMicroelectronics.X-CUBE-DPower.1.3.0
2025-09-29 15:30:06,251 [WARN] ConditionMgr:438 - getConditionDescription Invalid condition id : LAN8742 Phy interface Condition cause : null
2025-09-29 15:30:06,252 [WARN] PackLoader:240 - Cannot read IP mode file for STMicroelectronics.X-CUBE-AZRTOS-L4.2.0.0
2025-09-29 15:30:06,254 [WARN] ConditionMgr:1044 - genDependencies : Invalid condition id : LAN8742 Phy interface Condition cause : null
2025-09-29 15:30:06,255 [WARN] ConditionMgr:1044 - genDependencies : Invalid condition id : LAN8742 Phy interface Condition cause : null
2025-09-29 15:30:06,256 [WARN] ConditionMgr:1044 - genDependencies : Invalid condition id : LAN8742 Phy interface Condition cause : null
2025-09-29 15:30:06,268 [WARN] PackLoader:240 - Cannot read IP mode file for STMicroelectronics.X-CUBE-SFXS2LP1.4.0.0
2025-09-29 15:30:06,301 [WARN] PackLoader:240 - Cannot read IP mode file for STMicroelectronics.X-CUBE-AZRTOS-H7.3.3.0
2025-09-29 15:30:06,321 [WARN] PackLoader:240 - Cannot read IP mode file for STMicroelectronics.X-CUBE-BLEMGR.4.1.0
2025-09-29 15:30:06,344 [WARN] ConditionMgr:438 - getConditionDescription Invalid condition id : UX DEVICE CLASS RTOS Condition cause : null
2025-09-29 15:30:06,345 [WARN] ConditionMgr:438 - getConditionDescription Invalid condition id : UX DEVICE CLASS RTOS Condition cause : null
2025-09-29 15:30:06,349 [WARN] PackLoader:240 - Cannot read IP mode file for STMicroelectronics.X-CUBE-AZRTOS-WB.2.0.0
2025-09-29 15:30:06,350 [WARN] ConditionMgr:1044 - genDependencies : Invalid condition id : UX DEVICE CLASS RTOS Condition cause : null
2025-09-29 15:30:06,351 [WARN] ConditionMgr:1044 - genDependencies : Invalid condition id : UX DEVICE CLASS RTOS Condition cause : null
2025-09-29 15:30:06,351 [WARN] ConditionMgr:1044 - genDependencies : Invalid condition id : UX DEVICE CLASS RTOS Condition cause : null
2025-09-29 15:30:06,352 [WARN] ConditionMgr:1044 - genDependencies : Invalid condition id : UX DEVICE CLASS RTOS Condition cause : null
2025-09-29 15:30:06,353 [WARN] ConditionMgr:1044 - genDependencies : Invalid condition id : UX DEVICE CLASS RTOS Condition cause : null
2025-09-29 15:30:06,360 [WARN] PackLoader:240 - Cannot read IP mode file for STMicroelectronics.X-CUBE-GNSS1.7.0.1
2025-09-29 15:30:06,366 [WARN] PackLoader:240 - Cannot read IP mode file for STMicroelectronics.X-CUBE-TOUCHGFX.4.25.0
2025-09-29 15:30:06,373 [WARN] PackLoader:240 - Cannot read IP mode file for STMicroelectronics.FP-SNS-STBOX1.2.0.0
2025-09-29 15:30:06,390 [WARN] PackLoader:240 - Cannot read IP mode file for STMicroelectronics.X-CUBE-SUBG2.5.0.0
2025-09-29 15:30:06,418 [WARN] PackLoader:240 - Cannot read IP mode file for STMicroelectronics.X-CUBE-AZRTOS-H7RS.1.1.0
2025-09-29 15:30:06,425 [WARN] PackLoader:240 - Cannot read IP mode file for Cesanta.I-CUBE-Mongoose.7.13.0
2025-09-29 15:30:06,442 [WARN] PackLoader:240 - Cannot read IP mode file for STMicroelectronics.X-CUBE-AZRTOS-G4.2.0.0
2025-09-29 15:30:06,450 [WARN] PackLoader:240 - Cannot read IP mode file for wolfSSL.I-CUBE-wolfSSH.1.4.20
2025-09-29 15:30:06,457 [WARN] PackLoader:240 - Cannot read IP mode file for STMicroelectronics.X-CUBE-NFC7.2.0.0
2025-09-29 15:30:06,481 [WARN] PackLoader:240 - Cannot read IP mode file for STMicroelectronics.X-CUBE-IPS.3.1.0
2025-09-29 15:30:06,511 [WARN] PackLoader:240 - Cannot read IP mode file for STMicroelectronics.X-CUBE-ALS.1.0.2
2025-09-29 15:30:06,522 [WARN] PackLoader:240 - Cannot read IP mode file for STMicroelectronics.X-CUBE-STSE01.1.0.0
2025-09-29 15:30:06,530 [WARN] PackLoader:240 - Cannot read IP mode file for portGmbH.I-Cube-SoM-uGOAL.1.1.0
2025-09-29 15:30:06,563 [WARN] PackLoader:240 - Cannot read IP mode file for STMicroelectronics.X-CUBE-AZRTOS-H7RS.1.0.0
2025-09-29 15:30:06,587 [WARN] PackLoader:240 - Cannot read IP mode file for STMicroelectronics.X-CUBE-TOF1.3.4.2
2025-09-29 15:30:06,626 [WARN] PackLoader:240 - Cannot read IP mode file for STMicroelectronics.X-CUBE-TOF1.3.4.3
2025-09-29 15:30:06,670 [INFO] ThirdParty:978 - Integrity check success = true
2025-09-29 15:30:06,670 [INFO] IntegrityCheckThread:100 - exiting critical section [integrity check]
2025-09-29 15:30:06,671 [INFO] IntegrityCheckThread:103 - End integrity checks thread
2025-09-29 15:47:54,250 [ERROR] LogOutputStream:75 - [STDERR_REDIRECT] 
