2025-09-02 11:08:10,921 [INFO] Activator:176 - 


2025-09-02 11:08:10,931 [INFO] Activator:177 - !SESSION log4j initialized
2025-09-02 11:08:20,434 [INFO] LogOutputStream:77 - [STDOUT_REDIRECT] 
2025-09-02 11:08:22,034 [INFO] ApplicationProperties:184 - Using Application install path: /opt/st/stm32cubeide_1.19.0/plugins/com.st.stm32cube.common.mx_6.15.0.202507011659
2025-09-02 11:08:22,080 [INFO] DbMcusXml:78 - Set database path to: /opt/st/stm32cubeide_1.19.0/plugins/com.st.stm32cube.common.mx_6.15.0.202507011659//db//mcu/
2025-09-02 11:08:22,081 [INFO] ApiDb:274 - Set plugin database path to: /opt/st/stm32cubeide_1.19.0/plugins/com.st.stm32cube.common.mx_6.15.0.202507011659//db//plugins/boardmanager/
2025-09-02 11:08:22,082 [WARN] ApiDb:259 - Overriding images path with different value:  => /opt/st/stm32cubeide_1.19.0/plugins/com.st.stm32cube.common.mx_6.15.0.202507011659//db//plugins/mcufinder/images/
2025-09-02 11:08:22,101 [INFO] ApiDb:250 - Set database path to: /home/ernst/.stmcufinder/plugins/mcufinder//mcu/
2025-09-02 11:08:22,105 [INFO] DbMcusAds:125 - Set database path to: /home/ernst/.stmcufinder/plugins/mcufinder//mcu/
2025-09-02 11:08:22,111 [INFO] CrossReferenceDbSqlite:203 - Set database path to: /home/ernst/.stmcufinder/plugins/mcufinder//mcu/cs/
2025-09-02 11:08:22,426 [INFO] RulesReader:64 - Compatibility file has been processed (317 Rules)
2025-09-02 11:08:22,607 [INFO] DbMcusXml:78 - Set database path to: /opt/st/stm32cubeide_1.19.0/plugins/com.st.stm32cube.common.mx_6.15.0.202507011659//db//mcu/
2025-09-02 11:08:22,607 [INFO] ApiDb:274 - Set plugin database path to: /opt/st/stm32cubeide_1.19.0/plugins/com.st.stm32cube.common.mx_6.15.0.202507011659//db//plugins/boardmanager/
2025-09-02 11:08:22,608 [INFO] ApiDb:261 - Set plugin images path to: /opt/st/stm32cubeide_1.19.0/plugins/com.st.stm32cube.common.mx_6.15.0.202507011659//db//plugins/mcufinder/images/
2025-09-02 11:08:22,608 [WARN] DbFile:41 - Overriding database path with different value: /home/ernst/.stmcufinder/plugins/mcufinder/ => /home/ernst/.stmcufinder/plugins/mcufinder
2025-09-02 11:08:22,609 [INFO] ApiDb:250 - Set database path to: /home/ernst/.stmcufinder/plugins/mcufinder//mcu/
2025-09-02 11:08:22,609 [WARN] DbFile:41 - Overriding database path with different value: /home/ernst/.stmcufinder/plugins/mcufinder/ => /home/ernst/.stmcufinder/plugins/mcufinder
2025-09-02 11:08:22,609 [INFO] DbMcusAds:125 - Set database path to: /home/ernst/.stmcufinder/plugins/mcufinder//mcu/
2025-09-02 11:08:22,609 [WARN] DbFile:41 - Overriding database path with different value: /home/ernst/.stmcufinder/plugins/mcufinder/ => /home/ernst/.stmcufinder/plugins/mcufinder
2025-09-02 11:08:22,610 [WARN] DbFile:41 - Overriding database path with different value: /home/ernst/.stmcufinder/plugins/mcufinder/ => /home/ernst/.stmcufinder/plugins/mcufinder
2025-09-02 11:08:22,610 [INFO] CrossReferenceDbSqlite:203 - Set database path to: /home/ernst/.stmcufinder/plugins/mcufinder//mcu/cs/
2025-09-02 11:08:22,826 [INFO] MainPanel:274 - HeapMemory: 268435456
2025-09-02 11:08:23,231 [INFO] DbMcusXml:78 - Set database path to: /opt/st/stm32cubeide_1.19.0/plugins/com.st.stm32cube.common.mx_6.15.0.202507011659//db//mcu/
2025-09-02 11:08:23,231 [INFO] ApiDb:274 - Set plugin database path to: /opt/st/stm32cubeide_1.19.0/plugins/com.st.stm32cube.common.mx_6.15.0.202507011659//db//plugins/boardmanager/
2025-09-02 11:08:23,232 [INFO] ApiDb:261 - Set plugin images path to: /opt/st/stm32cubeide_1.19.0/plugins/com.st.stm32cube.common.mx_6.15.0.202507011659//db//plugins/mcufinder/images/
2025-09-02 11:08:23,233 [WARN] DbFile:41 - Overriding database path with different value: /home/ernst/.stmcufinder/plugins/mcufinder/ => /home/ernst/.stmcufinder/plugins/mcufinder
2025-09-02 11:08:23,233 [INFO] ApiDb:250 - Set database path to: /home/ernst/.stmcufinder/plugins/mcufinder//mcu/
2025-09-02 11:08:23,233 [WARN] DbFile:41 - Overriding database path with different value: /home/ernst/.stmcufinder/plugins/mcufinder/ => /home/ernst/.stmcufinder/plugins/mcufinder
2025-09-02 11:08:23,234 [INFO] DbMcusAds:125 - Set database path to: /home/ernst/.stmcufinder/plugins/mcufinder//mcu/
2025-09-02 11:08:23,234 [WARN] DbFile:41 - Overriding database path with different value: /home/ernst/.stmcufinder/plugins/mcufinder/ => /home/ernst/.stmcufinder/plugins/mcufinder
2025-09-02 11:08:23,235 [WARN] DbFile:41 - Overriding database path with different value: /home/ernst/.stmcufinder/plugins/mcufinder/ => /home/ernst/.stmcufinder/plugins/mcufinder
2025-09-02 11:08:23,235 [INFO] CrossReferenceDbSqlite:203 - Set database path to: /home/ernst/.stmcufinder/plugins/mcufinder//mcu/cs/
2025-09-02 11:08:23,288 [INFO] ApplicationProperties:184 - Using Application install path: /opt/st/stm32cubeide_1.19.0/plugins/com.st.stm32cube.common.mx_6.15.0.202507011659
2025-09-02 11:08:23,294 [INFO] PluginManage:196 - Search for loadable plugins [exclusion list=, ]
2025-09-02 11:08:23,297 [INFO] PluginManage:310 - Check plugin analytics
2025-09-02 11:08:23,840 [INFO] AnalyticsPlugin:253 - Accepted Software Licenses: 
2025-09-02 11:08:23,841 [INFO] AnalyticsPlugin:255 - Accepted CMSIS Pack Licenses: 
2025-09-02 11:08:23,842 [INFO] AnalyticsPlugin:257 - Accepted Firmware Licenses: FW.L4.1.18.0
2025-09-02 11:08:23,850 [INFO] PluginManage:359 - Loaded plugin analytics (category:tool,tabindex:-1)
2025-09-02 11:08:23,851 [INFO] PluginManage:310 - Check plugin cadmodel
2025-09-02 11:08:23,866 [INFO] CADModel:105 - Init CAD model plugin
2025-09-02 11:08:23,866 [INFO] PluginManage:359 - Loaded plugin cadmodel (category:power,tabindex:5)
2025-09-02 11:08:23,867 [INFO] PluginManage:310 - Check plugin clock
2025-09-02 11:08:23,899 [INFO] PluginManage:359 - Loaded plugin clock (category:base,tabindex:2)
2025-09-02 11:08:23,900 [INFO] PluginManage:310 - Check plugin ddr
2025-09-02 11:08:23,906 [INFO] PluginManage:359 - Loaded plugin ddr (category:tool,tabindex:6)
2025-09-02 11:08:23,907 [INFO] PluginManage:310 - Check plugin filemanager
2025-09-02 11:08:24,323 [INFO] PluginManage:359 - Loaded plugin filemanager (category:base,tabindex:10)
2025-09-02 11:08:24,324 [INFO] PluginManage:310 - Check plugin ipmanager
2025-09-02 11:08:24,336 [INFO] PluginManage:359 - Loaded plugin ipmanager (category:base,tabindex:5)
2025-09-02 11:08:24,337 [INFO] PluginManage:310 - Check plugin lpbam
2025-09-02 11:08:24,364 [INFO] PluginManage:359 - Loaded plugin lpbam (category:base,tabindex:0)
2025-09-02 11:08:24,364 [INFO] PluginManage:310 - Check plugin memorymap
2025-09-02 11:08:24,395 [INFO] PluginManage:359 - Loaded plugin memorymap (category:base,tabindex:4)
2025-09-02 11:08:24,396 [INFO] PluginManage:310 - Check plugin pinoutandconfiguration
2025-09-02 11:08:24,420 [INFO] PluginManage:359 - Loaded plugin pinoutandconfiguration (category:base,tabindex:1)
2025-09-02 11:08:24,420 [INFO] PluginManage:310 - Check plugin pinoutconfig
2025-09-02 11:08:24,605 [WARN] SupportedApi:132 - Cannot load RTOS API schema: s4s-elt-must-match.1: The content of 'definitions' must match (annotation?, (simpleType | complexType)?, (unique | key | keyref)*)). A problem was found starting at: attribute.
2025-09-02 11:08:24,882 [INFO] PluginManage:359 - Loaded plugin pinoutconfig (category:base,tabindex:0)
2025-09-02 11:08:24,882 [INFO] PluginManage:310 - Check plugin power
2025-09-02 11:08:24,908 [INFO] PluginManage:359 - Loaded plugin power (category:power,tabindex:4)
2025-09-02 11:08:24,909 [INFO] PluginManage:310 - Check plugin projectmanager
2025-09-02 11:08:24,947 [INFO] PluginManage:359 - Loaded plugin projectmanager (category:projectmanager,tabindex:4)
2025-09-02 11:08:24,947 [INFO] PluginManage:310 - Check plugin rif
2025-09-02 11:08:24,970 [INFO] PluginManage:359 - Loaded plugin rif (category:base,tabindex:3)
2025-09-02 11:08:24,971 [INFO] PluginManage:310 - Check plugin thirdparty
2025-09-02 11:08:25,311 [INFO] PluginManage:359 - Loaded plugin thirdparty (category:base,tabindex:-1)
2025-09-02 11:08:25,311 [WARN] IntegrityCheckThread:84 - waiting for thirdparty lock release [integrity check]
2025-09-02 11:08:25,312 [INFO] IntegrityCheckThread:86 - entering critical section [integrity check]
2025-09-02 11:08:25,312 [INFO] PluginManage:310 - Check plugin tools
2025-09-02 11:08:25,313 [INFO] ThirdPartyUpdaterWithRetryManager:70 - Updater plugin not ready yet. [1/15]
2025-09-02 11:08:25,317 [INFO] PluginManage:359 - Loaded plugin tools (category:base,tabindex:7)
2025-09-02 11:08:25,317 [INFO] PluginManage:310 - Check plugin tutovideos
2025-09-02 11:08:25,827 [INFO] PluginManage:359 - Loaded plugin tutovideos (category:base,tabindex:-1)
2025-09-02 11:08:25,827 [INFO] PluginManage:310 - Check plugin updater
2025-09-02 11:08:25,873 [INFO] PluginManage:359 - Loaded plugin updater (category:base,tabindex:12)
2025-09-02 11:08:25,874 [INFO] PluginManage:310 - Check plugin userauth
2025-09-02 11:08:25,882 [INFO] UserAuth:118 - Init User Auth plugin
2025-09-02 11:08:25,884 [INFO] PluginManage:359 - Loaded plugin userauth (category:base,tabindex:14)
2025-09-02 11:08:25,886 [INFO] PluginManage:283 - PluginManage : Loaded plugins [18]
2025-09-02 11:08:26,303 [INFO] PinOutPanel:1589 - setPackage(No Configuration,No Configuration)
2025-09-02 11:08:26,438 [INFO] CADModel:165 - CPN selected for project level
2025-09-02 11:08:26,438 [INFO] CADModel:114 - Register for checkConnection events
2025-09-02 11:08:26,463 [INFO] IPUIPlugin:80 - create IPUIPlugin
2025-09-02 11:08:26,464 [INFO] PluginManager:220 - loadIPPluginJar : add gpio
2025-09-02 11:08:26,472 [INFO] IPUIPlugin:80 - create IPUIPlugin
2025-09-02 11:08:26,472 [INFO] PluginManager:220 - loadIPPluginJar : add ltdc
2025-09-02 11:08:26,483 [INFO] IPUIPlugin:80 - create IPUIPlugin
2025-09-02 11:08:26,483 [INFO] PluginManager:220 - loadIPPluginJar : add lorawan
2025-09-02 11:08:26,497 [INFO] IPUIPlugin:80 - create IPUIPlugin
2025-09-02 11:08:26,498 [INFO] PluginManager:220 - loadIPPluginJar : add mdma
2025-09-02 11:08:26,502 [INFO] IPUIPlugin:80 - create IPUIPlugin
2025-09-02 11:08:26,502 [INFO] PluginManager:220 - loadIPPluginJar : add comp
2025-09-02 11:08:26,508 [INFO] IPUIPlugin:80 - create IPUIPlugin
2025-09-02 11:08:26,508 [INFO] PluginManager:220 - loadIPPluginJar : add gfxmmu
2025-09-02 11:08:26,514 [INFO] IPUIPlugin:80 - create IPUIPlugin
2025-09-02 11:08:26,514 [INFO] PluginManager:220 - loadIPPluginJar : add i2c
2025-09-02 11:08:26,522 [INFO] IPUIPlugin:80 - create IPUIPlugin
2025-09-02 11:08:26,522 [INFO] PluginManager:220 - loadIPPluginJar : add ddr_ctrl_phy
2025-09-02 11:08:26,529 [INFO] IPUIPlugin:80 - create IPUIPlugin
2025-09-02 11:08:26,529 [INFO] PluginManager:220 - loadIPPluginJar : add pdm2pcm
2025-09-02 11:08:26,535 [INFO] IPUIPlugin:80 - create IPUIPlugin
2025-09-02 11:08:26,535 [INFO] PluginManager:220 - loadIPPluginJar : add i3c
2025-09-02 11:08:26,544 [INFO] IPUIPlugin:80 - create IPUIPlugin
2025-09-02 11:08:26,544 [INFO] PluginManager:220 - loadIPPluginJar : add opamp
2025-09-02 11:08:26,556 [INFO] IPUIPlugin:80 - create IPUIPlugin
2025-09-02 11:08:26,557 [INFO] PluginManager:220 - loadIPPluginJar : add linkedlist
2025-09-02 11:08:26,560 [INFO] IPUIPlugin:80 - create IPUIPlugin
2025-09-02 11:08:26,560 [INFO] PluginManager:220 - loadIPPluginJar : add quadspi
2025-09-02 11:08:26,565 [INFO] IPUIPlugin:80 - create IPUIPlugin
2025-09-02 11:08:26,565 [INFO] PluginManager:220 - loadIPPluginJar : add aes
2025-09-02 11:08:26,570 [INFO] IPUIPlugin:80 - create IPUIPlugin
2025-09-02 11:08:26,570 [INFO] PluginManager:220 - loadIPPluginJar : add dfsdm
2025-09-02 11:08:26,576 [INFO] IPUIPlugin:80 - create IPUIPlugin
2025-09-02 11:08:26,577 [INFO] PluginManager:220 - loadIPPluginJar : add usbx
2025-09-02 11:08:26,586 [INFO] IPUIPlugin:80 - create IPUIPlugin
2025-09-02 11:08:26,586 [INFO] PluginManager:220 - loadIPPluginJar : add fmc
2025-09-02 11:08:26,593 [INFO] IPUIPlugin:80 - create IPUIPlugin
2025-09-02 11:08:26,593 [INFO] PluginManager:220 - loadIPPluginJar : add touchsensing
2025-09-02 11:08:26,599 [INFO] IPUIPlugin:80 - create IPUIPlugin
2025-09-02 11:08:26,599 [INFO] PluginManager:220 - loadIPPluginJar : add usart
2025-09-02 11:08:26,608 [INFO] IPUIPlugin:80 - create IPUIPlugin
2025-09-02 11:08:26,609 [INFO] PluginManager:220 - loadIPPluginJar : add nvic
2025-09-02 11:08:26,615 [INFO] IPUIPlugin:80 - create IPUIPlugin
2025-09-02 11:08:26,615 [INFO] PluginManager:220 - loadIPPluginJar : add spi
2025-09-02 11:08:26,633 [INFO] IPUIPlugin:80 - create IPUIPlugin
2025-09-02 11:08:26,634 [INFO] PluginManager:220 - loadIPPluginJar : add adc
2025-09-02 11:08:26,643 [INFO] IPUIPlugin:80 - create IPUIPlugin
2025-09-02 11:08:26,643 [INFO] PluginManager:220 - loadIPPluginJar : add ipddr
2025-09-02 11:08:26,650 [INFO] IPUIPlugin:80 - create IPUIPlugin
2025-09-02 11:08:26,651 [INFO] PluginManager:220 - loadIPPluginJar : add cryp
2025-09-02 11:08:26,661 [INFO] IPUIPlugin:80 - create IPUIPlugin
2025-09-02 11:08:26,662 [INFO] PluginManager:220 - loadIPPluginJar : add sai
2025-09-02 11:08:26,668 [INFO] IPUIPlugin:80 - create IPUIPlugin
2025-09-02 11:08:26,669 [INFO] PluginManager:220 - loadIPPluginJar : add i2s
2025-09-02 11:08:26,673 [INFO] IPUIPlugin:80 - create IPUIPlugin
2025-09-02 11:08:26,674 [INFO] PluginManager:220 - loadIPPluginJar : add fatfs
2025-09-02 11:08:26,689 [INFO] IPUIPlugin:80 - create IPUIPlugin
2025-09-02 11:08:26,690 [INFO] PluginManager:220 - loadIPPluginJar : add dma
2025-09-02 11:08:26,699 [INFO] IPUIPlugin:80 - create IPUIPlugin
2025-09-02 11:08:26,700 [INFO] PluginManager:220 - loadIPPluginJar : add openamp
2025-09-02 11:08:26,707 [INFO] IPUIPlugin:80 - create IPUIPlugin
2025-09-02 11:08:26,708 [INFO] PluginManager:220 - loadIPPluginJar : add hash
2025-09-02 11:08:26,712 [INFO] IPUIPlugin:80 - create IPUIPlugin
2025-09-02 11:08:26,713 [INFO] PluginManager:220 - loadIPPluginJar : add tsc
2025-09-02 11:08:26,718 [INFO] IPUIPlugin:80 - create IPUIPlugin
2025-09-02 11:08:26,719 [INFO] PluginManager:220 - loadIPPluginJar : add ucpd
2025-09-02 11:08:26,723 [INFO] IPUIPlugin:80 - create IPUIPlugin
2025-09-02 11:08:26,724 [INFO] PluginManager:220 - loadIPPluginJar : add genericplugin
2025-09-02 11:08:26,730 [INFO] IPUIPlugin:80 - create IPUIPlugin
2025-09-02 11:08:26,730 [INFO] PluginManager:220 - loadIPPluginJar : add tim
2025-09-02 11:08:26,739 [INFO] IPUIPlugin:80 - create IPUIPlugin
2025-09-02 11:08:26,739 [INFO] PluginManager:220 - loadIPPluginJar : add dma3
2025-09-02 11:08:26,745 [INFO] IPUIPlugin:80 - create IPUIPlugin
2025-09-02 11:08:26,746 [INFO] PluginManager:220 - loadIPPluginJar : add ts
2025-09-02 11:08:26,754 [INFO] IPUIPlugin:80 - create IPUIPlugin
2025-09-02 11:08:26,755 [INFO] PluginManager:220 - loadIPPluginJar : add extmemmanager
2025-09-02 11:08:26,771 [INFO] IPUIPlugin:80 - create IPUIPlugin
2025-09-02 11:08:26,772 [INFO] PluginManager:220 - loadIPPluginJar : add gic
2025-09-02 11:08:26,780 [INFO] IPUIPlugin:80 - create IPUIPlugin
2025-09-02 11:08:26,780 [INFO] PluginManager:220 - loadIPPluginJar : add gtzc
2025-09-02 11:08:26,797 [INFO] IPUIPlugin:80 - create IPUIPlugin
2025-09-02 11:08:26,797 [INFO] PluginManager:220 - loadIPPluginJar : add stm32_wpan
2025-09-02 11:08:26,807 [INFO] IPUIPlugin:80 - create IPUIPlugin
2025-09-02 11:08:26,808 [INFO] PluginManager:220 - loadIPPluginJar : add resmgrutility
2025-09-02 11:08:26,815 [INFO] IPUIPlugin:80 - create IPUIPlugin
2025-09-02 11:08:26,816 [INFO] PluginManager:220 - loadIPPluginJar : add can
2025-09-02 11:08:26,837 [INFO] IPUIPlugin:80 - create IPUIPlugin
2025-09-02 11:08:26,846 [INFO] PluginManager:220 - loadIPPluginJar : add plateformsettings
2025-09-02 11:08:26,861 [INFO] IPUIPlugin:80 - create IPUIPlugin
2025-09-02 11:08:26,862 [INFO] PluginManager:220 - loadIPPluginJar : add freertos
2025-09-02 11:08:26,867 [INFO] IPUIPlugin:80 - create IPUIPlugin
2025-09-02 11:08:26,867 [INFO] PluginManager:220 - loadIPPluginJar : add tracer_emb
2025-09-02 11:08:26,873 [INFO] IPUIPlugin:80 - create IPUIPlugin
2025-09-02 11:08:26,875 [INFO] PluginManager:220 - loadIPPluginJar : add radio
2025-09-02 11:08:27,036 [FATAL] Updater:351 - Updater called before beeing initialized
2025-09-02 11:08:27,177 [INFO] RulesReader:64 - Compatibility file has been processed (317 Rules)
2025-09-02 11:08:27,220 [INFO] RulesReader:64 - Compatibility file has been processed (317 Rules)
2025-09-02 11:08:27,242 [INFO] CADModel:165 - CPN selected for project level
2025-09-02 11:08:27,243 [INFO] CADModel:114 - Register for checkConnection events
2025-09-02 11:08:27,243 [FATAL] Updater:351 - Updater called before beeing initialized
2025-09-02 11:08:27,243 [ERROR] CADModel:125 - Updater not yet initialized, retry later 
2025-09-02 11:08:27,647 [FATAL] Updater:351 - Updater called before beeing initialized
2025-09-02 11:08:27,651 [INFO] CADModel:165 - CPN selected for project level
2025-09-02 11:08:27,652 [INFO] CADModel:114 - Register for checkConnection events
2025-09-02 11:08:27,652 [FATAL] Updater:351 - Updater called before beeing initialized
2025-09-02 11:08:27,652 [ERROR] CADModel:125 - Updater not yet initialized, retry later 
2025-09-02 11:08:27,661 [FATAL] Updater:351 - Updater called before beeing initialized
2025-09-02 11:08:27,978 [FATAL] Updater:351 - Updater called before beeing initialized
2025-09-02 11:08:27,987 [INFO] DbMcusAds:53 - JSON generation date=Tue Jul 08 10:14:23 CEST 2025 (1751962463593)
2025-09-02 11:08:27,988 [FATAL] Updater:351 - Updater called before beeing initialized
2025-09-02 11:08:28,082 [WARN] DetailPanel:346 - Failed to get advertising image, set to default
2025-09-02 11:08:28,282 [FATAL] Updater:351 - Updater called before beeing initialized
2025-09-02 11:08:28,286 [FATAL] Updater:351 - Updater called before beeing initialized
2025-09-02 11:08:28,286 [FATAL] Updater:351 - Updater called before beeing initialized
2025-09-02 11:08:28,287 [WARN] DetailPanel:346 - Failed to get advertising image, set to default
2025-09-02 11:08:28,289 [FATAL] Updater:351 - Updater called before beeing initialized
2025-09-02 11:08:28,313 [INFO] ThirdPartyUpdaterWithRetryManager:70 - Updater plugin not ready yet. [2/15]
2025-09-02 11:08:28,384 [ERROR] Updater:1198 - MainUpdater not yet initialized. External WinMGr cannot be set.
2025-09-02 11:08:28,388 [INFO] Updater:1134 - Updater Version found : 6.15.0
2025-09-02 11:08:28,425 [INFO] ApplicationProperties:184 - Using Application install path: /opt/st/stm32cubeide_1.19.0/plugins/com.st.stm32cube.common.mx_6.15.0.202507011659
2025-09-02 11:08:29,060 [INFO] MainUpdater:2872 - connection check result : 10
2025-09-02 11:08:29,060 [INFO] MainUpdater:3604 - Updater definition file requires update
2025-09-02 11:08:29,062 [INFO] MainUpdater:289 - Updater Check For Update Now.
2025-09-02 11:08:29,062 [INFO] MicroXplorer:498 - Change Database Version : DB.6.0.150
2025-09-02 11:08:29,072 [INFO] McuFinderGlobals:63 - Set McuFinder mode to 2 (CubeIDE integrated)
2025-09-02 11:08:29,074 [INFO] UserAuth:487 - Internet connection configuration mode: 1
2025-09-02 11:08:29,108 [INFO] ServerAccessManage:452 - Complete download http(s) 200
2025-09-02 11:08:29,111 [INFO] ServerAccessManage:509 - Download File updaters.zip
2025-09-02 11:08:29,112 [INFO] JxBrowserEngine:152 - Initiate JxBrowser Engine with user profile folder
2025-09-02 11:08:29,302 [INFO] FileExtend:248 - Unzip File : updaters.zip
2025-09-02 11:08:29,303 [INFO] FileExtend:263 - Standard Zip Deflate
2025-09-02 11:08:29,918 [INFO] ServerAccessManage:452 - Complete download http(s) 200
2025-09-02 11:08:29,919 [INFO] ServerAccessManage:509 - Download File PacksControlFlags.xml
2025-09-02 11:08:30,175 [INFO] ServerAccessManage:452 - Complete download http(s) 200
2025-09-02 11:08:30,177 [INFO] ServerAccessManage:509 - Download File cubemx.pidx
2025-09-02 11:08:30,561 [INFO] LoadServerUpdatesThread:375 - End of LoadServerUpdate Thread
2025-09-02 11:08:30,876 [INFO] CheckServerUpdateThread:120 - End of CheckServer Thread
2025-09-02 11:08:32,055 [WARN] PackLoader:240 - Cannot read IP mode file for STMicroelectronics.FP-SNS-MOTENVWB1.1.4.0
2025-09-02 11:08:32,076 [WARN] PackLoader:240 - Cannot read IP mode file for STMicroelectronics.FP-ATR-ASTRA1.2.0.2
2025-09-02 11:08:32,141 [WARN] PackLoader:240 - Cannot read IP mode file for STMicroelectronics.X-CUBE-SMBUS.2.1.0
2025-09-02 11:08:32,196 [WARN] PackLoader:240 - Cannot read IP mode file for STMicroelectronics.X-CUBE-WB05N.1.1.0
2025-09-02 11:08:32,213 [WARN] PackLoader:240 - Cannot read IP mode file for STMicroelectronics.X-CUBE-ST60.1.0.0
2025-09-02 11:08:32,333 [WARN] PackLoader:240 - Cannot read IP mode file for STMicroelectronics.X-CUBE-AZRTOS-F7.1.1.0
2025-09-02 11:08:32,366 [WARN] PackLoader:240 - Cannot read IP mode file for STMicroelectronics.FP-SNS-FLIGHT1.5.0.2
2025-09-02 11:08:32,458 [WARN] PackLoader:240 - Cannot read IP mode file for Infineon.AIROC-Wi-Fi-Bluetooth-STM32.1.7.0
2025-09-02 11:08:32,579 [WARN] PackLoader:240 - Cannot read IP mode file for STMicroelectronics.X-CUBE-AZRTOS-H7.3.4.0
2025-09-02 11:08:32,613 [WARN] PackLoader:240 - Cannot read IP mode file for STMicroelectronics.X-CUBE-DISPLAY.3.0.0
2025-09-02 11:08:32,653 [WARN] PackLoader:240 - Cannot read IP mode file for STMicroelectronics.X-CUBE-NFC10.1.0.0
2025-09-02 11:08:32,697 [WARN] PackLoader:240 - Cannot read IP mode file for STMicroelectronics.X-CUBE-BLEMGR.4.0.0
2025-09-02 11:08:32,724 [WARN] PackLoader:240 - Cannot read IP mode file for emotas.I-CUBE-CANOPEN.1.3.0
2025-09-02 11:08:32,734 [WARN] ConditionMgr:438 - getConditionDescription Invalid condition id : Cortex-A Device cause : null
2025-09-02 11:08:32,788 [WARN] ConditionMgr:1044 - genDependencies : Invalid condition id : Cortex-A Device cause : null
2025-09-02 11:08:32,789 [WARN] ConditionMgr:1044 - genDependencies : Invalid condition id : Cortex-A Device cause : null
2025-09-02 11:08:32,789 [WARN] ConditionMgr:1044 - genDependencies : Invalid condition id : Cortex-A Device cause : null
2025-09-02 11:08:32,801 [WARN] PackLoader:240 - Cannot read IP mode file for STMicroelectronics.X-CUBE-AI.10.0.0
2025-09-02 11:08:32,817 [INFO] WebApp:169 - Instantiating new browser for Auth
2025-09-02 11:08:32,823 [WARN] PackLoader:240 - Cannot read IP mode file for STMicroelectronics.FP-SNS-STBOX1.2.1.0
2025-09-02 11:08:32,844 [WARN] PackLoader:240 - Cannot read IP mode file for STMicroelectronics.FP-SNS-SMARTAG2.1.2.0
2025-09-02 11:08:32,855 [WARN] PackLoader:240 - Cannot read IP mode file for STMicroelectronics.FP-SNS-FLIGHT1.5.1.0
2025-09-02 11:08:33,024 [WARN] PackLoader:240 - Cannot read IP mode file for STMicroelectronics.X-CUBE-MEMS1.11.1.0
2025-09-02 11:08:33,606 [INFO] LogOutputStream:77 - [STDOUT_REDIRECT] 1 : Invalid condition id : UX_CORESTACK_Condition cause : null
2025-09-02 11:08:33,607 [INFO] LogOutputStream:77 - [STDOUT_REDIRECT] 1 : Invalid condition id : UX_CORESTACK_Condition cause : null
2025-09-02 11:08:33,608 [INFO] LogOutputStream:77 - [STDOUT_REDIRECT] 1 : Invalid condition id : UX_CORESTACK_Condition cause : null
2025-09-02 11:08:33,609 [INFO] LogOutputStream:77 - [STDOUT_REDIRECT] 1 : Invalid condition id : UX_CORESTACK_Condition cause : null
2025-09-02 11:08:33,610 [INFO] LogOutputStream:77 - [STDOUT_REDIRECT] 1 : Invalid condition id : UX_CORESTACK_Condition cause : null
2025-09-02 11:08:33,617 [WARN] PackLoader:240 - Cannot read IP mode file for STMicroelectronics.X-CUBE-AZRTOS-WL.2.0.0
2025-09-02 11:08:33,638 [WARN] PackLoader:240 - Cannot read IP mode file for STMicroelectronics.FP-SNS-MOTENV1.5.0.0
2025-09-02 11:08:33,662 [WARN] PackLoader:240 - Cannot read IP mode file for WES.I-CUBE-Cesium.1.3.0
2025-09-02 11:08:33,672 [WARN] PackLoader:240 - Cannot read IP mode file for STMicroelectronics.X-CUBE-BLE2.3.3.0
2025-09-02 11:08:33,686 [WARN] PackLoader:240 - Cannot read IP mode file for STMicroelectronics.X-CUBE-NFC9.1.0.0
2025-09-02 11:08:33,707 [WARN] PackLoader:240 - Cannot read IP mode file for STMicroelectronics.X-CUBE-BLE1.7.1.0
2025-09-02 11:08:33,720 [WARN] PackLoader:240 - Cannot read IP mode file for wolfSSL.I-CUBE-wolfMQTT.1.19.2
2025-09-02 11:08:33,758 [WARN] PackLoader:240 - Cannot read IP mode file for STMicroelectronics.X-CUBE-EEPRMA1.5.2.0
2025-09-02 11:08:33,771 [WARN] PackLoader:240 - Cannot read IP mode file for STMicroelectronics.X-CUBE-AI.10.1.0
2025-09-02 11:08:33,815 [WARN] PackLoader:240 - Cannot read IP mode file for STMicroelectronics.X-CUBE-AZRTOS-G0.1.1.0
2025-09-02 11:08:33,835 [WARN] PackLoader:240 - Cannot read IP mode file for STMicroelectronics.X-CUBE-SAFEA1.1.2.2
2025-09-02 11:08:33,850 [WARN] PackLoader:240 - Cannot read IP mode file for STMicroelectronics.X-CUBE-NFC4.3.0.0
2025-09-02 11:08:33,871 [WARN] PackLoader:240 - Cannot read IP mode file for EmbeddedOffice.I-CUBE-FS-RTOS.1.0.1
2025-09-02 11:08:33,883 [WARN] PackLoader:240 - Cannot read IP mode file for STMicroelectronics.X-CUBE-WB05N.2.0.0
2025-09-02 11:08:33,891 [WARN] PackLoader:240 - Cannot read IP mode file for wolfSSL.I-CUBE-wolfTPM.3.8.0
2025-09-02 11:08:33,904 [WARN] PackLoader:240 - Cannot read IP mode file for STMicroelectronics.X-CUBE-TCPP.4.2.0
2025-09-02 11:08:33,919 [WARN] PackLoader:240 - Cannot read IP mode file for RealThread.X-CUBE-RT-Thread_Nano.4.1.1
2025-09-02 11:08:33,934 [WARN] PackLoader:240 - Cannot read IP mode file for STMicroelectronics.FP-ATR-SIGFOX1.3.2.0
2025-09-02 11:08:33,946 [WARN] PackLoader:240 - Cannot read IP mode file for STMicroelectronics.X-CUBE-EEPRMA1.5.1.0
2025-09-02 11:08:33,960 [WARN] PackLoader:240 - Cannot read IP mode file for wolfSSL.I-CUBE-wolfSSL.5.7.6
2025-09-02 11:08:33,971 [WARN] PackLoader:240 - Cannot read IP mode file for ITTIA_DB.I-CUBE-ITTIADB.8.9.0
2025-09-02 11:08:33,984 [WARN] PackLoader:240 - Cannot read IP mode file for STMicroelectronics.X-CUBE-ST67W61.1.0.0
2025-09-02 11:08:33,991 [WARN] PackLoader:240 - Cannot read IP mode file for STMicroelectronics.X-CUBE-AI.10.2.0
2025-09-02 11:08:34,064 [WARN] PackLoader:240 - Cannot read IP mode file for SEGGER.I-CUBE-embOS.1.3.1
2025-09-02 11:08:34,255 [WARN] PackLoader:240 - Cannot read IP mode file for STMicroelectronics.X-CUBE-ALGOBUILD.1.4.0
2025-09-02 11:08:34,446 [WARN] PackLoader:240 - Cannot read IP mode file for STMicroelectronics.X-CUBE-MEMS1.11.3.0
2025-09-02 11:08:34,876 [WARN] PackLoader:240 - Cannot read IP mode file for STMicroelectronics.X-CUBE-PM33A1.1.0.0
2025-09-02 11:08:34,920 [WARN] PackLoader:240 - Cannot read IP mode file for STMicroelectronics.X-CUBE-AZRTOS-F4.1.1.0
2025-09-02 11:08:34,935 [WARN] PackLoader:240 - Cannot read IP mode file for Avnet-IotConnect.X-CUBE-IoTC-DA16k-PMOD.1.0.0
2025-09-02 11:08:34,943 [WARN] PackLoader:240 - Cannot read IP mode file for STMicroelectronics.X-CUBE-ISPU.2.1.0
2025-09-02 11:08:34,962 [WARN] PackLoader:240 - Cannot read IP mode file for STMicroelectronics.X-CUBE-NFC12.1.0.0
2025-09-02 11:08:35,012 [WARN] PackLoader:240 - Cannot read IP mode file for STMicroelectronics.X-CUBE-AZRTOS-L5.2.0.0
2025-09-02 11:08:35,037 [WARN] PackLoader:240 - Cannot read IP mode file for STMicroelectronics.X-CUBE-NFC6.3.1.0
2025-09-02 11:08:35,055 [WARN] PackLoader:240 - Cannot read IP mode file for STMicroelectronics.X-CUBE-DPower.1.2.0
2025-09-02 11:08:35,067 [WARN] PackLoader:240 - Cannot read IP mode file for STMicroelectronics.X-CUBE-FREERTOS.1.3.1
2025-09-02 11:08:35,077 [WARN] PackLoader:240 - Cannot read IP mode file for STMicroelectronics.X-CUBE-FREERTOS.1.3.0
2025-09-02 11:08:35,088 [WARN] PackLoader:240 - Cannot read IP mode file for STMicroelectronics.X-CUBE-NFC7.1.0.1
2025-09-02 11:08:35,101 [WARN] PackLoader:240 - Cannot read IP mode file for STMicroelectronics.FP-SNS-STAIOTCFT.1.0.0
2025-09-02 11:08:35,113 [WARN] PackLoader:240 - Cannot read IP mode file for STMicroelectronics.X-CUBE-DPower.1.3.0
2025-09-02 11:08:35,213 [WARN] ConditionMgr:438 - getConditionDescription Invalid condition id : LAN8742 Phy interface Condition cause : null
2025-09-02 11:08:35,215 [WARN] PackLoader:240 - Cannot read IP mode file for STMicroelectronics.X-CUBE-AZRTOS-L4.2.0.0
2025-09-02 11:08:35,219 [WARN] ConditionMgr:1044 - genDependencies : Invalid condition id : LAN8742 Phy interface Condition cause : null
2025-09-02 11:08:35,220 [WARN] ConditionMgr:1044 - genDependencies : Invalid condition id : LAN8742 Phy interface Condition cause : null
2025-09-02 11:08:35,223 [WARN] ConditionMgr:1044 - genDependencies : Invalid condition id : LAN8742 Phy interface Condition cause : null
2025-09-02 11:08:35,246 [WARN] PackLoader:240 - Cannot read IP mode file for STMicroelectronics.X-CUBE-SFXS2LP1.4.0.0
2025-09-02 11:08:35,322 [WARN] PackLoader:240 - Cannot read IP mode file for STMicroelectronics.X-CUBE-AZRTOS-H7.3.3.0
2025-09-02 11:08:35,361 [WARN] PackLoader:240 - Cannot read IP mode file for STMicroelectronics.X-CUBE-BLEMGR.4.1.0
2025-09-02 11:08:35,395 [WARN] ConditionMgr:438 - getConditionDescription Invalid condition id : UX DEVICE CLASS RTOS Condition cause : null
2025-09-02 11:08:35,396 [WARN] ConditionMgr:438 - getConditionDescription Invalid condition id : UX DEVICE CLASS RTOS Condition cause : null
2025-09-02 11:08:35,401 [WARN] PackLoader:240 - Cannot read IP mode file for STMicroelectronics.X-CUBE-AZRTOS-WB.2.0.0
2025-09-02 11:08:35,402 [WARN] ConditionMgr:1044 - genDependencies : Invalid condition id : UX DEVICE CLASS RTOS Condition cause : null
2025-09-02 11:08:35,403 [WARN] ConditionMgr:1044 - genDependencies : Invalid condition id : UX DEVICE CLASS RTOS Condition cause : null
2025-09-02 11:08:35,404 [WARN] ConditionMgr:1044 - genDependencies : Invalid condition id : UX DEVICE CLASS RTOS Condition cause : null
2025-09-02 11:08:35,405 [WARN] ConditionMgr:1044 - genDependencies : Invalid condition id : UX DEVICE CLASS RTOS Condition cause : null
2025-09-02 11:08:35,406 [WARN] ConditionMgr:1044 - genDependencies : Invalid condition id : UX DEVICE CLASS RTOS Condition cause : null
2025-09-02 11:08:35,419 [WARN] PackLoader:240 - Cannot read IP mode file for STMicroelectronics.X-CUBE-GNSS1.7.0.1
2025-09-02 11:08:35,431 [WARN] PackLoader:240 - Cannot read IP mode file for STMicroelectronics.X-CUBE-TOUCHGFX.4.25.0
2025-09-02 11:08:35,501 [WARN] PackLoader:240 - Cannot read IP mode file for STMicroelectronics.FP-SNS-STBOX1.2.0.0
2025-09-02 11:08:35,543 [WARN] PackLoader:240 - Cannot read IP mode file for STMicroelectronics.X-CUBE-SUBG2.5.0.0
2025-09-02 11:08:35,648 [WARN] PackLoader:240 - Cannot read IP mode file for STMicroelectronics.X-CUBE-AZRTOS-H7RS.1.1.0
2025-09-02 11:08:35,681 [WARN] PackLoader:240 - Cannot read IP mode file for Cesanta.I-CUBE-Mongoose.7.13.0
2025-09-02 11:08:35,687 [INFO] WebApp:463 - Apply proxy settings
2025-09-02 11:08:35,689 [INFO] WebApp:548 - Chromium requires no authentication
2025-09-02 11:08:35,744 [INFO] WebApp:491 - Direct internet connection detected
2025-09-02 11:08:35,759 [WARN] PackLoader:240 - Cannot read IP mode file for STMicroelectronics.X-CUBE-AZRTOS-G4.2.0.0
2025-09-02 11:08:35,783 [WARN] PackLoader:240 - Cannot read IP mode file for wolfSSL.I-CUBE-wolfSSH.1.4.20
2025-09-02 11:08:35,795 [WARN] PackLoader:240 - Cannot read IP mode file for STMicroelectronics.X-CUBE-NFC7.2.0.0
2025-09-02 11:08:35,821 [INFO] WebApp:900 - Register for checkConnection events
2025-09-02 11:08:35,822 [INFO] WebApp:463 - Apply proxy settings
2025-09-02 11:08:35,822 [INFO] WebApp:548 - Chromium requires no authentication
2025-09-02 11:08:35,824 [INFO] WebApp:491 - Direct internet connection detected
2025-09-02 11:08:35,832 [WARN] PackLoader:240 - Cannot read IP mode file for STMicroelectronics.X-CUBE-IPS.3.1.0
2025-09-02 11:08:35,874 [WARN] PackLoader:240 - Cannot read IP mode file for STMicroelectronics.X-CUBE-ALS.1.0.2
2025-09-02 11:08:35,909 [WARN] PackLoader:240 - Cannot read IP mode file for portGmbH.I-Cube-SoM-uGOAL.1.1.0
2025-09-02 11:08:35,958 [WARN] PackLoader:240 - Cannot read IP mode file for STMicroelectronics.X-CUBE-AZRTOS-H7RS.1.0.0
2025-09-02 11:08:35,997 [WARN] PackLoader:240 - Cannot read IP mode file for STMicroelectronics.X-CUBE-TOF1.3.4.2
2025-09-02 11:08:36,070 [WARN] PackLoader:240 - Cannot read IP mode file for STMicroelectronics.X-CUBE-TOF1.3.4.3
2025-09-02 11:08:36,119 [INFO] ThirdParty:978 - Integrity check success = true
2025-09-02 11:08:36,150 [INFO] IntegrityCheckThread:100 - exiting critical section [integrity check]
2025-09-02 11:08:36,151 [INFO] IntegrityCheckThread:103 - End integrity checks thread
2025-09-02 11:08:36,433 [INFO] WebApp:225 - Starting web application
2025-09-02 11:08:36,435 [INFO] WebApp:593 - Web application path used /opt/st/stm32cubeide_1.19.0/plugins/com.st.stm32cube.common.mx_6.15.0.202507011659/db/plugins/mcufinder/reactClient1/index.html
2025-09-02 11:08:36,961 [INFO] UserAuth:487 - Internet connection configuration mode: 1
2025-09-02 11:08:37,390 [INFO] WebApp:191 - Connection restablished
2025-09-02 11:42:49,443 [INFO] WebApp:194 - Connection lost
2025-09-02 11:42:50,742 [INFO] WebApp:191 - Connection restablished
2025-09-02 11:44:24,651 [INFO] WebApp:194 - Connection lost
2025-09-02 11:44:24,831 [INFO] WebApp:191 - Connection restablished
2025-09-02 12:18:31,752 [INFO] WebApp:194 - Connection lost
2025-09-02 12:18:31,897 [INFO] WebApp:191 - Connection restablished
2025-09-02 12:20:01,732 [INFO] WebApp:194 - Connection lost
2025-09-02 12:20:01,961 [INFO] WebApp:191 - Connection restablished
2025-09-02 12:31:32,762 [INFO] WebApp:194 - Connection lost
2025-09-02 12:31:32,932 [INFO] WebApp:191 - Connection restablished
2025-09-02 12:37:19,938 [INFO] WebApp:194 - Connection lost
2025-09-02 12:37:20,107 [INFO] WebApp:191 - Connection restablished
2025-09-02 12:46:15,052 [INFO] WebApp:194 - Connection lost
2025-09-02 12:46:15,224 [INFO] WebApp:191 - Connection restablished
2025-09-02 12:46:23,234 [INFO] WebApp:194 - Connection lost
2025-09-02 12:46:23,390 [INFO] WebApp:191 - Connection restablished
2025-09-02 12:57:51,785 [INFO] WebApp:194 - Connection lost
2025-09-02 12:57:52,065 [INFO] WebApp:191 - Connection restablished
2025-09-02 12:58:35,907 [INFO] WebApp:194 - Connection lost
2025-09-02 12:58:36,063 [INFO] WebApp:191 - Connection restablished
2025-09-02 13:05:38,736 [INFO] WebApp:194 - Connection lost
2025-09-02 13:05:38,889 [INFO] WebApp:191 - Connection restablished
2025-09-02 13:07:26,403 [INFO] WebApp:194 - Connection lost
2025-09-02 13:07:26,554 [INFO] WebApp:191 - Connection restablished
2025-09-02 13:17:58,377 [INFO] WebApp:194 - Connection lost
2025-09-02 13:17:58,547 [INFO] WebApp:191 - Connection restablished
2025-09-02 13:21:15,204 [INFO] WebApp:194 - Connection lost
2025-09-02 13:21:15,450 [INFO] WebApp:191 - Connection restablished
2025-09-02 13:52:58,371 [INFO] WebApp:194 - Connection lost
2025-09-02 13:52:58,528 [INFO] WebApp:191 - Connection restablished
2025-09-02 14:40:43,901 [INFO] WebApp:194 - Connection lost
2025-09-02 14:40:44,062 [INFO] WebApp:191 - Connection restablished
2025-09-02 14:40:47,556 [INFO] WebApp:194 - Connection lost
2025-09-02 14:40:47,774 [INFO] WebApp:191 - Connection restablished
2025-09-02 15:08:43,792 [INFO] WebApp:194 - Connection lost
2025-09-02 15:08:43,981 [INFO] WebApp:191 - Connection restablished
2025-09-02 15:09:40,290 [INFO] WebApp:194 - Connection lost
2025-09-02 15:09:40,440 [INFO] WebApp:191 - Connection restablished
2025-09-02 15:25:53,226 [INFO] WebApp:194 - Connection lost
2025-09-02 15:25:53,407 [INFO] WebApp:191 - Connection restablished
2025-09-02 15:27:32,609 [INFO] WebApp:194 - Connection lost
2025-09-02 15:27:32,764 [INFO] WebApp:191 - Connection restablished
2025-09-02 16:03:48,373 [INFO] WebApp:194 - Connection lost
2025-09-02 16:03:48,543 [INFO] WebApp:191 - Connection restablished
2025-09-02 16:04:41,091 [INFO] WebApp:194 - Connection lost
2025-09-02 16:04:41,241 [INFO] WebApp:191 - Connection restablished
2025-09-02 16:09:39,230 [INFO] WebApp:194 - Connection lost
2025-09-02 16:09:39,392 [INFO] WebApp:191 - Connection restablished
2025-09-02 16:12:05,780 [INFO] WebApp:194 - Connection lost
2025-09-02 16:12:05,987 [INFO] WebApp:191 - Connection restablished
2025-09-02 16:35:19,011 [INFO] WebApp:194 - Connection lost
2025-09-02 16:35:19,189 [INFO] WebApp:191 - Connection restablished
2025-09-02 16:35:24,098 [INFO] WebApp:194 - Connection lost
2025-09-02 16:35:24,242 [INFO] WebApp:191 - Connection restablished
2025-09-02 17:10:35,337 [INFO] WebApp:194 - Connection lost
2025-09-02 17:10:35,493 [INFO] WebApp:191 - Connection restablished
2025-09-02 17:12:04,035 [INFO] WebApp:194 - Connection lost
2025-09-02 17:12:04,204 [INFO] WebApp:191 - Connection restablished
2025-09-02 17:17:02,104 [INFO] WebApp:194 - Connection lost
2025-09-02 17:17:02,269 [INFO] WebApp:191 - Connection restablished
2025-09-02 17:18:34,244 [INFO] WebApp:194 - Connection lost
2025-09-02 17:18:34,391 [INFO] WebApp:191 - Connection restablished
2025-09-02 17:31:24,018 [INFO] WebApp:194 - Connection lost
2025-09-02 17:31:24,205 [INFO] WebApp:191 - Connection restablished
2025-09-02 17:32:32,002 [INFO] WebApp:194 - Connection lost
2025-09-02 17:32:32,157 [INFO] WebApp:191 - Connection restablished
2025-09-02 17:43:42,328 [INFO] WebApp:194 - Connection lost
2025-09-02 17:43:42,484 [INFO] WebApp:191 - Connection restablished
2025-09-02 17:43:50,340 [INFO] WebApp:194 - Connection lost
2025-09-02 17:43:50,490 [INFO] WebApp:191 - Connection restablished
2025-09-02 18:28:36,411 [INFO] WebApp:194 - Connection lost
2025-09-02 18:28:43,303 [INFO] WebApp:191 - Connection restablished
