2025-09-09 16:51:57,198 [INFO] Activator:176 - 


2025-09-09 16:51:57,210 [INFO] Activator:177 - !SESSION log4j initialized
2025-09-09 16:52:15,776 [INFO] LogOutputStream:77 - [STDOUT_REDIRECT] 
2025-09-09 16:52:19,526 [INFO] ApplicationProperties:184 - Using Application install path: /opt/st/stm32cubeide_1.19.0/plugins/com.st.stm32cube.common.mx_6.15.0.202507011659
2025-09-09 16:52:19,574 [INFO] DbMcusXml:78 - Set database path to: /opt/st/stm32cubeide_1.19.0/plugins/com.st.stm32cube.common.mx_6.15.0.202507011659//db//mcu/
2025-09-09 16:52:19,576 [INFO] ApiDb:274 - Set plugin database path to: /opt/st/stm32cubeide_1.19.0/plugins/com.st.stm32cube.common.mx_6.15.0.202507011659//db//plugins/boardmanager/
2025-09-09 16:52:19,577 [WARN] ApiDb:259 - Overriding images path with different value:  => /opt/st/stm32cubeide_1.19.0/plugins/com.st.stm32cube.common.mx_6.15.0.202507011659//db//plugins/mcufinder/images/
2025-09-09 16:52:19,598 [INFO] ApiDb:250 - Set database path to: /home/ernst/.stmcufinder/plugins/mcufinder//mcu/
2025-09-09 16:52:19,603 [INFO] DbMcusAds:125 - Set database path to: /home/ernst/.stmcufinder/plugins/mcufinder//mcu/
2025-09-09 16:52:19,610 [INFO] CrossReferenceDbSqlite:203 - Set database path to: /home/ernst/.stmcufinder/plugins/mcufinder//mcu/cs/
2025-09-09 16:52:19,933 [INFO] RulesReader:64 - Compatibility file has been processed (317 Rules)
2025-09-09 16:52:20,232 [INFO] DbMcusXml:78 - Set database path to: /opt/st/stm32cubeide_1.19.0/plugins/com.st.stm32cube.common.mx_6.15.0.202507011659//db//mcu/
2025-09-09 16:52:20,232 [INFO] ApiDb:274 - Set plugin database path to: /opt/st/stm32cubeide_1.19.0/plugins/com.st.stm32cube.common.mx_6.15.0.202507011659//db//plugins/boardmanager/
2025-09-09 16:52:20,233 [INFO] ApiDb:261 - Set plugin images path to: /opt/st/stm32cubeide_1.19.0/plugins/com.st.stm32cube.common.mx_6.15.0.202507011659//db//plugins/mcufinder/images/
2025-09-09 16:52:20,233 [WARN] DbFile:41 - Overriding database path with different value: /home/ernst/.stmcufinder/plugins/mcufinder/ => /home/ernst/.stmcufinder/plugins/mcufinder
2025-09-09 16:52:20,234 [INFO] ApiDb:250 - Set database path to: /home/ernst/.stmcufinder/plugins/mcufinder//mcu/
2025-09-09 16:52:20,234 [WARN] DbFile:41 - Overriding database path with different value: /home/ernst/.stmcufinder/plugins/mcufinder/ => /home/ernst/.stmcufinder/plugins/mcufinder
2025-09-09 16:52:20,234 [INFO] DbMcusAds:125 - Set database path to: /home/ernst/.stmcufinder/plugins/mcufinder//mcu/
2025-09-09 16:52:20,234 [WARN] DbFile:41 - Overriding database path with different value: /home/ernst/.stmcufinder/plugins/mcufinder/ => /home/ernst/.stmcufinder/plugins/mcufinder
2025-09-09 16:52:20,235 [WARN] DbFile:41 - Overriding database path with different value: /home/ernst/.stmcufinder/plugins/mcufinder/ => /home/ernst/.stmcufinder/plugins/mcufinder
2025-09-09 16:52:20,235 [INFO] CrossReferenceDbSqlite:203 - Set database path to: /home/ernst/.stmcufinder/plugins/mcufinder//mcu/cs/
2025-09-09 16:52:20,450 [INFO] MainPanel:274 - HeapMemory: 268435456
2025-09-09 16:52:21,440 [INFO] DbMcusXml:78 - Set database path to: /opt/st/stm32cubeide_1.19.0/plugins/com.st.stm32cube.common.mx_6.15.0.202507011659//db//mcu/
2025-09-09 16:52:21,441 [INFO] ApiDb:274 - Set plugin database path to: /opt/st/stm32cubeide_1.19.0/plugins/com.st.stm32cube.common.mx_6.15.0.202507011659//db//plugins/boardmanager/
2025-09-09 16:52:21,441 [INFO] ApiDb:261 - Set plugin images path to: /opt/st/stm32cubeide_1.19.0/plugins/com.st.stm32cube.common.mx_6.15.0.202507011659//db//plugins/mcufinder/images/
2025-09-09 16:52:21,442 [WARN] DbFile:41 - Overriding database path with different value: /home/ernst/.stmcufinder/plugins/mcufinder/ => /home/ernst/.stmcufinder/plugins/mcufinder
2025-09-09 16:52:21,443 [INFO] ApiDb:250 - Set database path to: /home/ernst/.stmcufinder/plugins/mcufinder//mcu/
2025-09-09 16:52:21,443 [WARN] DbFile:41 - Overriding database path with different value: /home/ernst/.stmcufinder/plugins/mcufinder/ => /home/ernst/.stmcufinder/plugins/mcufinder
2025-09-09 16:52:21,443 [INFO] DbMcusAds:125 - Set database path to: /home/ernst/.stmcufinder/plugins/mcufinder//mcu/
2025-09-09 16:52:21,443 [WARN] DbFile:41 - Overriding database path with different value: /home/ernst/.stmcufinder/plugins/mcufinder/ => /home/ernst/.stmcufinder/plugins/mcufinder
2025-09-09 16:52:21,443 [WARN] DbFile:41 - Overriding database path with different value: /home/ernst/.stmcufinder/plugins/mcufinder/ => /home/ernst/.stmcufinder/plugins/mcufinder
2025-09-09 16:52:21,444 [INFO] CrossReferenceDbSqlite:203 - Set database path to: /home/ernst/.stmcufinder/plugins/mcufinder//mcu/cs/
2025-09-09 16:52:21,489 [INFO] ApplicationProperties:184 - Using Application install path: /opt/st/stm32cubeide_1.19.0/plugins/com.st.stm32cube.common.mx_6.15.0.202507011659
2025-09-09 16:52:21,493 [INFO] PluginManage:196 - Search for loadable plugins [exclusion list=, ]
2025-09-09 16:52:21,498 [INFO] PluginManage:310 - Check plugin analytics
2025-09-09 16:52:23,139 [INFO] AnalyticsPlugin:253 - Accepted Software Licenses: 
2025-09-09 16:52:23,139 [INFO] AnalyticsPlugin:255 - Accepted CMSIS Pack Licenses: 
2025-09-09 16:52:23,139 [INFO] AnalyticsPlugin:257 - Accepted Firmware Licenses: FW.L4.1.18.0
2025-09-09 16:52:23,145 [INFO] PluginManage:359 - Loaded plugin analytics (category:tool,tabindex:-1)
2025-09-09 16:52:23,146 [INFO] PluginManage:310 - Check plugin cadmodel
2025-09-09 16:52:23,159 [INFO] CADModel:105 - Init CAD model plugin
2025-09-09 16:52:23,160 [INFO] PluginManage:359 - Loaded plugin cadmodel (category:power,tabindex:5)
2025-09-09 16:52:23,160 [INFO] PluginManage:310 - Check plugin clock
2025-09-09 16:52:23,202 [INFO] PluginManage:359 - Loaded plugin clock (category:base,tabindex:2)
2025-09-09 16:52:23,204 [INFO] PluginManage:310 - Check plugin ddr
2025-09-09 16:52:23,212 [INFO] PluginManage:359 - Loaded plugin ddr (category:tool,tabindex:6)
2025-09-09 16:52:23,213 [INFO] PluginManage:310 - Check plugin filemanager
2025-09-09 16:52:23,588 [INFO] PluginManage:359 - Loaded plugin filemanager (category:base,tabindex:10)
2025-09-09 16:52:23,589 [INFO] PluginManage:310 - Check plugin ipmanager
2025-09-09 16:52:23,605 [INFO] PluginManage:359 - Loaded plugin ipmanager (category:base,tabindex:5)
2025-09-09 16:52:23,606 [INFO] PluginManage:310 - Check plugin lpbam
2025-09-09 16:52:23,638 [INFO] PluginManage:359 - Loaded plugin lpbam (category:base,tabindex:0)
2025-09-09 16:52:23,638 [INFO] PluginManage:310 - Check plugin memorymap
2025-09-09 16:52:23,673 [INFO] PluginManage:359 - Loaded plugin memorymap (category:base,tabindex:4)
2025-09-09 16:52:23,674 [INFO] PluginManage:310 - Check plugin pinoutandconfiguration
2025-09-09 16:52:23,702 [INFO] PluginManage:359 - Loaded plugin pinoutandconfiguration (category:base,tabindex:1)
2025-09-09 16:52:23,702 [INFO] PluginManage:310 - Check plugin pinoutconfig
2025-09-09 16:52:24,017 [WARN] SupportedApi:132 - Cannot load RTOS API schema: s4s-elt-must-match.1: The content of 'definitions' must match (annotation?, (simpleType | complexType)?, (unique | key | keyref)*)). A problem was found starting at: attribute.
2025-09-09 16:52:24,465 [INFO] PluginManage:359 - Loaded plugin pinoutconfig (category:base,tabindex:0)
2025-09-09 16:52:24,467 [INFO] PluginManage:310 - Check plugin power
2025-09-09 16:52:24,515 [INFO] PluginManage:359 - Loaded plugin power (category:power,tabindex:4)
2025-09-09 16:52:24,516 [INFO] PluginManage:310 - Check plugin projectmanager
2025-09-09 16:52:24,568 [INFO] PluginManage:359 - Loaded plugin projectmanager (category:projectmanager,tabindex:4)
2025-09-09 16:52:24,568 [INFO] PluginManage:310 - Check plugin rif
2025-09-09 16:52:24,619 [INFO] PluginManage:359 - Loaded plugin rif (category:base,tabindex:3)
2025-09-09 16:52:24,620 [INFO] PluginManage:310 - Check plugin thirdparty
2025-09-09 16:52:24,986 [WARN] IntegrityCheckThread:84 - waiting for thirdparty lock release [integrity check]
2025-09-09 16:52:24,987 [INFO] PluginManage:359 - Loaded plugin thirdparty (category:base,tabindex:-1)
2025-09-09 16:52:24,988 [INFO] IntegrityCheckThread:86 - entering critical section [integrity check]
2025-09-09 16:52:24,988 [INFO] PluginManage:310 - Check plugin tools
2025-09-09 16:52:24,989 [INFO] ThirdPartyUpdaterWithRetryManager:70 - Updater plugin not ready yet. [1/15]
2025-09-09 16:52:25,004 [INFO] PluginManage:359 - Loaded plugin tools (category:base,tabindex:7)
2025-09-09 16:52:25,005 [INFO] PluginManage:310 - Check plugin tutovideos
2025-09-09 16:52:26,326 [INFO] PluginManage:359 - Loaded plugin tutovideos (category:base,tabindex:-1)
2025-09-09 16:52:26,327 [INFO] PluginManage:310 - Check plugin updater
2025-09-09 16:52:26,413 [INFO] PluginManage:359 - Loaded plugin updater (category:base,tabindex:12)
2025-09-09 16:52:26,414 [INFO] PluginManage:310 - Check plugin userauth
2025-09-09 16:52:26,431 [INFO] UserAuth:118 - Init User Auth plugin
2025-09-09 16:52:26,436 [INFO] PluginManage:359 - Loaded plugin userauth (category:base,tabindex:14)
2025-09-09 16:52:26,439 [INFO] PluginManage:283 - PluginManage : Loaded plugins [18]
2025-09-09 16:52:27,082 [INFO] PinOutPanel:1589 - setPackage(No Configuration,No Configuration)
2025-09-09 16:52:27,297 [INFO] CADModel:165 - CPN selected for project level
2025-09-09 16:52:27,298 [INFO] CADModel:114 - Register for checkConnection events
2025-09-09 16:52:27,328 [INFO] IPUIPlugin:80 - create IPUIPlugin
2025-09-09 16:52:27,330 [INFO] PluginManager:220 - loadIPPluginJar : add gpio
2025-09-09 16:52:27,339 [INFO] IPUIPlugin:80 - create IPUIPlugin
2025-09-09 16:52:27,340 [INFO] PluginManager:220 - loadIPPluginJar : add ltdc
2025-09-09 16:52:27,354 [INFO] IPUIPlugin:80 - create IPUIPlugin
2025-09-09 16:52:27,354 [INFO] PluginManager:220 - loadIPPluginJar : add lorawan
2025-09-09 16:52:27,372 [INFO] IPUIPlugin:80 - create IPUIPlugin
2025-09-09 16:52:27,373 [INFO] PluginManager:220 - loadIPPluginJar : add mdma
2025-09-09 16:52:27,377 [INFO] IPUIPlugin:80 - create IPUIPlugin
2025-09-09 16:52:27,377 [INFO] PluginManager:220 - loadIPPluginJar : add comp
2025-09-09 16:52:27,383 [INFO] IPUIPlugin:80 - create IPUIPlugin
2025-09-09 16:52:27,383 [INFO] PluginManager:220 - loadIPPluginJar : add gfxmmu
2025-09-09 16:52:27,394 [INFO] IPUIPlugin:80 - create IPUIPlugin
2025-09-09 16:52:27,394 [INFO] PluginManager:220 - loadIPPluginJar : add i2c
2025-09-09 16:52:27,405 [INFO] IPUIPlugin:80 - create IPUIPlugin
2025-09-09 16:52:27,406 [INFO] PluginManager:220 - loadIPPluginJar : add ddr_ctrl_phy
2025-09-09 16:52:27,416 [INFO] IPUIPlugin:80 - create IPUIPlugin
2025-09-09 16:52:27,417 [INFO] PluginManager:220 - loadIPPluginJar : add pdm2pcm
2025-09-09 16:52:27,429 [INFO] IPUIPlugin:80 - create IPUIPlugin
2025-09-09 16:52:27,430 [INFO] PluginManager:220 - loadIPPluginJar : add i3c
2025-09-09 16:52:27,448 [INFO] IPUIPlugin:80 - create IPUIPlugin
2025-09-09 16:52:27,448 [INFO] PluginManager:220 - loadIPPluginJar : add opamp
2025-09-09 16:52:27,466 [INFO] IPUIPlugin:80 - create IPUIPlugin
2025-09-09 16:52:27,467 [INFO] PluginManager:220 - loadIPPluginJar : add linkedlist
2025-09-09 16:52:27,471 [INFO] IPUIPlugin:80 - create IPUIPlugin
2025-09-09 16:52:27,472 [INFO] PluginManager:220 - loadIPPluginJar : add quadspi
2025-09-09 16:52:27,479 [INFO] IPUIPlugin:80 - create IPUIPlugin
2025-09-09 16:52:27,479 [INFO] PluginManager:220 - loadIPPluginJar : add aes
2025-09-09 16:52:27,485 [INFO] IPUIPlugin:80 - create IPUIPlugin
2025-09-09 16:52:27,486 [INFO] PluginManager:220 - loadIPPluginJar : add dfsdm
2025-09-09 16:52:27,498 [INFO] IPUIPlugin:80 - create IPUIPlugin
2025-09-09 16:52:27,499 [INFO] PluginManager:220 - loadIPPluginJar : add usbx
2025-09-09 16:52:27,508 [INFO] IPUIPlugin:80 - create IPUIPlugin
2025-09-09 16:52:27,508 [INFO] PluginManager:220 - loadIPPluginJar : add fmc
2025-09-09 16:52:27,520 [INFO] IPUIPlugin:80 - create IPUIPlugin
2025-09-09 16:52:27,521 [INFO] PluginManager:220 - loadIPPluginJar : add touchsensing
2025-09-09 16:52:27,530 [INFO] IPUIPlugin:80 - create IPUIPlugin
2025-09-09 16:52:27,530 [INFO] PluginManager:220 - loadIPPluginJar : add usart
2025-09-09 16:52:27,539 [INFO] IPUIPlugin:80 - create IPUIPlugin
2025-09-09 16:52:27,540 [INFO] PluginManager:220 - loadIPPluginJar : add nvic
2025-09-09 16:52:27,546 [INFO] IPUIPlugin:80 - create IPUIPlugin
2025-09-09 16:52:27,547 [INFO] PluginManager:220 - loadIPPluginJar : add spi
2025-09-09 16:52:27,564 [INFO] IPUIPlugin:80 - create IPUIPlugin
2025-09-09 16:52:27,565 [INFO] PluginManager:220 - loadIPPluginJar : add adc
2025-09-09 16:52:27,572 [INFO] IPUIPlugin:80 - create IPUIPlugin
2025-09-09 16:52:27,572 [INFO] PluginManager:220 - loadIPPluginJar : add ipddr
2025-09-09 16:52:27,579 [INFO] IPUIPlugin:80 - create IPUIPlugin
2025-09-09 16:52:27,580 [INFO] PluginManager:220 - loadIPPluginJar : add cryp
2025-09-09 16:52:27,589 [INFO] IPUIPlugin:80 - create IPUIPlugin
2025-09-09 16:52:27,589 [INFO] PluginManager:220 - loadIPPluginJar : add sai
2025-09-09 16:52:27,597 [INFO] IPUIPlugin:80 - create IPUIPlugin
2025-09-09 16:52:27,597 [INFO] PluginManager:220 - loadIPPluginJar : add i2s
2025-09-09 16:52:27,602 [INFO] IPUIPlugin:80 - create IPUIPlugin
2025-09-09 16:52:27,602 [INFO] PluginManager:220 - loadIPPluginJar : add fatfs
2025-09-09 16:52:27,616 [INFO] IPUIPlugin:80 - create IPUIPlugin
2025-09-09 16:52:27,616 [INFO] PluginManager:220 - loadIPPluginJar : add dma
2025-09-09 16:52:27,626 [INFO] IPUIPlugin:80 - create IPUIPlugin
2025-09-09 16:52:27,627 [INFO] PluginManager:220 - loadIPPluginJar : add openamp
2025-09-09 16:52:27,634 [INFO] IPUIPlugin:80 - create IPUIPlugin
2025-09-09 16:52:27,634 [INFO] PluginManager:220 - loadIPPluginJar : add hash
2025-09-09 16:52:27,638 [INFO] IPUIPlugin:80 - create IPUIPlugin
2025-09-09 16:52:27,639 [INFO] PluginManager:220 - loadIPPluginJar : add tsc
2025-09-09 16:52:27,644 [INFO] IPUIPlugin:80 - create IPUIPlugin
2025-09-09 16:52:27,644 [INFO] PluginManager:220 - loadIPPluginJar : add ucpd
2025-09-09 16:52:27,648 [INFO] IPUIPlugin:80 - create IPUIPlugin
2025-09-09 16:52:27,649 [INFO] PluginManager:220 - loadIPPluginJar : add genericplugin
2025-09-09 16:52:27,655 [INFO] IPUIPlugin:80 - create IPUIPlugin
2025-09-09 16:52:27,656 [INFO] PluginManager:220 - loadIPPluginJar : add tim
2025-09-09 16:52:27,667 [INFO] IPUIPlugin:80 - create IPUIPlugin
2025-09-09 16:52:27,667 [INFO] PluginManager:220 - loadIPPluginJar : add dma3
2025-09-09 16:52:27,673 [INFO] IPUIPlugin:80 - create IPUIPlugin
2025-09-09 16:52:27,674 [INFO] PluginManager:220 - loadIPPluginJar : add ts
2025-09-09 16:52:27,680 [INFO] IPUIPlugin:80 - create IPUIPlugin
2025-09-09 16:52:27,680 [INFO] PluginManager:220 - loadIPPluginJar : add extmemmanager
2025-09-09 16:52:27,697 [INFO] IPUIPlugin:80 - create IPUIPlugin
2025-09-09 16:52:27,698 [INFO] PluginManager:220 - loadIPPluginJar : add gic
2025-09-09 16:52:27,705 [INFO] IPUIPlugin:80 - create IPUIPlugin
2025-09-09 16:52:27,705 [INFO] PluginManager:220 - loadIPPluginJar : add gtzc
2025-09-09 16:52:27,723 [INFO] IPUIPlugin:80 - create IPUIPlugin
2025-09-09 16:52:27,723 [INFO] PluginManager:220 - loadIPPluginJar : add stm32_wpan
2025-09-09 16:52:27,736 [INFO] IPUIPlugin:80 - create IPUIPlugin
2025-09-09 16:52:27,737 [INFO] PluginManager:220 - loadIPPluginJar : add resmgrutility
2025-09-09 16:52:27,745 [INFO] IPUIPlugin:80 - create IPUIPlugin
2025-09-09 16:52:27,745 [INFO] PluginManager:220 - loadIPPluginJar : add can
2025-09-09 16:52:27,764 [INFO] IPUIPlugin:80 - create IPUIPlugin
2025-09-09 16:52:27,770 [INFO] PluginManager:220 - loadIPPluginJar : add plateformsettings
2025-09-09 16:52:27,783 [INFO] IPUIPlugin:80 - create IPUIPlugin
2025-09-09 16:52:27,785 [INFO] PluginManager:220 - loadIPPluginJar : add freertos
2025-09-09 16:52:27,791 [INFO] IPUIPlugin:80 - create IPUIPlugin
2025-09-09 16:52:27,791 [INFO] PluginManager:220 - loadIPPluginJar : add tracer_emb
2025-09-09 16:52:27,797 [INFO] IPUIPlugin:80 - create IPUIPlugin
2025-09-09 16:52:27,799 [INFO] PluginManager:220 - loadIPPluginJar : add radio
2025-09-09 16:52:27,956 [FATAL] Updater:351 - Updater called before beeing initialized
2025-09-09 16:52:27,991 [INFO] ThirdPartyUpdaterWithRetryManager:70 - Updater plugin not ready yet. [2/15]
2025-09-09 16:52:28,054 [INFO] RulesReader:64 - Compatibility file has been processed (317 Rules)
2025-09-09 16:52:28,094 [INFO] RulesReader:64 - Compatibility file has been processed (317 Rules)
2025-09-09 16:52:28,134 [INFO] CADModel:165 - CPN selected for project level
2025-09-09 16:52:28,135 [INFO] CADModel:114 - Register for checkConnection events
2025-09-09 16:52:28,136 [FATAL] Updater:351 - Updater called before beeing initialized
2025-09-09 16:52:28,136 [ERROR] CADModel:125 - Updater not yet initialized, retry later 
2025-09-09 16:52:29,430 [FATAL] Updater:351 - Updater called before beeing initialized
2025-09-09 16:52:29,436 [INFO] CADModel:165 - CPN selected for project level
2025-09-09 16:52:29,436 [INFO] CADModel:114 - Register for checkConnection events
2025-09-09 16:52:29,436 [FATAL] Updater:351 - Updater called before beeing initialized
2025-09-09 16:52:29,436 [ERROR] CADModel:125 - Updater not yet initialized, retry later 
2025-09-09 16:52:29,445 [FATAL] Updater:351 - Updater called before beeing initialized
2025-09-09 16:52:30,723 [FATAL] Updater:351 - Updater called before beeing initialized
2025-09-09 16:52:30,738 [INFO] DbMcusAds:53 - JSON generation date=Tue Jul 08 10:14:23 CEST 2025 (1751962463593)
2025-09-09 16:52:30,739 [FATAL] Updater:351 - Updater called before beeing initialized
2025-09-09 16:52:30,815 [WARN] DetailPanel:346 - Failed to get advertising image, set to default
2025-09-09 16:52:30,992 [FATAL] Updater:351 - Updater called before beeing initialized
2025-09-09 16:52:30,996 [ERROR] IntegrityCheckThread:130 - Cannot retrieve database content from updater: error 21
2025-09-09 16:52:30,997 [INFO] ThirdParty:978 - Integrity check success = false
2025-09-09 16:52:30,998 [INFO] IntegrityCheckThread:100 - exiting critical section [integrity check]
2025-09-09 16:52:30,998 [INFO] IntegrityCheckThread:103 - End integrity checks thread
2025-09-09 16:52:31,021 [FATAL] Updater:351 - Updater called before beeing initialized
2025-09-09 16:52:31,028 [FATAL] Updater:351 - Updater called before beeing initialized
2025-09-09 16:52:31,029 [FATAL] Updater:351 - Updater called before beeing initialized
2025-09-09 16:52:31,029 [WARN] DetailPanel:346 - Failed to get advertising image, set to default
2025-09-09 16:52:31,032 [FATAL] Updater:351 - Updater called before beeing initialized
2025-09-09 16:52:31,140 [ERROR] Updater:1198 - MainUpdater not yet initialized. External WinMGr cannot be set.
2025-09-09 16:52:31,148 [INFO] Updater:1134 - Updater Version found : 6.15.0
2025-09-09 16:52:31,208 [INFO] ApplicationProperties:184 - Using Application install path: /opt/st/stm32cubeide_1.19.0/plugins/com.st.stm32cube.common.mx_6.15.0.202507011659
2025-09-09 16:52:33,117 [INFO] MainUpdater:2872 - connection check result : 10
2025-09-09 16:52:33,119 [INFO] MainUpdater:3604 - Updater definition file requires update
2025-09-09 16:52:33,124 [INFO] MainUpdater:289 - Updater Check For Update Now.
2025-09-09 16:52:33,126 [INFO] MicroXplorer:498 - Change Database Version : DB.6.0.150
2025-09-09 16:52:33,150 [INFO] McuFinderGlobals:63 - Set McuFinder mode to 2 (CubeIDE integrated)
2025-09-09 16:52:33,156 [INFO] UserAuth:487 - Internet connection configuration mode: 1
2025-09-09 16:52:33,228 [INFO] JxBrowserEngine:152 - Initiate JxBrowser Engine with user profile folder
2025-09-09 16:52:33,240 [INFO] ServerAccessManage:452 - Complete download http(s) 200
2025-09-09 16:52:33,245 [INFO] ServerAccessManage:509 - Download File updaters.zip
2025-09-09 16:52:33,488 [INFO] FileExtend:248 - Unzip File : updaters.zip
2025-09-09 16:52:33,490 [INFO] FileExtend:263 - Standard Zip Deflate
2025-09-09 16:52:34,316 [INFO] ServerAccessManage:452 - Complete download http(s) 200
2025-09-09 16:52:34,317 [INFO] ServerAccessManage:509 - Download File PacksControlFlags.xml
2025-09-09 16:52:34,552 [INFO] ServerAccessManage:452 - Complete download http(s) 200
2025-09-09 16:52:34,555 [INFO] ServerAccessManage:509 - Download File cubemx.pidx
2025-09-09 16:52:37,674 [INFO] ServerAccessManage:452 - Complete download http(s) 200
2025-09-09 16:52:37,675 [INFO] ServerAccessManage:509 - Download File STMicroelectronics.X-CUBE-STSE01.pdsc
2025-09-09 16:52:37,763 [INFO] WebApp:169 - Instantiating new browser for Auth
2025-09-09 16:52:39,727 [WARN] PackLoader:240 - Cannot read IP mode file for STMicroelectronics.X-CUBE-STSE01.1.0.0
2025-09-09 16:52:39,740 [INFO] PopulateThirdPartyThread:66 - Ending populate Thread
2025-09-09 16:52:39,750 [INFO] ThirdParty:1030 - CMSIS Pack Vendor :STMicroelectronics X-CUBE-STSE01 1.0.0
2025-09-09 16:52:39,751 [INFO] LoadServerUpdatesThread:375 - End of LoadServerUpdate Thread
2025-09-09 16:52:39,953 [INFO] CheckServerUpdateThread:120 - End of CheckServer Thread
2025-09-09 16:52:40,715 [INFO] WebApp:463 - Apply proxy settings
2025-09-09 16:52:40,716 [INFO] WebApp:548 - Chromium requires no authentication
2025-09-09 16:52:40,731 [INFO] WebApp:491 - Direct internet connection detected
2025-09-09 16:52:40,776 [INFO] WebApp:900 - Register for checkConnection events
2025-09-09 16:52:40,776 [INFO] WebApp:463 - Apply proxy settings
2025-09-09 16:52:40,777 [INFO] WebApp:548 - Chromium requires no authentication
2025-09-09 16:52:40,780 [INFO] WebApp:491 - Direct internet connection detected
2025-09-09 16:52:41,185 [INFO] WebApp:225 - Starting web application
2025-09-09 16:52:41,186 [INFO] WebApp:593 - Web application path used /opt/st/stm32cubeide_1.19.0/plugins/com.st.stm32cube.common.mx_6.15.0.202507011659/db/plugins/mcufinder/reactClient1/index.html
2025-09-09 16:52:41,484 [INFO] UserAuth:487 - Internet connection configuration mode: 1
2025-09-09 16:52:42,257 [INFO] WebApp:191 - Connection restablished
2025-09-09 21:19:23,433 [ERROR] LogOutputStream:75 - [STDERR_REDIRECT] 
