2025-08-27 16:05:01,556 [INFO] Activator:176 - 


2025-08-27 16:05:01,561 [INFO] Activator:177 - !SESSION log4j initialized
2025-08-27 16:05:09,108 [INFO] LogOutputStream:77 - [STDOUT_REDIRECT] 
2025-08-27 16:05:11,255 [INFO] ApplicationProperties:184 - Using Application install path: /opt/st/stm32cubeide_1.19.0/plugins/com.st.stm32cube.common.mx_6.15.0.202507011659
2025-08-27 16:05:11,284 [INFO] DbMcusXml:78 - Set database path to: /opt/st/stm32cubeide_1.19.0/plugins/com.st.stm32cube.common.mx_6.15.0.202507011659//db//mcu/
2025-08-27 16:05:11,284 [INFO] ApiDb:274 - Set plugin database path to: /opt/st/stm32cubeide_1.19.0/plugins/com.st.stm32cube.common.mx_6.15.0.202507011659//db//plugins/boardmanager/
2025-08-27 16:05:11,284 [WARN] ApiDb:259 - Overriding images path with different value:  => /opt/st/stm32cubeide_1.19.0/plugins/com.st.stm32cube.common.mx_6.15.0.202507011659//db//plugins/mcufinder/images/
2025-08-27 16:05:11,295 [INFO] ApiDb:250 - Set database path to: /home/ernst/.stmcufinder/plugins/mcufinder//mcu/
2025-08-27 16:05:11,298 [INFO] DbMcusAds:125 - Set database path to: /home/ernst/.stmcufinder/plugins/mcufinder//mcu/
2025-08-27 16:05:11,302 [INFO] CrossReferenceDbSqlite:203 - Set database path to: /home/ernst/.stmcufinder/plugins/mcufinder//mcu/cs/
2025-08-27 16:05:11,472 [INFO] RulesReader:64 - Compatibility file has been processed (317 Rules)
2025-08-27 16:05:11,565 [INFO] DbMcusXml:78 - Set database path to: /opt/st/stm32cubeide_1.19.0/plugins/com.st.stm32cube.common.mx_6.15.0.202507011659//db//mcu/
2025-08-27 16:05:11,565 [INFO] ApiDb:274 - Set plugin database path to: /opt/st/stm32cubeide_1.19.0/plugins/com.st.stm32cube.common.mx_6.15.0.202507011659//db//plugins/boardmanager/
2025-08-27 16:05:11,565 [INFO] ApiDb:261 - Set plugin images path to: /opt/st/stm32cubeide_1.19.0/plugins/com.st.stm32cube.common.mx_6.15.0.202507011659//db//plugins/mcufinder/images/
2025-08-27 16:05:11,565 [WARN] DbFile:41 - Overriding database path with different value: /home/ernst/.stmcufinder/plugins/mcufinder/ => /home/ernst/.stmcufinder/plugins/mcufinder
2025-08-27 16:05:11,566 [INFO] ApiDb:250 - Set database path to: /home/ernst/.stmcufinder/plugins/mcufinder//mcu/
2025-08-27 16:05:11,566 [WARN] DbFile:41 - Overriding database path with different value: /home/ernst/.stmcufinder/plugins/mcufinder/ => /home/ernst/.stmcufinder/plugins/mcufinder
2025-08-27 16:05:11,566 [INFO] DbMcusAds:125 - Set database path to: /home/ernst/.stmcufinder/plugins/mcufinder//mcu/
2025-08-27 16:05:11,566 [WARN] DbFile:41 - Overriding database path with different value: /home/ernst/.stmcufinder/plugins/mcufinder/ => /home/ernst/.stmcufinder/plugins/mcufinder
2025-08-27 16:05:11,566 [WARN] DbFile:41 - Overriding database path with different value: /home/ernst/.stmcufinder/plugins/mcufinder/ => /home/ernst/.stmcufinder/plugins/mcufinder
2025-08-27 16:05:11,566 [INFO] CrossReferenceDbSqlite:203 - Set database path to: /home/ernst/.stmcufinder/plugins/mcufinder//mcu/cs/
2025-08-27 16:05:11,656 [INFO] MainPanel:274 - HeapMemory: 268435456
2025-08-27 16:05:11,891 [INFO] DbMcusXml:78 - Set database path to: /opt/st/stm32cubeide_1.19.0/plugins/com.st.stm32cube.common.mx_6.15.0.202507011659//db//mcu/
2025-08-27 16:05:11,891 [INFO] ApiDb:274 - Set plugin database path to: /opt/st/stm32cubeide_1.19.0/plugins/com.st.stm32cube.common.mx_6.15.0.202507011659//db//plugins/boardmanager/
2025-08-27 16:05:11,891 [INFO] ApiDb:261 - Set plugin images path to: /opt/st/stm32cubeide_1.19.0/plugins/com.st.stm32cube.common.mx_6.15.0.202507011659//db//plugins/mcufinder/images/
2025-08-27 16:05:11,892 [WARN] DbFile:41 - Overriding database path with different value: /home/ernst/.stmcufinder/plugins/mcufinder/ => /home/ernst/.stmcufinder/plugins/mcufinder
2025-08-27 16:05:11,892 [INFO] ApiDb:250 - Set database path to: /home/ernst/.stmcufinder/plugins/mcufinder//mcu/
2025-08-27 16:05:11,892 [WARN] DbFile:41 - Overriding database path with different value: /home/ernst/.stmcufinder/plugins/mcufinder/ => /home/ernst/.stmcufinder/plugins/mcufinder
2025-08-27 16:05:11,892 [INFO] DbMcusAds:125 - Set database path to: /home/ernst/.stmcufinder/plugins/mcufinder//mcu/
2025-08-27 16:05:11,892 [WARN] DbFile:41 - Overriding database path with different value: /home/ernst/.stmcufinder/plugins/mcufinder/ => /home/ernst/.stmcufinder/plugins/mcufinder
2025-08-27 16:05:11,892 [WARN] DbFile:41 - Overriding database path with different value: /home/ernst/.stmcufinder/plugins/mcufinder/ => /home/ernst/.stmcufinder/plugins/mcufinder
2025-08-27 16:05:11,892 [INFO] CrossReferenceDbSqlite:203 - Set database path to: /home/ernst/.stmcufinder/plugins/mcufinder//mcu/cs/
2025-08-27 16:05:11,910 [INFO] ApplicationProperties:184 - Using Application install path: /opt/st/stm32cubeide_1.19.0/plugins/com.st.stm32cube.common.mx_6.15.0.202507011659
2025-08-27 16:05:11,913 [INFO] PluginManage:196 - Search for loadable plugins [exclusion list=, ]
2025-08-27 16:05:11,914 [INFO] PluginManage:310 - Check plugin analytics
2025-08-27 16:05:12,130 [INFO] AnalyticsPlugin:253 - Accepted Software Licenses: 
2025-08-27 16:05:12,131 [INFO] AnalyticsPlugin:255 - Accepted CMSIS Pack Licenses: 
2025-08-27 16:05:12,131 [INFO] AnalyticsPlugin:257 - Accepted Firmware Licenses: FW.L4.1.18.0
2025-08-27 16:05:12,135 [INFO] PluginManage:359 - Loaded plugin analytics (category:tool,tabindex:-1)
2025-08-27 16:05:12,135 [INFO] PluginManage:310 - Check plugin cadmodel
2025-08-27 16:05:12,143 [INFO] CADModel:105 - Init CAD model plugin
2025-08-27 16:05:12,143 [INFO] PluginManage:359 - Loaded plugin cadmodel (category:power,tabindex:5)
2025-08-27 16:05:12,144 [INFO] PluginManage:310 - Check plugin clock
2025-08-27 16:05:12,158 [INFO] PluginManage:359 - Loaded plugin clock (category:base,tabindex:2)
2025-08-27 16:05:12,158 [INFO] PluginManage:310 - Check plugin ddr
2025-08-27 16:05:12,161 [INFO] PluginManage:359 - Loaded plugin ddr (category:tool,tabindex:6)
2025-08-27 16:05:12,162 [INFO] PluginManage:310 - Check plugin filemanager
2025-08-27 16:05:12,379 [INFO] PluginManage:359 - Loaded plugin filemanager (category:base,tabindex:10)
2025-08-27 16:05:12,379 [INFO] PluginManage:310 - Check plugin ipmanager
2025-08-27 16:05:12,385 [INFO] PluginManage:359 - Loaded plugin ipmanager (category:base,tabindex:5)
2025-08-27 16:05:12,386 [INFO] PluginManage:310 - Check plugin lpbam
2025-08-27 16:05:12,400 [INFO] PluginManage:359 - Loaded plugin lpbam (category:base,tabindex:0)
2025-08-27 16:05:12,401 [INFO] PluginManage:310 - Check plugin memorymap
2025-08-27 16:05:12,419 [INFO] PluginManage:359 - Loaded plugin memorymap (category:base,tabindex:4)
2025-08-27 16:05:12,420 [INFO] PluginManage:310 - Check plugin pinoutandconfiguration
2025-08-27 16:05:12,435 [INFO] PluginManage:359 - Loaded plugin pinoutandconfiguration (category:base,tabindex:1)
2025-08-27 16:05:12,435 [INFO] PluginManage:310 - Check plugin pinoutconfig
2025-08-27 16:05:12,551 [WARN] SupportedApi:132 - Cannot load RTOS API schema: s4s-elt-must-match.1: The content of 'definitions' must match (annotation?, (simpleType | complexType)?, (unique | key | keyref)*)). A problem was found starting at: attribute.
2025-08-27 16:05:12,725 [INFO] PluginManage:359 - Loaded plugin pinoutconfig (category:base,tabindex:0)
2025-08-27 16:05:12,726 [INFO] PluginManage:310 - Check plugin power
2025-08-27 16:05:12,742 [INFO] PluginManage:359 - Loaded plugin power (category:power,tabindex:4)
2025-08-27 16:05:12,742 [INFO] PluginManage:310 - Check plugin projectmanager
2025-08-27 16:05:12,761 [INFO] PluginManage:359 - Loaded plugin projectmanager (category:projectmanager,tabindex:4)
2025-08-27 16:05:12,761 [INFO] PluginManage:310 - Check plugin rif
2025-08-27 16:05:12,776 [INFO] PluginManage:359 - Loaded plugin rif (category:base,tabindex:3)
2025-08-27 16:05:12,776 [INFO] PluginManage:310 - Check plugin thirdparty
2025-08-27 16:05:12,955 [WARN] IntegrityCheckThread:84 - waiting for thirdparty lock release [integrity check]
2025-08-27 16:05:12,955 [INFO] PluginManage:359 - Loaded plugin thirdparty (category:base,tabindex:-1)
2025-08-27 16:05:12,956 [INFO] IntegrityCheckThread:86 - entering critical section [integrity check]
2025-08-27 16:05:12,956 [INFO] PluginManage:310 - Check plugin tools
2025-08-27 16:05:12,956 [INFO] ThirdPartyUpdaterWithRetryManager:70 - Updater plugin not ready yet. [1/15]
2025-08-27 16:05:12,959 [INFO] PluginManage:359 - Loaded plugin tools (category:base,tabindex:7)
2025-08-27 16:05:12,960 [INFO] PluginManage:310 - Check plugin tutovideos
2025-08-27 16:05:13,243 [INFO] PluginManage:359 - Loaded plugin tutovideos (category:base,tabindex:-1)
2025-08-27 16:05:13,243 [INFO] PluginManage:310 - Check plugin updater
2025-08-27 16:05:13,271 [INFO] PluginManage:359 - Loaded plugin updater (category:base,tabindex:12)
2025-08-27 16:05:13,271 [INFO] PluginManage:310 - Check plugin userauth
2025-08-27 16:05:13,277 [INFO] UserAuth:118 - Init User Auth plugin
2025-08-27 16:05:13,278 [INFO] PluginManage:359 - Loaded plugin userauth (category:base,tabindex:14)
2025-08-27 16:05:13,279 [INFO] PluginManage:283 - PluginManage : Loaded plugins [18]
2025-08-27 16:05:13,529 [INFO] PinOutPanel:1589 - setPackage(No Configuration,No Configuration)
2025-08-27 16:05:13,648 [INFO] CADModel:165 - CPN selected for project level
2025-08-27 16:05:13,648 [INFO] CADModel:114 - Register for checkConnection events
2025-08-27 16:05:13,671 [INFO] IPUIPlugin:80 - create IPUIPlugin
2025-08-27 16:05:13,672 [INFO] PluginManager:220 - loadIPPluginJar : add gpio
2025-08-27 16:05:13,680 [INFO] IPUIPlugin:80 - create IPUIPlugin
2025-08-27 16:05:13,680 [INFO] PluginManager:220 - loadIPPluginJar : add ltdc
2025-08-27 16:05:13,692 [INFO] IPUIPlugin:80 - create IPUIPlugin
2025-08-27 16:05:13,692 [INFO] PluginManager:220 - loadIPPluginJar : add lorawan
2025-08-27 16:05:13,705 [INFO] IPUIPlugin:80 - create IPUIPlugin
2025-08-27 16:05:13,705 [INFO] PluginManager:220 - loadIPPluginJar : add mdma
2025-08-27 16:05:13,709 [INFO] IPUIPlugin:80 - create IPUIPlugin
2025-08-27 16:05:13,709 [INFO] PluginManager:220 - loadIPPluginJar : add comp
2025-08-27 16:05:13,714 [INFO] IPUIPlugin:80 - create IPUIPlugin
2025-08-27 16:05:13,715 [INFO] PluginManager:220 - loadIPPluginJar : add gfxmmu
2025-08-27 16:05:13,720 [INFO] IPUIPlugin:80 - create IPUIPlugin
2025-08-27 16:05:13,720 [INFO] PluginManager:220 - loadIPPluginJar : add i2c
2025-08-27 16:05:13,727 [INFO] IPUIPlugin:80 - create IPUIPlugin
2025-08-27 16:05:13,727 [INFO] PluginManager:220 - loadIPPluginJar : add ddr_ctrl_phy
2025-08-27 16:05:13,733 [INFO] IPUIPlugin:80 - create IPUIPlugin
2025-08-27 16:05:13,734 [INFO] PluginManager:220 - loadIPPluginJar : add pdm2pcm
2025-08-27 16:05:13,739 [INFO] IPUIPlugin:80 - create IPUIPlugin
2025-08-27 16:05:13,739 [INFO] PluginManager:220 - loadIPPluginJar : add i3c
2025-08-27 16:05:13,748 [INFO] IPUIPlugin:80 - create IPUIPlugin
2025-08-27 16:05:13,748 [INFO] PluginManager:220 - loadIPPluginJar : add opamp
2025-08-27 16:05:13,762 [INFO] IPUIPlugin:80 - create IPUIPlugin
2025-08-27 16:05:13,763 [INFO] PluginManager:220 - loadIPPluginJar : add linkedlist
2025-08-27 16:05:13,766 [INFO] IPUIPlugin:80 - create IPUIPlugin
2025-08-27 16:05:13,766 [INFO] PluginManager:220 - loadIPPluginJar : add quadspi
2025-08-27 16:05:13,772 [INFO] IPUIPlugin:80 - create IPUIPlugin
2025-08-27 16:05:13,772 [INFO] PluginManager:220 - loadIPPluginJar : add aes
2025-08-27 16:05:13,777 [INFO] IPUIPlugin:80 - create IPUIPlugin
2025-08-27 16:05:13,777 [INFO] PluginManager:220 - loadIPPluginJar : add dfsdm
2025-08-27 16:05:13,784 [INFO] IPUIPlugin:80 - create IPUIPlugin
2025-08-27 16:05:13,784 [INFO] PluginManager:220 - loadIPPluginJar : add usbx
2025-08-27 16:05:13,793 [INFO] IPUIPlugin:80 - create IPUIPlugin
2025-08-27 16:05:13,794 [INFO] PluginManager:220 - loadIPPluginJar : add fmc
2025-08-27 16:05:13,801 [INFO] IPUIPlugin:80 - create IPUIPlugin
2025-08-27 16:05:13,801 [INFO] PluginManager:220 - loadIPPluginJar : add touchsensing
2025-08-27 16:05:13,807 [INFO] IPUIPlugin:80 - create IPUIPlugin
2025-08-27 16:05:13,807 [INFO] PluginManager:220 - loadIPPluginJar : add usart
2025-08-27 16:05:13,817 [INFO] IPUIPlugin:80 - create IPUIPlugin
2025-08-27 16:05:13,817 [INFO] PluginManager:220 - loadIPPluginJar : add nvic
2025-08-27 16:05:13,821 [INFO] IPUIPlugin:80 - create IPUIPlugin
2025-08-27 16:05:13,822 [INFO] PluginManager:220 - loadIPPluginJar : add spi
2025-08-27 16:05:13,833 [INFO] IPUIPlugin:80 - create IPUIPlugin
2025-08-27 16:05:13,833 [INFO] PluginManager:220 - loadIPPluginJar : add adc
2025-08-27 16:05:13,840 [INFO] IPUIPlugin:80 - create IPUIPlugin
2025-08-27 16:05:13,840 [INFO] PluginManager:220 - loadIPPluginJar : add ipddr
2025-08-27 16:05:13,846 [INFO] IPUIPlugin:80 - create IPUIPlugin
2025-08-27 16:05:13,846 [INFO] PluginManager:220 - loadIPPluginJar : add cryp
2025-08-27 16:05:13,854 [INFO] IPUIPlugin:80 - create IPUIPlugin
2025-08-27 16:05:13,854 [INFO] PluginManager:220 - loadIPPluginJar : add sai
2025-08-27 16:05:13,859 [INFO] IPUIPlugin:80 - create IPUIPlugin
2025-08-27 16:05:13,860 [INFO] PluginManager:220 - loadIPPluginJar : add i2s
2025-08-27 16:05:13,863 [INFO] IPUIPlugin:80 - create IPUIPlugin
2025-08-27 16:05:13,863 [INFO] PluginManager:220 - loadIPPluginJar : add fatfs
2025-08-27 16:05:13,876 [INFO] IPUIPlugin:80 - create IPUIPlugin
2025-08-27 16:05:13,876 [INFO] PluginManager:220 - loadIPPluginJar : add dma
2025-08-27 16:05:13,882 [INFO] IPUIPlugin:80 - create IPUIPlugin
2025-08-27 16:05:13,882 [INFO] PluginManager:220 - loadIPPluginJar : add openamp
2025-08-27 16:05:13,886 [INFO] IPUIPlugin:80 - create IPUIPlugin
2025-08-27 16:05:13,887 [INFO] PluginManager:220 - loadIPPluginJar : add hash
2025-08-27 16:05:13,890 [INFO] IPUIPlugin:80 - create IPUIPlugin
2025-08-27 16:05:13,890 [INFO] PluginManager:220 - loadIPPluginJar : add tsc
2025-08-27 16:05:13,894 [INFO] IPUIPlugin:80 - create IPUIPlugin
2025-08-27 16:05:13,894 [INFO] PluginManager:220 - loadIPPluginJar : add ucpd
2025-08-27 16:05:13,897 [INFO] IPUIPlugin:80 - create IPUIPlugin
2025-08-27 16:05:13,897 [INFO] PluginManager:220 - loadIPPluginJar : add genericplugin
2025-08-27 16:05:13,900 [INFO] IPUIPlugin:80 - create IPUIPlugin
2025-08-27 16:05:13,900 [INFO] PluginManager:220 - loadIPPluginJar : add tim
2025-08-27 16:05:13,906 [INFO] IPUIPlugin:80 - create IPUIPlugin
2025-08-27 16:05:13,906 [INFO] PluginManager:220 - loadIPPluginJar : add dma3
2025-08-27 16:05:13,909 [INFO] IPUIPlugin:80 - create IPUIPlugin
2025-08-27 16:05:13,909 [INFO] PluginManager:220 - loadIPPluginJar : add ts
2025-08-27 16:05:13,915 [INFO] IPUIPlugin:80 - create IPUIPlugin
2025-08-27 16:05:13,915 [INFO] PluginManager:220 - loadIPPluginJar : add extmemmanager
2025-08-27 16:05:13,928 [INFO] IPUIPlugin:80 - create IPUIPlugin
2025-08-27 16:05:13,928 [INFO] PluginManager:220 - loadIPPluginJar : add gic
2025-08-27 16:05:13,935 [INFO] IPUIPlugin:80 - create IPUIPlugin
2025-08-27 16:05:13,935 [INFO] PluginManager:220 - loadIPPluginJar : add gtzc
2025-08-27 16:05:13,949 [INFO] IPUIPlugin:80 - create IPUIPlugin
2025-08-27 16:05:13,949 [INFO] PluginManager:220 - loadIPPluginJar : add stm32_wpan
2025-08-27 16:05:13,958 [INFO] IPUIPlugin:80 - create IPUIPlugin
2025-08-27 16:05:13,958 [INFO] PluginManager:220 - loadIPPluginJar : add resmgrutility
2025-08-27 16:05:13,963 [INFO] IPUIPlugin:80 - create IPUIPlugin
2025-08-27 16:05:13,963 [INFO] PluginManager:220 - loadIPPluginJar : add can
2025-08-27 16:05:13,979 [INFO] IPUIPlugin:80 - create IPUIPlugin
2025-08-27 16:05:13,985 [INFO] PluginManager:220 - loadIPPluginJar : add plateformsettings
2025-08-27 16:05:13,997 [INFO] IPUIPlugin:80 - create IPUIPlugin
2025-08-27 16:05:13,997 [INFO] PluginManager:220 - loadIPPluginJar : add freertos
2025-08-27 16:05:14,001 [INFO] IPUIPlugin:80 - create IPUIPlugin
2025-08-27 16:05:14,002 [INFO] PluginManager:220 - loadIPPluginJar : add tracer_emb
2025-08-27 16:05:14,006 [INFO] IPUIPlugin:80 - create IPUIPlugin
2025-08-27 16:05:14,007 [INFO] PluginManager:220 - loadIPPluginJar : add radio
2025-08-27 16:05:14,157 [FATAL] Updater:351 - Updater called before beeing initialized
2025-08-27 16:05:14,782 [INFO] RulesReader:64 - Compatibility file has been processed (317 Rules)
2025-08-27 16:05:14,797 [INFO] RulesReader:64 - Compatibility file has been processed (317 Rules)
2025-08-27 16:05:14,807 [INFO] CADModel:165 - CPN selected for project level
2025-08-27 16:05:14,807 [INFO] CADModel:114 - Register for checkConnection events
2025-08-27 16:05:14,807 [FATAL] Updater:351 - Updater called before beeing initialized
2025-08-27 16:05:14,807 [ERROR] CADModel:125 - Updater not yet initialized, retry later 
2025-08-27 16:05:15,003 [FATAL] Updater:351 - Updater called before beeing initialized
2025-08-27 16:05:15,005 [INFO] CADModel:165 - CPN selected for project level
2025-08-27 16:05:15,005 [INFO] CADModel:114 - Register for checkConnection events
2025-08-27 16:05:15,005 [FATAL] Updater:351 - Updater called before beeing initialized
2025-08-27 16:05:15,005 [ERROR] CADModel:125 - Updater not yet initialized, retry later 
2025-08-27 16:05:15,008 [FATAL] Updater:351 - Updater called before beeing initialized
2025-08-27 16:05:15,136 [FATAL] Updater:351 - Updater called before beeing initialized
2025-08-27 16:05:15,144 [INFO] DbMcusAds:53 - JSON generation date=Tue Jul 08 10:14:23 CEST 2025 (1751962463593)
2025-08-27 16:05:15,145 [FATAL] Updater:351 - Updater called before beeing initialized
2025-08-27 16:05:15,238 [WARN] DetailPanel:346 - Failed to get advertising image, set to default
2025-08-27 16:05:15,432 [FATAL] Updater:351 - Updater called before beeing initialized
2025-08-27 16:05:15,436 [FATAL] Updater:351 - Updater called before beeing initialized
2025-08-27 16:05:15,436 [FATAL] Updater:351 - Updater called before beeing initialized
2025-08-27 16:05:15,437 [WARN] DetailPanel:346 - Failed to get advertising image, set to default
2025-08-27 16:05:15,439 [FATAL] Updater:351 - Updater called before beeing initialized
2025-08-27 16:05:15,520 [ERROR] Updater:1198 - MainUpdater not yet initialized. External WinMGr cannot be set.
2025-08-27 16:05:15,522 [INFO] Updater:1134 - Updater Version found : 6.15.0
2025-08-27 16:05:15,546 [INFO] ApplicationProperties:184 - Using Application install path: /opt/st/stm32cubeide_1.19.0/plugins/com.st.stm32cube.common.mx_6.15.0.202507011659
2025-08-27 16:05:15,900 [INFO] MainUpdater:2872 - connection check result : 10
2025-08-27 16:05:15,901 [INFO] MainUpdater:3604 - Updater definition file requires update
2025-08-27 16:05:15,901 [INFO] MainUpdater:289 - Updater Check For Update Now.
2025-08-27 16:05:15,902 [INFO] MicroXplorer:498 - Change Database Version : DB.6.0.150
2025-08-27 16:05:15,917 [INFO] McuFinderGlobals:63 - Set McuFinder mode to 2 (CubeIDE integrated)
2025-08-27 16:05:15,920 [INFO] UserAuth:487 - Internet connection configuration mode: 1
2025-08-27 16:05:15,957 [WARN] MainUpdater:1193 - Updater busy. Cannot search thirdparties
2025-08-27 16:05:15,958 [INFO] ThirdPartyUpdaterWithRetryManager:96 - Updater plugin is busy. [1/15]
2025-08-27 16:05:15,962 [INFO] JxBrowserEngine:152 - Initiate JxBrowser Engine with user profile folder
2025-08-27 16:05:15,977 [INFO] ServerAccessManage:452 - Complete download http(s) 200
2025-08-27 16:05:15,979 [INFO] ServerAccessManage:509 - Download File updaters.zip
2025-08-27 16:05:16,077 [INFO] FileExtend:248 - Unzip File : updaters.zip
2025-08-27 16:05:16,077 [INFO] FileExtend:263 - Standard Zip Deflate
2025-08-27 16:05:16,385 [INFO] ServerAccessManage:452 - Complete download http(s) 200
2025-08-27 16:05:16,385 [INFO] ServerAccessManage:509 - Download File PacksControlFlags.xml
2025-08-27 16:05:16,520 [INFO] ServerAccessManage:452 - Complete download http(s) 200
2025-08-27 16:05:16,520 [INFO] ServerAccessManage:509 - Download File cubemx.pidx
2025-08-27 16:05:16,705 [INFO] LoadServerUpdatesThread:375 - End of LoadServerUpdate Thread
2025-08-27 16:05:16,970 [INFO] CheckServerUpdateThread:120 - End of CheckServer Thread
2025-08-27 16:05:17,978 [INFO] WebApp:169 - Instantiating new browser for Auth
2025-08-27 16:05:19,240 [WARN] PackLoader:240 - Cannot read IP mode file for STMicroelectronics.FP-SNS-MOTENVWB1.1.4.0
2025-08-27 16:05:19,252 [WARN] PackLoader:240 - Cannot read IP mode file for STMicroelectronics.FP-ATR-ASTRA1.2.0.2
2025-08-27 16:05:19,264 [WARN] PackLoader:240 - Cannot read IP mode file for STMicroelectronics.X-CUBE-SMBUS.2.1.0
2025-08-27 16:05:19,275 [WARN] PackLoader:240 - Cannot read IP mode file for STMicroelectronics.X-CUBE-WB05N.1.1.0
2025-08-27 16:05:19,283 [WARN] PackLoader:240 - Cannot read IP mode file for STMicroelectronics.X-CUBE-ST60.1.0.0
2025-08-27 16:05:19,336 [WARN] PackLoader:240 - Cannot read IP mode file for STMicroelectronics.X-CUBE-AZRTOS-F7.1.1.0
2025-08-27 16:05:19,351 [WARN] PackLoader:240 - Cannot read IP mode file for STMicroelectronics.FP-SNS-FLIGHT1.5.0.2
2025-08-27 16:05:19,405 [WARN] PackLoader:240 - Cannot read IP mode file for Infineon.AIROC-Wi-Fi-Bluetooth-STM32.1.7.0
2025-08-27 16:05:19,469 [WARN] PackLoader:240 - Cannot read IP mode file for STMicroelectronics.X-CUBE-AZRTOS-H7.3.4.0
2025-08-27 16:05:19,488 [WARN] PackLoader:240 - Cannot read IP mode file for STMicroelectronics.X-CUBE-DISPLAY.3.0.0
2025-08-27 16:05:19,558 [WARN] PackLoader:240 - Cannot read IP mode file for STMicroelectronics.X-CUBE-NFC10.1.0.0
2025-08-27 16:05:19,647 [WARN] PackLoader:240 - Cannot read IP mode file for STMicroelectronics.X-CUBE-BLEMGR.4.0.0
2025-08-27 16:05:19,694 [WARN] PackLoader:240 - Cannot read IP mode file for emotas.I-CUBE-CANOPEN.1.3.0
2025-08-27 16:05:19,710 [WARN] ConditionMgr:438 - getConditionDescription Invalid condition id : Cortex-A Device cause : null
2025-08-27 16:05:19,733 [WARN] ConditionMgr:1044 - genDependencies : Invalid condition id : Cortex-A Device cause : null
2025-08-27 16:05:19,734 [WARN] ConditionMgr:1044 - genDependencies : Invalid condition id : Cortex-A Device cause : null
2025-08-27 16:05:19,734 [WARN] ConditionMgr:1044 - genDependencies : Invalid condition id : Cortex-A Device cause : null
2025-08-27 16:05:19,738 [WARN] PackLoader:240 - Cannot read IP mode file for STMicroelectronics.X-CUBE-AI.10.0.0
2025-08-27 16:05:19,756 [WARN] PackLoader:240 - Cannot read IP mode file for STMicroelectronics.FP-SNS-STBOX1.2.1.0
2025-08-27 16:05:19,770 [WARN] PackLoader:240 - Cannot read IP mode file for STMicroelectronics.FP-SNS-SMARTAG2.1.2.0
2025-08-27 16:05:19,782 [WARN] PackLoader:240 - Cannot read IP mode file for STMicroelectronics.FP-SNS-FLIGHT1.5.1.0
2025-08-27 16:05:19,826 [INFO] WebApp:463 - Apply proxy settings
2025-08-27 16:05:19,826 [INFO] WebApp:548 - Chromium requires no authentication
2025-08-27 16:05:19,847 [INFO] WebApp:491 - Direct internet connection detected
2025-08-27 16:05:19,920 [INFO] WebApp:900 - Register for checkConnection events
2025-08-27 16:05:19,921 [INFO] WebApp:463 - Apply proxy settings
2025-08-27 16:05:19,921 [INFO] WebApp:548 - Chromium requires no authentication
2025-08-27 16:05:19,922 [INFO] WebApp:491 - Direct internet connection detected
2025-08-27 16:05:19,970 [WARN] PackLoader:240 - Cannot read IP mode file for STMicroelectronics.X-CUBE-MEMS1.11.1.0
2025-08-27 16:05:20,312 [INFO] WebApp:225 - Starting web application
2025-08-27 16:05:20,312 [INFO] WebApp:593 - Web application path used /opt/st/stm32cubeide_1.19.0/plugins/com.st.stm32cube.common.mx_6.15.0.202507011659/db/plugins/mcufinder/reactClient1/index.html
2025-08-27 16:05:20,376 [INFO] LogOutputStream:77 - [STDOUT_REDIRECT] 1 : Invalid condition id : UX_CORESTACK_Condition cause : null
2025-08-27 16:05:20,377 [INFO] LogOutputStream:77 - [STDOUT_REDIRECT] 1 : Invalid condition id : UX_CORESTACK_Condition cause : null
2025-08-27 16:05:20,377 [INFO] LogOutputStream:77 - [STDOUT_REDIRECT] 1 : Invalid condition id : UX_CORESTACK_Condition cause : null
2025-08-27 16:05:20,378 [INFO] LogOutputStream:77 - [STDOUT_REDIRECT] 1 : Invalid condition id : UX_CORESTACK_Condition cause : null
2025-08-27 16:05:20,379 [INFO] LogOutputStream:77 - [STDOUT_REDIRECT] 1 : Invalid condition id : UX_CORESTACK_Condition cause : null
2025-08-27 16:05:20,387 [WARN] PackLoader:240 - Cannot read IP mode file for STMicroelectronics.X-CUBE-AZRTOS-WL.2.0.0
2025-08-27 16:05:20,398 [WARN] PackLoader:240 - Cannot read IP mode file for STMicroelectronics.FP-SNS-MOTENV1.5.0.0
2025-08-27 16:05:20,440 [WARN] PackLoader:240 - Cannot read IP mode file for WES.I-CUBE-Cesium.1.3.0
2025-08-27 16:05:20,448 [WARN] PackLoader:240 - Cannot read IP mode file for STMicroelectronics.X-CUBE-BLE2.3.3.0
2025-08-27 16:05:20,459 [WARN] PackLoader:240 - Cannot read IP mode file for STMicroelectronics.X-CUBE-NFC9.1.0.0
2025-08-27 16:05:20,475 [WARN] PackLoader:240 - Cannot read IP mode file for STMicroelectronics.X-CUBE-BLE1.7.1.0
2025-08-27 16:05:20,479 [WARN] PackLoader:240 - Cannot read IP mode file for wolfSSL.I-CUBE-wolfMQTT.1.19.2
2025-08-27 16:05:20,485 [WARN] PackLoader:240 - Cannot read IP mode file for STMicroelectronics.X-CUBE-EEPRMA1.5.2.0
2025-08-27 16:05:20,493 [WARN] PackLoader:240 - Cannot read IP mode file for STMicroelectronics.X-CUBE-AI.10.1.0
2025-08-27 16:05:20,514 [WARN] PackLoader:240 - Cannot read IP mode file for STMicroelectronics.X-CUBE-AZRTOS-G0.1.1.0
2025-08-27 16:05:20,527 [WARN] PackLoader:240 - Cannot read IP mode file for STMicroelectronics.X-CUBE-SAFEA1.1.2.2
2025-08-27 16:05:20,535 [WARN] PackLoader:240 - Cannot read IP mode file for STMicroelectronics.X-CUBE-NFC4.3.0.0
2025-08-27 16:05:20,552 [WARN] PackLoader:240 - Cannot read IP mode file for EmbeddedOffice.I-CUBE-FS-RTOS.1.0.1
2025-08-27 16:05:20,561 [WARN] PackLoader:240 - Cannot read IP mode file for STMicroelectronics.X-CUBE-WB05N.2.0.0
2025-08-27 16:05:20,567 [WARN] PackLoader:240 - Cannot read IP mode file for wolfSSL.I-CUBE-wolfTPM.3.8.0
2025-08-27 16:05:20,573 [INFO] UserAuth:487 - Internet connection configuration mode: 1
2025-08-27 16:05:20,575 [WARN] PackLoader:240 - Cannot read IP mode file for STMicroelectronics.X-CUBE-TCPP.4.2.0
2025-08-27 16:05:20,583 [WARN] PackLoader:240 - Cannot read IP mode file for RealThread.X-CUBE-RT-Thread_Nano.4.1.1
2025-08-27 16:05:20,589 [WARN] PackLoader:240 - Cannot read IP mode file for STMicroelectronics.FP-ATR-SIGFOX1.3.2.0
2025-08-27 16:05:20,629 [WARN] PackLoader:240 - Cannot read IP mode file for STMicroelectronics.X-CUBE-EEPRMA1.5.1.0
2025-08-27 16:05:20,640 [WARN] PackLoader:240 - Cannot read IP mode file for wolfSSL.I-CUBE-wolfSSL.5.7.6
2025-08-27 16:05:20,648 [WARN] PackLoader:240 - Cannot read IP mode file for ITTIA_DB.I-CUBE-ITTIADB.8.9.0
2025-08-27 16:05:20,655 [WARN] PackLoader:240 - Cannot read IP mode file for STMicroelectronics.X-CUBE-ST67W61.1.0.0
2025-08-27 16:05:20,665 [WARN] PackLoader:240 - Cannot read IP mode file for STMicroelectronics.X-CUBE-AI.10.2.0
2025-08-27 16:05:20,737 [WARN] PackLoader:240 - Cannot read IP mode file for SEGGER.I-CUBE-embOS.1.3.1
2025-08-27 16:05:20,896 [WARN] PackLoader:240 - Cannot read IP mode file for STMicroelectronics.X-CUBE-ALGOBUILD.1.4.0
2025-08-27 16:05:21,033 [WARN] PackLoader:240 - Cannot read IP mode file for STMicroelectronics.X-CUBE-MEMS1.11.3.0
2025-08-27 16:05:21,134 [INFO] WebApp:191 - Connection restablished
2025-08-27 16:05:21,454 [WARN] PackLoader:240 - Cannot read IP mode file for STMicroelectronics.X-CUBE-PM33A1.1.0.0
2025-08-27 16:05:21,491 [WARN] PackLoader:240 - Cannot read IP mode file for STMicroelectronics.X-CUBE-AZRTOS-F4.1.1.0
2025-08-27 16:05:21,504 [WARN] PackLoader:240 - Cannot read IP mode file for Avnet-IotConnect.X-CUBE-IoTC-DA16k-PMOD.1.0.0
2025-08-27 16:05:21,511 [WARN] PackLoader:240 - Cannot read IP mode file for STMicroelectronics.X-CUBE-ISPU.2.1.0
2025-08-27 16:05:21,524 [WARN] PackLoader:240 - Cannot read IP mode file for STMicroelectronics.X-CUBE-NFC12.1.0.0
2025-08-27 16:05:21,557 [WARN] PackLoader:240 - Cannot read IP mode file for STMicroelectronics.X-CUBE-AZRTOS-L5.2.0.0
2025-08-27 16:05:21,601 [WARN] PackLoader:240 - Cannot read IP mode file for STMicroelectronics.X-CUBE-NFC6.3.1.0
2025-08-27 16:05:21,615 [WARN] PackLoader:240 - Cannot read IP mode file for STMicroelectronics.X-CUBE-DPower.1.2.0
2025-08-27 16:05:21,626 [WARN] PackLoader:240 - Cannot read IP mode file for STMicroelectronics.X-CUBE-FREERTOS.1.3.1
2025-08-27 16:05:21,635 [WARN] PackLoader:240 - Cannot read IP mode file for STMicroelectronics.X-CUBE-FREERTOS.1.3.0
2025-08-27 16:05:21,640 [WARN] PackLoader:240 - Cannot read IP mode file for STMicroelectronics.X-CUBE-NFC7.1.0.1
2025-08-27 16:05:21,649 [WARN] PackLoader:240 - Cannot read IP mode file for STMicroelectronics.FP-SNS-STAIOTCFT.1.0.0
2025-08-27 16:05:21,655 [WARN] PackLoader:240 - Cannot read IP mode file for STMicroelectronics.X-CUBE-DPower.1.3.0
2025-08-27 16:05:21,670 [WARN] ConditionMgr:438 - getConditionDescription Invalid condition id : LAN8742 Phy interface Condition cause : null
2025-08-27 16:05:21,671 [WARN] PackLoader:240 - Cannot read IP mode file for STMicroelectronics.X-CUBE-AZRTOS-L4.2.0.0
2025-08-27 16:05:21,672 [WARN] ConditionMgr:1044 - genDependencies : Invalid condition id : LAN8742 Phy interface Condition cause : null
2025-08-27 16:05:21,673 [WARN] ConditionMgr:1044 - genDependencies : Invalid condition id : LAN8742 Phy interface Condition cause : null
2025-08-27 16:05:21,674 [WARN] ConditionMgr:1044 - genDependencies : Invalid condition id : LAN8742 Phy interface Condition cause : null
2025-08-27 16:05:21,681 [WARN] PackLoader:240 - Cannot read IP mode file for STMicroelectronics.X-CUBE-SFXS2LP1.4.0.0
2025-08-27 16:05:21,699 [WARN] PackLoader:240 - Cannot read IP mode file for STMicroelectronics.X-CUBE-AZRTOS-H7.3.3.0
2025-08-27 16:05:21,713 [WARN] PackLoader:240 - Cannot read IP mode file for STMicroelectronics.X-CUBE-BLEMGR.4.1.0
2025-08-27 16:05:21,730 [WARN] ConditionMgr:438 - getConditionDescription Invalid condition id : UX DEVICE CLASS RTOS Condition cause : null
2025-08-27 16:05:21,730 [WARN] ConditionMgr:438 - getConditionDescription Invalid condition id : UX DEVICE CLASS RTOS Condition cause : null
2025-08-27 16:05:21,732 [WARN] PackLoader:240 - Cannot read IP mode file for STMicroelectronics.X-CUBE-AZRTOS-WB.2.0.0
2025-08-27 16:05:21,732 [WARN] ConditionMgr:1044 - genDependencies : Invalid condition id : UX DEVICE CLASS RTOS Condition cause : null
2025-08-27 16:05:21,732 [WARN] ConditionMgr:1044 - genDependencies : Invalid condition id : UX DEVICE CLASS RTOS Condition cause : null
2025-08-27 16:05:21,733 [WARN] ConditionMgr:1044 - genDependencies : Invalid condition id : UX DEVICE CLASS RTOS Condition cause : null
2025-08-27 16:05:21,733 [WARN] ConditionMgr:1044 - genDependencies : Invalid condition id : UX DEVICE CLASS RTOS Condition cause : null
2025-08-27 16:05:21,733 [WARN] ConditionMgr:1044 - genDependencies : Invalid condition id : UX DEVICE CLASS RTOS Condition cause : null
2025-08-27 16:05:21,740 [WARN] PackLoader:240 - Cannot read IP mode file for STMicroelectronics.X-CUBE-GNSS1.7.0.1
2025-08-27 16:05:21,746 [WARN] PackLoader:240 - Cannot read IP mode file for STMicroelectronics.X-CUBE-TOUCHGFX.4.25.0
2025-08-27 16:05:21,752 [WARN] PackLoader:240 - Cannot read IP mode file for STMicroelectronics.FP-SNS-STBOX1.2.0.0
2025-08-27 16:05:21,764 [WARN] PackLoader:240 - Cannot read IP mode file for STMicroelectronics.X-CUBE-SUBG2.5.0.0
2025-08-27 16:05:21,787 [WARN] PackLoader:240 - Cannot read IP mode file for STMicroelectronics.X-CUBE-AZRTOS-H7RS.1.1.0
2025-08-27 16:05:21,793 [WARN] PackLoader:240 - Cannot read IP mode file for Cesanta.I-CUBE-Mongoose.7.13.0
2025-08-27 16:05:21,803 [WARN] PackLoader:240 - Cannot read IP mode file for STMicroelectronics.X-CUBE-AZRTOS-G4.2.0.0
2025-08-27 16:05:21,809 [WARN] PackLoader:240 - Cannot read IP mode file for wolfSSL.I-CUBE-wolfSSH.1.4.20
2025-08-27 16:05:21,813 [WARN] PackLoader:240 - Cannot read IP mode file for STMicroelectronics.X-CUBE-NFC7.2.0.0
2025-08-27 16:05:21,825 [WARN] PackLoader:240 - Cannot read IP mode file for STMicroelectronics.X-CUBE-IPS.3.1.0
2025-08-27 16:05:21,840 [WARN] PackLoader:240 - Cannot read IP mode file for STMicroelectronics.X-CUBE-ALS.1.0.2
2025-08-27 16:05:21,846 [WARN] PackLoader:240 - Cannot read IP mode file for portGmbH.I-Cube-SoM-uGOAL.1.1.0
2025-08-27 16:05:21,864 [WARN] PackLoader:240 - Cannot read IP mode file for STMicroelectronics.X-CUBE-AZRTOS-H7RS.1.0.0
2025-08-27 16:05:21,880 [WARN] PackLoader:240 - Cannot read IP mode file for STMicroelectronics.X-CUBE-TOF1.3.4.2
2025-08-27 16:05:21,915 [WARN] PackLoader:240 - Cannot read IP mode file for STMicroelectronics.X-CUBE-TOF1.3.4.3
2025-08-27 16:05:21,938 [INFO] ThirdParty:978 - Integrity check success = true
2025-08-27 16:05:21,938 [INFO] IntegrityCheckThread:100 - exiting critical section [integrity check]
2025-08-27 16:05:21,939 [INFO] IntegrityCheckThread:103 - End integrity checks thread
2025-08-27 21:49:26,962 [INFO] WebApp:194 - Connection lost
2025-08-27 21:49:34,327 [INFO] WebApp:191 - Connection restablished
