2025-09-28 12:40:47,939 [INFO] Activator:176 - 


2025-09-28 12:40:47,948 [INFO] Activator:177 - !SESSION log4j initialized
2025-09-28 12:40:56,738 [INFO] LogOutputStream:77 - [STDOUT_REDIRECT] 
2025-09-28 12:40:58,293 [INFO] ApplicationProperties:184 - Using Application install path: /opt/st/stm32cubeide_1.19.0/plugins/com.st.stm32cube.common.mx_6.15.0.202507011659
2025-09-28 12:40:58,324 [INFO] DbMcusXml:78 - Set database path to: /opt/st/stm32cubeide_1.19.0/plugins/com.st.stm32cube.common.mx_6.15.0.202507011659//db//mcu/
2025-09-28 12:40:58,325 [INFO] ApiDb:274 - Set plugin database path to: /opt/st/stm32cubeide_1.19.0/plugins/com.st.stm32cube.common.mx_6.15.0.202507011659//db//plugins/boardmanager/
2025-09-28 12:40:58,325 [WARN] ApiDb:259 - Overriding images path with different value:  => /opt/st/stm32cubeide_1.19.0/plugins/com.st.stm32cube.common.mx_6.15.0.202507011659//db//plugins/mcufinder/images/
2025-09-28 12:40:58,341 [INFO] ApiDb:250 - Set database path to: /home/ernst/.stmcufinder/plugins/mcufinder//mcu/
2025-09-28 12:40:58,344 [INFO] DbMcusAds:125 - Set database path to: /home/ernst/.stmcufinder/plugins/mcufinder//mcu/
2025-09-28 12:40:58,350 [INFO] CrossReferenceDbSqlite:203 - Set database path to: /home/ernst/.stmcufinder/plugins/mcufinder//mcu/cs/
2025-09-28 12:40:58,588 [INFO] RulesReader:64 - Compatibility file has been processed (317 Rules)
2025-09-28 12:40:58,712 [INFO] DbMcusXml:78 - Set database path to: /opt/st/stm32cubeide_1.19.0/plugins/com.st.stm32cube.common.mx_6.15.0.202507011659//db//mcu/
2025-09-28 12:40:58,712 [INFO] ApiDb:274 - Set plugin database path to: /opt/st/stm32cubeide_1.19.0/plugins/com.st.stm32cube.common.mx_6.15.0.202507011659//db//plugins/boardmanager/
2025-09-28 12:40:58,712 [INFO] ApiDb:261 - Set plugin images path to: /opt/st/stm32cubeide_1.19.0/plugins/com.st.stm32cube.common.mx_6.15.0.202507011659//db//plugins/mcufinder/images/
2025-09-28 12:40:58,713 [WARN] DbFile:41 - Overriding database path with different value: /home/ernst/.stmcufinder/plugins/mcufinder/ => /home/ernst/.stmcufinder/plugins/mcufinder
2025-09-28 12:40:58,713 [INFO] ApiDb:250 - Set database path to: /home/ernst/.stmcufinder/plugins/mcufinder//mcu/
2025-09-28 12:40:58,713 [WARN] DbFile:41 - Overriding database path with different value: /home/ernst/.stmcufinder/plugins/mcufinder/ => /home/ernst/.stmcufinder/plugins/mcufinder
2025-09-28 12:40:58,713 [INFO] DbMcusAds:125 - Set database path to: /home/ernst/.stmcufinder/plugins/mcufinder//mcu/
2025-09-28 12:40:58,714 [WARN] DbFile:41 - Overriding database path with different value: /home/ernst/.stmcufinder/plugins/mcufinder/ => /home/ernst/.stmcufinder/plugins/mcufinder
2025-09-28 12:40:58,714 [WARN] DbFile:41 - Overriding database path with different value: /home/ernst/.stmcufinder/plugins/mcufinder/ => /home/ernst/.stmcufinder/plugins/mcufinder
2025-09-28 12:40:58,714 [INFO] CrossReferenceDbSqlite:203 - Set database path to: /home/ernst/.stmcufinder/plugins/mcufinder//mcu/cs/
2025-09-28 12:40:58,833 [INFO] MainPanel:274 - HeapMemory: 268435456
2025-09-28 12:40:59,072 [INFO] DbMcusXml:78 - Set database path to: /opt/st/stm32cubeide_1.19.0/plugins/com.st.stm32cube.common.mx_6.15.0.202507011659//db//mcu/
2025-09-28 12:40:59,072 [INFO] ApiDb:274 - Set plugin database path to: /opt/st/stm32cubeide_1.19.0/plugins/com.st.stm32cube.common.mx_6.15.0.202507011659//db//plugins/boardmanager/
2025-09-28 12:40:59,072 [INFO] ApiDb:261 - Set plugin images path to: /opt/st/stm32cubeide_1.19.0/plugins/com.st.stm32cube.common.mx_6.15.0.202507011659//db//plugins/mcufinder/images/
2025-09-28 12:40:59,073 [WARN] DbFile:41 - Overriding database path with different value: /home/ernst/.stmcufinder/plugins/mcufinder/ => /home/ernst/.stmcufinder/plugins/mcufinder
2025-09-28 12:40:59,073 [INFO] ApiDb:250 - Set database path to: /home/ernst/.stmcufinder/plugins/mcufinder//mcu/
2025-09-28 12:40:59,073 [WARN] DbFile:41 - Overriding database path with different value: /home/ernst/.stmcufinder/plugins/mcufinder/ => /home/ernst/.stmcufinder/plugins/mcufinder
2025-09-28 12:40:59,074 [INFO] DbMcusAds:125 - Set database path to: /home/ernst/.stmcufinder/plugins/mcufinder//mcu/
2025-09-28 12:40:59,074 [WARN] DbFile:41 - Overriding database path with different value: /home/ernst/.stmcufinder/plugins/mcufinder/ => /home/ernst/.stmcufinder/plugins/mcufinder
2025-09-28 12:40:59,074 [WARN] DbFile:41 - Overriding database path with different value: /home/ernst/.stmcufinder/plugins/mcufinder/ => /home/ernst/.stmcufinder/plugins/mcufinder
2025-09-28 12:40:59,074 [INFO] CrossReferenceDbSqlite:203 - Set database path to: /home/ernst/.stmcufinder/plugins/mcufinder//mcu/cs/
2025-09-28 12:40:59,105 [INFO] ApplicationProperties:184 - Using Application install path: /opt/st/stm32cubeide_1.19.0/plugins/com.st.stm32cube.common.mx_6.15.0.202507011659
2025-09-28 12:40:59,109 [INFO] PluginManage:196 - Search for loadable plugins [exclusion list=, ]
2025-09-28 12:40:59,112 [INFO] PluginManage:310 - Check plugin analytics
2025-09-28 12:40:59,445 [INFO] AnalyticsPlugin:253 - Accepted Software Licenses: 
2025-09-28 12:40:59,445 [INFO] AnalyticsPlugin:255 - Accepted CMSIS Pack Licenses: 
2025-09-28 12:40:59,446 [INFO] AnalyticsPlugin:257 - Accepted Firmware Licenses: FW.L4.1.18.0
2025-09-28 12:40:59,451 [INFO] PluginManage:359 - Loaded plugin analytics (category:tool,tabindex:-1)
2025-09-28 12:40:59,452 [INFO] PluginManage:310 - Check plugin cadmodel
2025-09-28 12:40:59,462 [INFO] CADModel:105 - Init CAD model plugin
2025-09-28 12:40:59,462 [INFO] PluginManage:359 - Loaded plugin cadmodel (category:power,tabindex:5)
2025-09-28 12:40:59,463 [INFO] PluginManage:310 - Check plugin clock
2025-09-28 12:40:59,486 [INFO] PluginManage:359 - Loaded plugin clock (category:base,tabindex:2)
2025-09-28 12:40:59,487 [INFO] PluginManage:310 - Check plugin ddr
2025-09-28 12:40:59,492 [INFO] PluginManage:359 - Loaded plugin ddr (category:tool,tabindex:6)
2025-09-28 12:40:59,493 [INFO] PluginManage:310 - Check plugin filemanager
2025-09-28 12:40:59,751 [INFO] PluginManage:359 - Loaded plugin filemanager (category:base,tabindex:10)
2025-09-28 12:40:59,751 [INFO] PluginManage:310 - Check plugin ipmanager
2025-09-28 12:40:59,764 [INFO] PluginManage:359 - Loaded plugin ipmanager (category:base,tabindex:5)
2025-09-28 12:40:59,764 [INFO] PluginManage:310 - Check plugin lpbam
2025-09-28 12:40:59,786 [INFO] PluginManage:359 - Loaded plugin lpbam (category:base,tabindex:0)
2025-09-28 12:40:59,787 [INFO] PluginManage:310 - Check plugin memorymap
2025-09-28 12:40:59,812 [INFO] PluginManage:359 - Loaded plugin memorymap (category:base,tabindex:4)
2025-09-28 12:40:59,812 [INFO] PluginManage:310 - Check plugin pinoutandconfiguration
2025-09-28 12:40:59,829 [INFO] PluginManage:359 - Loaded plugin pinoutandconfiguration (category:base,tabindex:1)
2025-09-28 12:40:59,829 [INFO] PluginManage:310 - Check plugin pinoutconfig
2025-09-28 12:40:59,990 [WARN] SupportedApi:132 - Cannot load RTOS API schema: s4s-elt-must-match.1: The content of 'definitions' must match (annotation?, (simpleType | complexType)?, (unique | key | keyref)*)). A problem was found starting at: attribute.
2025-09-28 12:41:00,254 [INFO] PluginManage:359 - Loaded plugin pinoutconfig (category:base,tabindex:0)
2025-09-28 12:41:00,255 [INFO] PluginManage:310 - Check plugin power
2025-09-28 12:41:00,271 [INFO] PluginManage:359 - Loaded plugin power (category:power,tabindex:4)
2025-09-28 12:41:00,271 [INFO] PluginManage:310 - Check plugin projectmanager
2025-09-28 12:41:00,302 [INFO] PluginManage:359 - Loaded plugin projectmanager (category:projectmanager,tabindex:4)
2025-09-28 12:41:00,302 [INFO] PluginManage:310 - Check plugin rif
2025-09-28 12:41:00,319 [INFO] PluginManage:359 - Loaded plugin rif (category:base,tabindex:3)
2025-09-28 12:41:00,320 [INFO] PluginManage:310 - Check plugin thirdparty
2025-09-28 12:41:00,553 [INFO] PluginManage:359 - Loaded plugin thirdparty (category:base,tabindex:-1)
2025-09-28 12:41:00,553 [WARN] IntegrityCheckThread:84 - waiting for thirdparty lock release [integrity check]
2025-09-28 12:41:00,553 [INFO] PluginManage:310 - Check plugin tools
2025-09-28 12:41:00,554 [INFO] IntegrityCheckThread:86 - entering critical section [integrity check]
2025-09-28 12:41:00,555 [INFO] ThirdPartyUpdaterWithRetryManager:70 - Updater plugin not ready yet. [1/15]
2025-09-28 12:41:00,558 [INFO] PluginManage:359 - Loaded plugin tools (category:base,tabindex:7)
2025-09-28 12:41:00,559 [INFO] PluginManage:310 - Check plugin tutovideos
2025-09-28 12:41:00,881 [INFO] PluginManage:359 - Loaded plugin tutovideos (category:base,tabindex:-1)
2025-09-28 12:41:00,882 [INFO] PluginManage:310 - Check plugin updater
2025-09-28 12:41:00,922 [INFO] PluginManage:359 - Loaded plugin updater (category:base,tabindex:12)
2025-09-28 12:41:00,923 [INFO] PluginManage:310 - Check plugin userauth
2025-09-28 12:41:00,930 [INFO] UserAuth:118 - Init User Auth plugin
2025-09-28 12:41:00,932 [INFO] PluginManage:359 - Loaded plugin userauth (category:base,tabindex:14)
2025-09-28 12:41:00,933 [INFO] PluginManage:283 - PluginManage : Loaded plugins [18]
2025-09-28 12:41:01,259 [INFO] PinOutPanel:1589 - setPackage(No Configuration,No Configuration)
2025-09-28 12:41:01,389 [INFO] CADModel:165 - CPN selected for project level
2025-09-28 12:41:01,390 [INFO] CADModel:114 - Register for checkConnection events
2025-09-28 12:41:01,413 [INFO] IPUIPlugin:80 - create IPUIPlugin
2025-09-28 12:41:01,415 [INFO] PluginManager:220 - loadIPPluginJar : add gpio
2025-09-28 12:41:01,421 [INFO] IPUIPlugin:80 - create IPUIPlugin
2025-09-28 12:41:01,422 [INFO] PluginManager:220 - loadIPPluginJar : add ltdc
2025-09-28 12:41:01,432 [INFO] IPUIPlugin:80 - create IPUIPlugin
2025-09-28 12:41:01,433 [INFO] PluginManager:220 - loadIPPluginJar : add lorawan
2025-09-28 12:41:01,449 [INFO] IPUIPlugin:80 - create IPUIPlugin
2025-09-28 12:41:01,449 [INFO] PluginManager:220 - loadIPPluginJar : add mdma
2025-09-28 12:41:01,452 [INFO] IPUIPlugin:80 - create IPUIPlugin
2025-09-28 12:41:01,453 [INFO] PluginManager:220 - loadIPPluginJar : add comp
2025-09-28 12:41:01,457 [INFO] IPUIPlugin:80 - create IPUIPlugin
2025-09-28 12:41:01,457 [INFO] PluginManager:220 - loadIPPluginJar : add gfxmmu
2025-09-28 12:41:01,463 [INFO] IPUIPlugin:80 - create IPUIPlugin
2025-09-28 12:41:01,463 [INFO] PluginManager:220 - loadIPPluginJar : add i2c
2025-09-28 12:41:01,469 [INFO] IPUIPlugin:80 - create IPUIPlugin
2025-09-28 12:41:01,469 [INFO] PluginManager:220 - loadIPPluginJar : add ddr_ctrl_phy
2025-09-28 12:41:01,475 [INFO] IPUIPlugin:80 - create IPUIPlugin
2025-09-28 12:41:01,475 [INFO] PluginManager:220 - loadIPPluginJar : add pdm2pcm
2025-09-28 12:41:01,480 [INFO] IPUIPlugin:80 - create IPUIPlugin
2025-09-28 12:41:01,481 [INFO] PluginManager:220 - loadIPPluginJar : add i3c
2025-09-28 12:41:01,489 [INFO] IPUIPlugin:80 - create IPUIPlugin
2025-09-28 12:41:01,489 [INFO] PluginManager:220 - loadIPPluginJar : add opamp
2025-09-28 12:41:01,503 [INFO] IPUIPlugin:80 - create IPUIPlugin
2025-09-28 12:41:01,503 [INFO] PluginManager:220 - loadIPPluginJar : add linkedlist
2025-09-28 12:41:01,506 [INFO] IPUIPlugin:80 - create IPUIPlugin
2025-09-28 12:41:01,506 [INFO] PluginManager:220 - loadIPPluginJar : add quadspi
2025-09-28 12:41:01,511 [INFO] IPUIPlugin:80 - create IPUIPlugin
2025-09-28 12:41:01,512 [INFO] PluginManager:220 - loadIPPluginJar : add aes
2025-09-28 12:41:01,517 [INFO] IPUIPlugin:80 - create IPUIPlugin
2025-09-28 12:41:01,517 [INFO] PluginManager:220 - loadIPPluginJar : add dfsdm
2025-09-28 12:41:01,524 [INFO] IPUIPlugin:80 - create IPUIPlugin
2025-09-28 12:41:01,524 [INFO] PluginManager:220 - loadIPPluginJar : add usbx
2025-09-28 12:41:01,533 [INFO] IPUIPlugin:80 - create IPUIPlugin
2025-09-28 12:41:01,534 [INFO] PluginManager:220 - loadIPPluginJar : add fmc
2025-09-28 12:41:01,540 [INFO] IPUIPlugin:80 - create IPUIPlugin
2025-09-28 12:41:01,541 [INFO] PluginManager:220 - loadIPPluginJar : add touchsensing
2025-09-28 12:41:01,547 [INFO] IPUIPlugin:80 - create IPUIPlugin
2025-09-28 12:41:01,547 [INFO] PluginManager:220 - loadIPPluginJar : add usart
2025-09-28 12:41:01,556 [INFO] IPUIPlugin:80 - create IPUIPlugin
2025-09-28 12:41:01,556 [INFO] PluginManager:220 - loadIPPluginJar : add nvic
2025-09-28 12:41:01,561 [INFO] IPUIPlugin:80 - create IPUIPlugin
2025-09-28 12:41:01,561 [INFO] PluginManager:220 - loadIPPluginJar : add spi
2025-09-28 12:41:01,574 [INFO] IPUIPlugin:80 - create IPUIPlugin
2025-09-28 12:41:01,574 [INFO] PluginManager:220 - loadIPPluginJar : add adc
2025-09-28 12:41:01,581 [INFO] IPUIPlugin:80 - create IPUIPlugin
2025-09-28 12:41:01,581 [INFO] PluginManager:220 - loadIPPluginJar : add ipddr
2025-09-28 12:41:01,586 [INFO] IPUIPlugin:80 - create IPUIPlugin
2025-09-28 12:41:01,587 [INFO] PluginManager:220 - loadIPPluginJar : add cryp
2025-09-28 12:41:01,593 [INFO] IPUIPlugin:80 - create IPUIPlugin
2025-09-28 12:41:01,594 [INFO] PluginManager:220 - loadIPPluginJar : add sai
2025-09-28 12:41:01,598 [INFO] IPUIPlugin:80 - create IPUIPlugin
2025-09-28 12:41:01,599 [INFO] PluginManager:220 - loadIPPluginJar : add i2s
2025-09-28 12:41:01,602 [INFO] IPUIPlugin:80 - create IPUIPlugin
2025-09-28 12:41:01,602 [INFO] PluginManager:220 - loadIPPluginJar : add fatfs
2025-09-28 12:41:01,613 [INFO] IPUIPlugin:80 - create IPUIPlugin
2025-09-28 12:41:01,614 [INFO] PluginManager:220 - loadIPPluginJar : add dma
2025-09-28 12:41:01,620 [INFO] IPUIPlugin:80 - create IPUIPlugin
2025-09-28 12:41:01,620 [INFO] PluginManager:220 - loadIPPluginJar : add openamp
2025-09-28 12:41:01,625 [INFO] IPUIPlugin:80 - create IPUIPlugin
2025-09-28 12:41:01,625 [INFO] PluginManager:220 - loadIPPluginJar : add hash
2025-09-28 12:41:01,629 [INFO] IPUIPlugin:80 - create IPUIPlugin
2025-09-28 12:41:01,629 [INFO] PluginManager:220 - loadIPPluginJar : add tsc
2025-09-28 12:41:01,633 [INFO] IPUIPlugin:80 - create IPUIPlugin
2025-09-28 12:41:01,633 [INFO] PluginManager:220 - loadIPPluginJar : add ucpd
2025-09-28 12:41:01,636 [INFO] IPUIPlugin:80 - create IPUIPlugin
2025-09-28 12:41:01,637 [INFO] PluginManager:220 - loadIPPluginJar : add genericplugin
2025-09-28 12:41:01,640 [INFO] IPUIPlugin:80 - create IPUIPlugin
2025-09-28 12:41:01,640 [INFO] PluginManager:220 - loadIPPluginJar : add tim
2025-09-28 12:41:01,645 [INFO] IPUIPlugin:80 - create IPUIPlugin
2025-09-28 12:41:01,645 [INFO] PluginManager:220 - loadIPPluginJar : add dma3
2025-09-28 12:41:01,649 [INFO] IPUIPlugin:80 - create IPUIPlugin
2025-09-28 12:41:01,649 [INFO] PluginManager:220 - loadIPPluginJar : add ts
2025-09-28 12:41:01,654 [INFO] IPUIPlugin:80 - create IPUIPlugin
2025-09-28 12:41:01,655 [INFO] PluginManager:220 - loadIPPluginJar : add extmemmanager
2025-09-28 12:41:01,665 [INFO] IPUIPlugin:80 - create IPUIPlugin
2025-09-28 12:41:01,665 [INFO] PluginManager:220 - loadIPPluginJar : add gic
2025-09-28 12:41:01,670 [INFO] IPUIPlugin:80 - create IPUIPlugin
2025-09-28 12:41:01,671 [INFO] PluginManager:220 - loadIPPluginJar : add gtzc
2025-09-28 12:41:01,681 [INFO] IPUIPlugin:80 - create IPUIPlugin
2025-09-28 12:41:01,681 [INFO] PluginManager:220 - loadIPPluginJar : add stm32_wpan
2025-09-28 12:41:01,688 [INFO] IPUIPlugin:80 - create IPUIPlugin
2025-09-28 12:41:01,689 [INFO] PluginManager:220 - loadIPPluginJar : add resmgrutility
2025-09-28 12:41:01,693 [INFO] IPUIPlugin:80 - create IPUIPlugin
2025-09-28 12:41:01,693 [INFO] PluginManager:220 - loadIPPluginJar : add can
2025-09-28 12:41:01,705 [INFO] IPUIPlugin:80 - create IPUIPlugin
2025-09-28 12:41:01,711 [INFO] PluginManager:220 - loadIPPluginJar : add plateformsettings
2025-09-28 12:41:01,721 [INFO] IPUIPlugin:80 - create IPUIPlugin
2025-09-28 12:41:01,721 [INFO] PluginManager:220 - loadIPPluginJar : add freertos
2025-09-28 12:41:01,725 [INFO] IPUIPlugin:80 - create IPUIPlugin
2025-09-28 12:41:01,725 [INFO] PluginManager:220 - loadIPPluginJar : add tracer_emb
2025-09-28 12:41:01,729 [INFO] IPUIPlugin:80 - create IPUIPlugin
2025-09-28 12:41:01,730 [INFO] PluginManager:220 - loadIPPluginJar : add radio
2025-09-28 12:41:01,864 [FATAL] Updater:351 - Updater called before beeing initialized
2025-09-28 12:41:01,909 [INFO] RulesReader:64 - Compatibility file has been processed (317 Rules)
2025-09-28 12:41:01,932 [INFO] RulesReader:64 - Compatibility file has been processed (317 Rules)
2025-09-28 12:41:01,950 [INFO] CADModel:165 - CPN selected for project level
2025-09-28 12:41:01,950 [INFO] CADModel:114 - Register for checkConnection events
2025-09-28 12:41:01,950 [FATAL] Updater:351 - Updater called before beeing initialized
2025-09-28 12:41:01,951 [ERROR] CADModel:125 - Updater not yet initialized, retry later 
2025-09-28 12:41:02,189 [FATAL] Updater:351 - Updater called before beeing initialized
2025-09-28 12:41:02,192 [INFO] CADModel:165 - CPN selected for project level
2025-09-28 12:41:02,193 [INFO] CADModel:114 - Register for checkConnection events
2025-09-28 12:41:02,193 [FATAL] Updater:351 - Updater called before beeing initialized
2025-09-28 12:41:02,193 [ERROR] CADModel:125 - Updater not yet initialized, retry later 
2025-09-28 12:41:02,200 [FATAL] Updater:351 - Updater called before beeing initialized
2025-09-28 12:41:02,376 [FATAL] Updater:351 - Updater called before beeing initialized
2025-09-28 12:41:02,385 [INFO] DbMcusAds:53 - JSON generation date=Tue Jul 08 10:14:23 CEST 2025 (1751962463524)
2025-09-28 12:41:02,386 [FATAL] Updater:351 - Updater called before beeing initialized
2025-09-28 12:41:02,446 [WARN] DetailPanel:346 - Failed to get advertising image, set to default
2025-09-28 12:41:02,560 [FATAL] Updater:351 - Updater called before beeing initialized
2025-09-28 12:41:02,563 [FATAL] Updater:351 - Updater called before beeing initialized
2025-09-28 12:41:02,563 [FATAL] Updater:351 - Updater called before beeing initialized
2025-09-28 12:41:02,563 [WARN] DetailPanel:346 - Failed to get advertising image, set to default
2025-09-28 12:41:02,565 [FATAL] Updater:351 - Updater called before beeing initialized
2025-09-28 12:41:02,637 [ERROR] Updater:1198 - MainUpdater not yet initialized. External WinMGr cannot be set.
2025-09-28 12:41:02,642 [INFO] Updater:1134 - Updater Version found : 6.15.0
2025-09-28 12:41:02,681 [INFO] ApplicationProperties:184 - Using Application install path: /opt/st/stm32cubeide_1.19.0/plugins/com.st.stm32cube.common.mx_6.15.0.202507011659
2025-09-28 12:41:03,165 [INFO] MainUpdater:2872 - connection check result : 10
2025-09-28 12:41:03,165 [INFO] MainUpdater:3604 - Updater definition file requires update
2025-09-28 12:41:03,166 [INFO] MainUpdater:289 - Updater Check For Update Now.
2025-09-28 12:41:03,185 [INFO] MicroXplorer:498 - Change Database Version : DB.6.0.150
2025-09-28 12:41:03,198 [INFO] McuFinderGlobals:63 - Set McuFinder mode to 2 (CubeIDE integrated)
2025-09-28 12:41:03,201 [INFO] UserAuth:487 - Internet connection configuration mode: 1
2025-09-28 12:41:03,209 [INFO] ServerAccessManage:452 - Complete download http(s) 200
2025-09-28 12:41:03,211 [INFO] ServerAccessManage:509 - Download File updaters.zip
2025-09-28 12:41:03,242 [INFO] JxBrowserEngine:152 - Initiate JxBrowser Engine with user profile folder
2025-09-28 12:41:03,389 [INFO] FileExtend:248 - Unzip File : updaters.zip
2025-09-28 12:41:03,390 [INFO] FileExtend:263 - Standard Zip Deflate
2025-09-28 12:41:03,557 [WARN] MainUpdater:1193 - Updater busy. Cannot search thirdparties
2025-09-28 12:41:03,558 [INFO] ThirdPartyUpdaterWithRetryManager:96 - Updater plugin is busy. [1/15]
2025-09-28 12:41:03,748 [INFO] ServerAccessManage:452 - Complete download http(s) 200
2025-09-28 12:41:03,749 [INFO] ServerAccessManage:509 - Download File PacksControlFlags.xml
2025-09-28 12:41:03,877 [INFO] ServerAccessManage:452 - Complete download http(s) 200
2025-09-28 12:41:03,878 [INFO] ServerAccessManage:509 - Download File cubemx.pidx
2025-09-28 12:41:05,397 [INFO] WebApp:169 - Instantiating new browser for Auth
2025-09-28 12:41:06,559 [WARN] MainUpdater:1193 - Updater busy. Cannot search thirdparties
2025-09-28 12:41:06,559 [INFO] ThirdPartyUpdaterWithRetryManager:96 - Updater plugin is busy. [2/15]
2025-09-28 12:41:06,597 [INFO] LoadServerUpdatesThread:375 - End of LoadServerUpdate Thread
2025-09-28 12:41:06,834 [INFO] CheckServerUpdateThread:120 - End of CheckServer Thread
2025-09-28 12:41:07,106 [INFO] WebApp:463 - Apply proxy settings
2025-09-28 12:41:07,107 [INFO] WebApp:548 - Chromium requires no authentication
2025-09-28 12:41:07,122 [INFO] WebApp:491 - Direct internet connection detected
2025-09-28 12:41:07,155 [INFO] WebApp:900 - Register for checkConnection events
2025-09-28 12:41:07,155 [INFO] WebApp:463 - Apply proxy settings
2025-09-28 12:41:07,155 [INFO] WebApp:548 - Chromium requires no authentication
2025-09-28 12:41:07,156 [INFO] WebApp:491 - Direct internet connection detected
2025-09-28 12:41:07,359 [INFO] WebApp:191 - Connection restablished
2025-09-28 12:41:07,473 [INFO] WebApp:225 - Starting web application
2025-09-28 12:41:07,474 [INFO] WebApp:593 - Web application path used /opt/st/stm32cubeide_1.19.0/plugins/com.st.stm32cube.common.mx_6.15.0.202507011659/db/plugins/mcufinder/reactClient1/index.html
2025-09-28 12:41:07,699 [INFO] UserAuth:487 - Internet connection configuration mode: 1
2025-09-28 12:41:09,841 [WARN] PackLoader:240 - Cannot read IP mode file for STMicroelectronics.FP-SNS-MOTENVWB1.1.4.0
2025-09-28 12:41:09,861 [WARN] PackLoader:240 - Cannot read IP mode file for STMicroelectronics.FP-ATR-ASTRA1.2.0.2
2025-09-28 12:41:09,876 [WARN] PackLoader:240 - Cannot read IP mode file for STMicroelectronics.X-CUBE-SMBUS.2.1.0
2025-09-28 12:41:09,892 [WARN] PackLoader:240 - Cannot read IP mode file for STMicroelectronics.X-CUBE-WB05N.1.1.0
2025-09-28 12:41:09,905 [WARN] PackLoader:240 - Cannot read IP mode file for STMicroelectronics.X-CUBE-ST60.1.0.0
2025-09-28 12:41:09,960 [WARN] PackLoader:240 - Cannot read IP mode file for STMicroelectronics.X-CUBE-AZRTOS-F7.1.1.0
2025-09-28 12:41:09,979 [WARN] PackLoader:240 - Cannot read IP mode file for STMicroelectronics.FP-SNS-FLIGHT1.5.0.2
2025-09-28 12:41:10,028 [WARN] PackLoader:240 - Cannot read IP mode file for Infineon.AIROC-Wi-Fi-Bluetooth-STM32.1.7.0
2025-09-28 12:41:10,076 [WARN] PackLoader:240 - Cannot read IP mode file for STMicroelectronics.X-CUBE-AZRTOS-H7.3.4.0
2025-09-28 12:41:10,094 [WARN] PackLoader:240 - Cannot read IP mode file for STMicroelectronics.X-CUBE-DISPLAY.3.0.0
2025-09-28 12:41:10,111 [WARN] PackLoader:240 - Cannot read IP mode file for STMicroelectronics.X-CUBE-NFC10.1.0.0
2025-09-28 12:41:10,129 [WARN] PackLoader:240 - Cannot read IP mode file for STMicroelectronics.X-CUBE-BLEMGR.4.0.0
2025-09-28 12:41:10,145 [WARN] PackLoader:240 - Cannot read IP mode file for emotas.I-CUBE-CANOPEN.1.3.0
2025-09-28 12:41:10,152 [WARN] ConditionMgr:438 - getConditionDescription Invalid condition id : Cortex-A Device cause : null
2025-09-28 12:41:10,176 [WARN] ConditionMgr:1044 - genDependencies : Invalid condition id : Cortex-A Device cause : null
2025-09-28 12:41:10,177 [WARN] ConditionMgr:1044 - genDependencies : Invalid condition id : Cortex-A Device cause : null
2025-09-28 12:41:10,178 [WARN] ConditionMgr:1044 - genDependencies : Invalid condition id : Cortex-A Device cause : null
2025-09-28 12:41:10,185 [WARN] PackLoader:240 - Cannot read IP mode file for STMicroelectronics.X-CUBE-AI.10.0.0
2025-09-28 12:41:10,197 [WARN] PackLoader:240 - Cannot read IP mode file for STMicroelectronics.FP-SNS-STBOX1.2.1.0
2025-09-28 12:41:10,207 [WARN] PackLoader:240 - Cannot read IP mode file for STMicroelectronics.FP-SNS-SMARTAG2.1.2.0
2025-09-28 12:41:10,215 [WARN] PackLoader:240 - Cannot read IP mode file for STMicroelectronics.FP-SNS-FLIGHT1.5.1.0
2025-09-28 12:41:10,306 [WARN] PackLoader:240 - Cannot read IP mode file for STMicroelectronics.X-CUBE-MEMS1.11.1.0
2025-09-28 12:41:10,600 [INFO] LogOutputStream:77 - [STDOUT_REDIRECT] 1 : Invalid condition id : UX_CORESTACK_Condition cause : null
2025-09-28 12:41:10,603 [INFO] LogOutputStream:77 - [STDOUT_REDIRECT] 1 : Invalid condition id : UX_CORESTACK_Condition cause : null
2025-09-28 12:41:10,604 [INFO] LogOutputStream:77 - [STDOUT_REDIRECT] 1 : Invalid condition id : UX_CORESTACK_Condition cause : null
2025-09-28 12:41:10,605 [INFO] LogOutputStream:77 - [STDOUT_REDIRECT] 1 : Invalid condition id : UX_CORESTACK_Condition cause : null
2025-09-28 12:41:10,606 [INFO] LogOutputStream:77 - [STDOUT_REDIRECT] 1 : Invalid condition id : UX_CORESTACK_Condition cause : null
2025-09-28 12:41:10,615 [WARN] PackLoader:240 - Cannot read IP mode file for STMicroelectronics.X-CUBE-AZRTOS-WL.2.0.0
2025-09-28 12:41:10,627 [WARN] PackLoader:240 - Cannot read IP mode file for STMicroelectronics.FP-SNS-MOTENV1.5.0.0
2025-09-28 12:41:10,645 [WARN] PackLoader:240 - Cannot read IP mode file for WES.I-CUBE-Cesium.1.3.0
2025-09-28 12:41:10,656 [WARN] PackLoader:240 - Cannot read IP mode file for STMicroelectronics.X-CUBE-BLE2.3.3.0
2025-09-28 12:41:10,671 [WARN] PackLoader:240 - Cannot read IP mode file for STMicroelectronics.X-CUBE-NFC9.1.0.0
2025-09-28 12:41:10,689 [WARN] PackLoader:240 - Cannot read IP mode file for STMicroelectronics.X-CUBE-BLE1.7.1.0
2025-09-28 12:41:10,733 [WARN] PackLoader:240 - Cannot read IP mode file for wolfSSL.I-CUBE-wolfMQTT.1.19.2
2025-09-28 12:41:10,746 [WARN] PackLoader:240 - Cannot read IP mode file for STMicroelectronics.X-CUBE-EEPRMA1.5.2.0
2025-09-28 12:41:10,755 [WARN] PackLoader:240 - Cannot read IP mode file for STMicroelectronics.X-CUBE-AI.10.1.0
2025-09-28 12:41:10,805 [WARN] PackLoader:240 - Cannot read IP mode file for STMicroelectronics.X-CUBE-AZRTOS-G0.1.1.0
2025-09-28 12:41:10,823 [WARN] PackLoader:240 - Cannot read IP mode file for STMicroelectronics.X-CUBE-SAFEA1.1.2.2
2025-09-28 12:41:10,837 [WARN] PackLoader:240 - Cannot read IP mode file for STMicroelectronics.X-CUBE-NFC4.3.0.0
2025-09-28 12:41:10,857 [WARN] PackLoader:240 - Cannot read IP mode file for EmbeddedOffice.I-CUBE-FS-RTOS.1.0.1
2025-09-28 12:41:10,869 [WARN] PackLoader:240 - Cannot read IP mode file for STMicroelectronics.X-CUBE-WB05N.2.0.0
2025-09-28 12:41:10,877 [WARN] PackLoader:240 - Cannot read IP mode file for wolfSSL.I-CUBE-wolfTPM.3.8.0
2025-09-28 12:41:10,889 [WARN] PackLoader:240 - Cannot read IP mode file for STMicroelectronics.X-CUBE-TCPP.4.2.0
2025-09-28 12:41:10,902 [WARN] PackLoader:240 - Cannot read IP mode file for RealThread.X-CUBE-RT-Thread_Nano.4.1.1
2025-09-28 12:41:10,909 [WARN] PackLoader:240 - Cannot read IP mode file for STMicroelectronics.FP-ATR-SIGFOX1.3.2.0
2025-09-28 12:41:10,920 [WARN] PackLoader:240 - Cannot read IP mode file for STMicroelectronics.X-CUBE-EEPRMA1.5.1.0
2025-09-28 12:41:10,930 [WARN] PackLoader:240 - Cannot read IP mode file for wolfSSL.I-CUBE-wolfSSL.5.7.6
2025-09-28 12:41:10,943 [WARN] PackLoader:240 - Cannot read IP mode file for ITTIA_DB.I-CUBE-ITTIADB.8.9.0
2025-09-28 12:41:10,956 [WARN] PackLoader:240 - Cannot read IP mode file for STMicroelectronics.X-CUBE-ST67W61.1.0.0
2025-09-28 12:41:10,965 [WARN] PackLoader:240 - Cannot read IP mode file for STMicroelectronics.X-CUBE-AI.10.2.0
2025-09-28 12:41:11,031 [WARN] PackLoader:240 - Cannot read IP mode file for SEGGER.I-CUBE-embOS.1.3.1
2025-09-28 12:41:11,131 [WARN] PackLoader:240 - Cannot read IP mode file for STMicroelectronics.X-CUBE-ALGOBUILD.1.4.0
2025-09-28 12:41:11,228 [WARN] PackLoader:240 - Cannot read IP mode file for STMicroelectronics.X-CUBE-MEMS1.11.3.0
2025-09-28 12:41:11,455 [WARN] PackLoader:240 - Cannot read IP mode file for STMicroelectronics.X-CUBE-PM33A1.1.0.0
2025-09-28 12:41:11,475 [WARN] PackLoader:240 - Cannot read IP mode file for STMicroelectronics.X-CUBE-AZRTOS-F4.1.1.0
2025-09-28 12:41:11,483 [WARN] PackLoader:240 - Cannot read IP mode file for Avnet-IotConnect.X-CUBE-IoTC-DA16k-PMOD.1.0.0
2025-09-28 12:41:11,488 [WARN] PackLoader:240 - Cannot read IP mode file for STMicroelectronics.X-CUBE-ISPU.2.1.0
2025-09-28 12:41:11,496 [WARN] PackLoader:240 - Cannot read IP mode file for STMicroelectronics.X-CUBE-NFC12.1.0.0
2025-09-28 12:41:11,517 [WARN] PackLoader:240 - Cannot read IP mode file for STMicroelectronics.X-CUBE-AZRTOS-L5.2.0.0
2025-09-28 12:41:11,529 [WARN] PackLoader:240 - Cannot read IP mode file for STMicroelectronics.X-CUBE-NFC6.3.1.0
2025-09-28 12:41:11,540 [WARN] PackLoader:240 - Cannot read IP mode file for STMicroelectronics.X-CUBE-DPower.1.2.0
2025-09-28 12:41:11,549 [WARN] PackLoader:240 - Cannot read IP mode file for STMicroelectronics.X-CUBE-FREERTOS.1.3.1
2025-09-28 12:41:11,555 [WARN] PackLoader:240 - Cannot read IP mode file for STMicroelectronics.X-CUBE-FREERTOS.1.3.0
2025-09-28 12:41:11,561 [WARN] PackLoader:240 - Cannot read IP mode file for STMicroelectronics.X-CUBE-NFC7.1.0.1
2025-09-28 12:41:11,570 [WARN] PackLoader:240 - Cannot read IP mode file for STMicroelectronics.FP-SNS-STAIOTCFT.1.0.0
2025-09-28 12:41:11,576 [WARN] PackLoader:240 - Cannot read IP mode file for STMicroelectronics.X-CUBE-DPower.1.3.0
2025-09-28 12:41:11,600 [WARN] ConditionMgr:438 - getConditionDescription Invalid condition id : LAN8742 Phy interface Condition cause : null
2025-09-28 12:41:11,601 [WARN] PackLoader:240 - Cannot read IP mode file for STMicroelectronics.X-CUBE-AZRTOS-L4.2.0.0
2025-09-28 12:41:11,604 [WARN] ConditionMgr:1044 - genDependencies : Invalid condition id : LAN8742 Phy interface Condition cause : null
2025-09-28 12:41:11,604 [WARN] ConditionMgr:1044 - genDependencies : Invalid condition id : LAN8742 Phy interface Condition cause : null
2025-09-28 12:41:11,605 [WARN] ConditionMgr:1044 - genDependencies : Invalid condition id : LAN8742 Phy interface Condition cause : null
2025-09-28 12:41:11,615 [WARN] PackLoader:240 - Cannot read IP mode file for STMicroelectronics.X-CUBE-SFXS2LP1.4.0.0
2025-09-28 12:41:11,640 [WARN] PackLoader:240 - Cannot read IP mode file for STMicroelectronics.X-CUBE-AZRTOS-H7.3.3.0
2025-09-28 12:41:11,657 [WARN] PackLoader:240 - Cannot read IP mode file for STMicroelectronics.X-CUBE-BLEMGR.4.1.0
2025-09-28 12:41:11,676 [WARN] ConditionMgr:438 - getConditionDescription Invalid condition id : UX DEVICE CLASS RTOS Condition cause : null
2025-09-28 12:41:11,677 [WARN] ConditionMgr:438 - getConditionDescription Invalid condition id : UX DEVICE CLASS RTOS Condition cause : null
2025-09-28 12:41:11,681 [WARN] PackLoader:240 - Cannot read IP mode file for STMicroelectronics.X-CUBE-AZRTOS-WB.2.0.0
2025-09-28 12:41:11,682 [WARN] ConditionMgr:1044 - genDependencies : Invalid condition id : UX DEVICE CLASS RTOS Condition cause : null
2025-09-28 12:41:11,682 [WARN] ConditionMgr:1044 - genDependencies : Invalid condition id : UX DEVICE CLASS RTOS Condition cause : null
2025-09-28 12:41:11,683 [WARN] ConditionMgr:1044 - genDependencies : Invalid condition id : UX DEVICE CLASS RTOS Condition cause : null
2025-09-28 12:41:11,684 [WARN] ConditionMgr:1044 - genDependencies : Invalid condition id : UX DEVICE CLASS RTOS Condition cause : null
2025-09-28 12:41:11,684 [WARN] ConditionMgr:1044 - genDependencies : Invalid condition id : UX DEVICE CLASS RTOS Condition cause : null
2025-09-28 12:41:11,691 [WARN] PackLoader:240 - Cannot read IP mode file for STMicroelectronics.X-CUBE-GNSS1.7.0.1
2025-09-28 12:41:11,698 [WARN] PackLoader:240 - Cannot read IP mode file for STMicroelectronics.X-CUBE-TOUCHGFX.4.25.0
2025-09-28 12:41:11,705 [WARN] PackLoader:240 - Cannot read IP mode file for STMicroelectronics.FP-SNS-STBOX1.2.0.0
2025-09-28 12:41:11,719 [WARN] PackLoader:240 - Cannot read IP mode file for STMicroelectronics.X-CUBE-SUBG2.5.0.0
2025-09-28 12:41:11,757 [WARN] PackLoader:240 - Cannot read IP mode file for STMicroelectronics.X-CUBE-AZRTOS-H7RS.1.1.0
2025-09-28 12:41:11,767 [WARN] PackLoader:240 - Cannot read IP mode file for Cesanta.I-CUBE-Mongoose.7.13.0
2025-09-28 12:41:11,798 [WARN] PackLoader:240 - Cannot read IP mode file for STMicroelectronics.X-CUBE-AZRTOS-G4.2.0.0
2025-09-28 12:41:11,807 [WARN] PackLoader:240 - Cannot read IP mode file for wolfSSL.I-CUBE-wolfSSH.1.4.20
2025-09-28 12:41:11,815 [WARN] PackLoader:240 - Cannot read IP mode file for STMicroelectronics.X-CUBE-NFC7.2.0.0
2025-09-28 12:41:11,832 [WARN] PackLoader:240 - Cannot read IP mode file for STMicroelectronics.X-CUBE-IPS.3.1.0
2025-09-28 12:41:11,843 [WARN] PackLoader:240 - Cannot read IP mode file for STMicroelectronics.X-CUBE-ALS.1.0.2
2025-09-28 12:41:11,853 [WARN] PackLoader:240 - Cannot read IP mode file for STMicroelectronics.X-CUBE-STSE01.1.0.0
2025-09-28 12:41:11,862 [WARN] PackLoader:240 - Cannot read IP mode file for portGmbH.I-Cube-SoM-uGOAL.1.1.0
2025-09-28 12:41:11,885 [WARN] PackLoader:240 - Cannot read IP mode file for STMicroelectronics.X-CUBE-AZRTOS-H7RS.1.0.0
2025-09-28 12:41:11,903 [WARN] PackLoader:240 - Cannot read IP mode file for STMicroelectronics.X-CUBE-TOF1.3.4.2
2025-09-28 12:41:11,929 [WARN] PackLoader:240 - Cannot read IP mode file for STMicroelectronics.X-CUBE-TOF1.3.4.3
2025-09-28 12:41:11,946 [INFO] ThirdParty:978 - Integrity check success = true
2025-09-28 12:41:11,947 [INFO] IntegrityCheckThread:100 - exiting critical section [integrity check]
2025-09-28 12:41:11,947 [INFO] IntegrityCheckThread:103 - End integrity checks thread
