2025-08-11 08:01:23,377 [INFO] WebApp:194 - Connection lost
2025-08-11 08:28:15,509 [INFO] WebApp:191 - Connection restablished
2025-08-11 08:29:33,547 [INFO] WebApp:194 - Connection lost
2025-08-11 08:29:50,473 [INFO] WebApp:191 - Connection restablished
2025-08-11 10:01:36,840 [INFO] WebApp:194 - Connection lost
2025-08-11 10:01:44,452 [INFO] WebApp:191 - Connection restablished
2025-08-11 10:06:33,659 [INFO] WebApp:194 - Connection lost
2025-08-11 10:06:39,958 [INFO] WebApp:191 - Connection restablished
2025-08-11 10:06:40,658 [INFO] WebApp:194 - Connection lost
2025-08-11 10:06:40,798 [INFO] WebApp:191 - Connection restablished
2025-08-11 10:24:33,610 [INFO] WebApp:194 - Connection lost
2025-08-11 12:16:49,923 [INFO] WebApp:191 - Connection restablished
2025-08-11 14:27:28,698 [INFO] WebApp:194 - Connection lost
2025-08-11 14:29:09,487 [INFO] WebApp:191 - Connection restablished
2025-08-11 14:29:11,324 [INFO] WebApp:194 - Connection lost
2025-08-11 14:29:11,466 [INFO] WebApp:191 - Connection restablished
2025-08-11 14:29:37,114 [INFO] Gpio:278 - dependency for GPIO [USART2]
2025-08-11 14:29:43,539 [INFO] Gpio:278 - dependency for GPIO [USART2]
2025-08-11 14:30:33,398 [INFO] UtilMem:75 - End SaveConfig() Used Memory: 370152808 Bytes (864026624)
2025-08-11 14:30:36,899 [INFO] UtilMem:75 - End SaveConfig() Used Memory: 403182952 Bytes (864026624)
2025-08-11 14:30:39,214 [INFO] UtilMem:75 - End SaveConfig() Used Memory: 447747432 Bytes (864026624)
2025-08-11 14:30:39,920 [INFO] BlockDiagram:2775 - set Specific Code input for plugin: NVIC
2025-08-11 14:30:39,921 [INFO] BlockDiagram:2775 - set Specific Code input for plugin: USART
2025-08-11 14:30:39,921 [INFO] BlockDiagram:2775 - set Specific Code input for plugin: SYS
2025-08-11 14:30:39,922 [INFO] BlockDiagram:2775 - set Specific Code input for plugin: GPIO
2025-08-11 14:30:39,922 [INFO] BlockDiagram:2775 - set Specific Code input for plugin: RCC
2025-08-11 14:30:39,923 [INFO] CodeGenerator:892 - code generatio: config db path: /opt/st/stm32cubeide_1.19.0/plugins/com.st.stm32cube.common.mx_6.15.0.202507011659//db/
2025-08-11 14:30:40,031 [INFO] CodeEngine:265 - oldGeneratedFile, /home/ernst/Documents/Studium/BA/Temperatur/MXTmpFiles/license.tmp_save
2025-08-11 14:30:41,350 [INFO] CodeEngine:289 - Generated code: /home/ernst/Documents/Studium/BA/Temperatur/MXTmpFiles/license.tmp
2025-08-11 14:30:41,448 [INFO] CodeEngine:265 - oldGeneratedFile, /home/ernst/Documents/Studium/BA/Temperatur/Core/Src/gpio.c_save
2025-08-11 14:30:41,823 [INFO] CodeEngine:289 - Generated code: /home/ernst/Documents/Studium/BA/Temperatur/Core/Src/gpio.c
2025-08-11 14:30:41,827 [INFO] CodeEngine:265 - oldGeneratedFile, /home/ernst/Documents/Studium/BA/Temperatur/Core/Inc/gpio.h_save
2025-08-11 14:30:43,479 [INFO] CodeEngine:289 - Generated code: /home/ernst/Documents/Studium/BA/Temperatur/Core/Inc/gpio.h
2025-08-11 14:30:43,988 [INFO] CodeEngine:265 - oldGeneratedFile, /home/ernst/Documents/Studium/BA/Temperatur/Core/Src/usart.c_save
2025-08-11 14:30:44,355 [INFO] CodeEngine:289 - Generated code: /home/ernst/Documents/Studium/BA/Temperatur/Core/Src/usart.c
2025-08-11 14:30:44,359 [INFO] CodeEngine:265 - oldGeneratedFile, /home/ernst/Documents/Studium/BA/Temperatur/Core/Inc/usart.h_save
2025-08-11 14:30:44,667 [INFO] CodeEngine:289 - Generated code: /home/ernst/Documents/Studium/BA/Temperatur/Core/Inc/usart.h
2025-08-11 14:30:44,679 [INFO] CodeEngine:265 - oldGeneratedFile, /home/ernst/Documents/Studium/BA/Temperatur/Core/Src/stm32l4xx_it.c_save
2025-08-11 14:30:45,950 [INFO] CodeEngine:289 - Generated code: /home/ernst/Documents/Studium/BA/Temperatur/Core/Src/stm32l4xx_it.c
2025-08-11 14:30:45,954 [INFO] CodeEngine:265 - oldGeneratedFile, /home/ernst/Documents/Studium/BA/Temperatur/Core/Inc/stm32l4xx_it.h_save
2025-08-11 14:30:47,273 [INFO] CodeEngine:289 - Generated code: /home/ernst/Documents/Studium/BA/Temperatur/Core/Inc/stm32l4xx_it.h
2025-08-11 14:30:47,285 [INFO] CodeEngine:265 - oldGeneratedFile, /home/ernst/Documents/Studium/BA/Temperatur/Core/Src/stm32l4xx_hal_msp.c_save
2025-08-11 14:30:48,441 [INFO] CodeEngine:289 - Generated code: /home/ernst/Documents/Studium/BA/Temperatur/Core/Src/stm32l4xx_hal_msp.c
2025-08-11 14:30:48,442 [INFO] CodeEngine:265 - oldGeneratedFile, /home/ernst/Documents/Studium/BA/Temperatur/MXTmpFiles/system.tmp_save
2025-08-11 14:30:48,504 [INFO] CodeEngine:289 - Generated code: /home/ernst/Documents/Studium/BA/Temperatur/MXTmpFiles/system.tmp
2025-08-11 14:30:48,509 [INFO] CodeEngine:321 - oldGeneratedFile, /home/ernst/Documents/Studium/BA/Temperatur/Core/Inc/stm32l4xx_hal_conf.h_save
2025-08-11 14:30:48,574 [INFO] CodeEngine:345 - Generated code: /home/ernst/Documents/Studium/BA/Temperatur/Core/Inc/stm32l4xx_hal_conf.h
2025-08-11 14:30:48,617 [INFO] CodeEngine:265 - oldGeneratedFile, /home/ernst/Documents/Studium/BA/Temperatur/Core/Inc/main.h_save
2025-08-11 14:30:48,723 [INFO] CodeEngine:289 - Generated code: /home/ernst/Documents/Studium/BA/Temperatur/Core/Inc/main.h
2025-08-11 14:30:48,725 [INFO] CodeEngine:265 - oldGeneratedFile, /home/ernst/Documents/Studium/BA/Temperatur/Core/Src/main.c_save
2025-08-11 14:30:49,839 [INFO] CodeEngine:289 - Generated code: /home/ernst/Documents/Studium/BA/Temperatur/Core/Src/main.c
2025-08-11 14:30:50,627 [INFO] ProjectBuilder:3606 - Time for Copy HAL[1] : 82mS.
2025-08-11 14:30:50,631 [INFO] ProjectBuilder:5216 - Project Generator version: 4.7.0-B52
2025-08-11 14:30:51,454 [INFO] ConfigFileManager:1595 - The Die is : DIE435
2025-08-11 14:30:53,667 [INFO] ProjectBuilder:5496 - Time for Generating toolchain IDE Files: 3036mS.
2025-08-11 14:30:53,668 [INFO] ProjectBuilder:3463 - Time for Copy CMSIS : 1mS.
2025-08-11 14:30:53,670 [INFO] ProjectBuilder:3463 - Time for Copy CMSIS : 0mS.
2025-08-11 18:09:46,308 [INFO] WebApp:194 - Connection lost
2025-08-11 18:09:58,338 [INFO] WebApp:191 - Connection restablished
