2025-09-16 09:23:19,014 [INFO] Activator:176 - 


2025-09-16 09:23:19,026 [INFO] Activator:177 - !SESSION log4j initialized
2025-09-16 09:23:27,326 [INFO] LogOutputStream:77 - [STDOUT_REDIRECT] 
2025-09-16 09:23:28,500 [INFO] ApplicationProperties:184 - Using Application install path: /opt/st/stm32cubeide_1.19.0/plugins/com.st.stm32cube.common.mx_6.15.0.202507011659
2025-09-16 09:23:28,524 [INFO] DbMcusXml:78 - Set database path to: /opt/st/stm32cubeide_1.19.0/plugins/com.st.stm32cube.common.mx_6.15.0.202507011659//db//mcu/
2025-09-16 09:23:28,525 [INFO] ApiDb:274 - Set plugin database path to: /opt/st/stm32cubeide_1.19.0/plugins/com.st.stm32cube.common.mx_6.15.0.202507011659//db//plugins/boardmanager/
2025-09-16 09:23:28,525 [WARN] ApiDb:259 - Overriding images path with different value:  => /opt/st/stm32cubeide_1.19.0/plugins/com.st.stm32cube.common.mx_6.15.0.202507011659//db//plugins/mcufinder/images/
2025-09-16 09:23:28,539 [INFO] ApiDb:250 - Set database path to: /home/ernst/.stmcufinder/plugins/mcufinder//mcu/
2025-09-16 09:23:28,541 [INFO] DbMcusAds:125 - Set database path to: /home/ernst/.stmcufinder/plugins/mcufinder//mcu/
2025-09-16 09:23:28,544 [INFO] CrossReferenceDbSqlite:203 - Set database path to: /home/ernst/.stmcufinder/plugins/mcufinder//mcu/cs/
2025-09-16 09:23:28,702 [INFO] RulesReader:64 - Compatibility file has been processed (317 Rules)
2025-09-16 09:23:28,802 [INFO] DbMcusXml:78 - Set database path to: /opt/st/stm32cubeide_1.19.0/plugins/com.st.stm32cube.common.mx_6.15.0.202507011659//db//mcu/
2025-09-16 09:23:28,802 [INFO] ApiDb:274 - Set plugin database path to: /opt/st/stm32cubeide_1.19.0/plugins/com.st.stm32cube.common.mx_6.15.0.202507011659//db//plugins/boardmanager/
2025-09-16 09:23:28,802 [INFO] ApiDb:261 - Set plugin images path to: /opt/st/stm32cubeide_1.19.0/plugins/com.st.stm32cube.common.mx_6.15.0.202507011659//db//plugins/mcufinder/images/
2025-09-16 09:23:28,802 [WARN] DbFile:41 - Overriding database path with different value: /home/ernst/.stmcufinder/plugins/mcufinder/ => /home/ernst/.stmcufinder/plugins/mcufinder
2025-09-16 09:23:28,803 [INFO] ApiDb:250 - Set database path to: /home/ernst/.stmcufinder/plugins/mcufinder//mcu/
2025-09-16 09:23:28,803 [WARN] DbFile:41 - Overriding database path with different value: /home/ernst/.stmcufinder/plugins/mcufinder/ => /home/ernst/.stmcufinder/plugins/mcufinder
2025-09-16 09:23:28,803 [INFO] DbMcusAds:125 - Set database path to: /home/ernst/.stmcufinder/plugins/mcufinder//mcu/
2025-09-16 09:23:28,803 [WARN] DbFile:41 - Overriding database path with different value: /home/ernst/.stmcufinder/plugins/mcufinder/ => /home/ernst/.stmcufinder/plugins/mcufinder
2025-09-16 09:23:28,803 [WARN] DbFile:41 - Overriding database path with different value: /home/ernst/.stmcufinder/plugins/mcufinder/ => /home/ernst/.stmcufinder/plugins/mcufinder
2025-09-16 09:23:28,803 [INFO] CrossReferenceDbSqlite:203 - Set database path to: /home/ernst/.stmcufinder/plugins/mcufinder//mcu/cs/
2025-09-16 09:23:28,911 [INFO] MainPanel:274 - HeapMemory: 268435456
2025-09-16 09:23:29,122 [INFO] DbMcusXml:78 - Set database path to: /opt/st/stm32cubeide_1.19.0/plugins/com.st.stm32cube.common.mx_6.15.0.202507011659//db//mcu/
2025-09-16 09:23:29,122 [INFO] ApiDb:274 - Set plugin database path to: /opt/st/stm32cubeide_1.19.0/plugins/com.st.stm32cube.common.mx_6.15.0.202507011659//db//plugins/boardmanager/
2025-09-16 09:23:29,122 [INFO] ApiDb:261 - Set plugin images path to: /opt/st/stm32cubeide_1.19.0/plugins/com.st.stm32cube.common.mx_6.15.0.202507011659//db//plugins/mcufinder/images/
2025-09-16 09:23:29,122 [WARN] DbFile:41 - Overriding database path with different value: /home/ernst/.stmcufinder/plugins/mcufinder/ => /home/ernst/.stmcufinder/plugins/mcufinder
2025-09-16 09:23:29,122 [INFO] ApiDb:250 - Set database path to: /home/ernst/.stmcufinder/plugins/mcufinder//mcu/
2025-09-16 09:23:29,123 [WARN] DbFile:41 - Overriding database path with different value: /home/ernst/.stmcufinder/plugins/mcufinder/ => /home/ernst/.stmcufinder/plugins/mcufinder
2025-09-16 09:23:29,123 [INFO] DbMcusAds:125 - Set database path to: /home/ernst/.stmcufinder/plugins/mcufinder//mcu/
2025-09-16 09:23:29,123 [WARN] DbFile:41 - Overriding database path with different value: /home/ernst/.stmcufinder/plugins/mcufinder/ => /home/ernst/.stmcufinder/plugins/mcufinder
2025-09-16 09:23:29,123 [WARN] DbFile:41 - Overriding database path with different value: /home/ernst/.stmcufinder/plugins/mcufinder/ => /home/ernst/.stmcufinder/plugins/mcufinder
2025-09-16 09:23:29,123 [INFO] CrossReferenceDbSqlite:203 - Set database path to: /home/ernst/.stmcufinder/plugins/mcufinder//mcu/cs/
2025-09-16 09:23:29,145 [INFO] ApplicationProperties:184 - Using Application install path: /opt/st/stm32cubeide_1.19.0/plugins/com.st.stm32cube.common.mx_6.15.0.202507011659
2025-09-16 09:23:29,146 [INFO] PluginManage:196 - Search for loadable plugins [exclusion list=, ]
2025-09-16 09:23:29,148 [INFO] PluginManage:310 - Check plugin analytics
2025-09-16 09:23:29,410 [INFO] AnalyticsPlugin:253 - Accepted Software Licenses: 
2025-09-16 09:23:29,410 [INFO] AnalyticsPlugin:255 - Accepted CMSIS Pack Licenses: 
2025-09-16 09:23:29,410 [INFO] AnalyticsPlugin:257 - Accepted Firmware Licenses: FW.L4.1.18.0
2025-09-16 09:23:29,414 [INFO] PluginManage:359 - Loaded plugin analytics (category:tool,tabindex:-1)
2025-09-16 09:23:29,414 [INFO] PluginManage:310 - Check plugin cadmodel
2025-09-16 09:23:29,423 [INFO] CADModel:105 - Init CAD model plugin
2025-09-16 09:23:29,423 [INFO] PluginManage:359 - Loaded plugin cadmodel (category:power,tabindex:5)
2025-09-16 09:23:29,424 [INFO] PluginManage:310 - Check plugin clock
2025-09-16 09:23:29,439 [INFO] PluginManage:359 - Loaded plugin clock (category:base,tabindex:2)
2025-09-16 09:23:29,439 [INFO] PluginManage:310 - Check plugin ddr
2025-09-16 09:23:29,443 [INFO] PluginManage:359 - Loaded plugin ddr (category:tool,tabindex:6)
2025-09-16 09:23:29,443 [INFO] PluginManage:310 - Check plugin filemanager
2025-09-16 09:23:29,617 [INFO] PluginManage:359 - Loaded plugin filemanager (category:base,tabindex:10)
2025-09-16 09:23:29,617 [INFO] PluginManage:310 - Check plugin ipmanager
2025-09-16 09:23:29,623 [INFO] PluginManage:359 - Loaded plugin ipmanager (category:base,tabindex:5)
2025-09-16 09:23:29,624 [INFO] PluginManage:310 - Check plugin lpbam
2025-09-16 09:23:29,638 [INFO] PluginManage:359 - Loaded plugin lpbam (category:base,tabindex:0)
2025-09-16 09:23:29,638 [INFO] PluginManage:310 - Check plugin memorymap
2025-09-16 09:23:29,657 [INFO] PluginManage:359 - Loaded plugin memorymap (category:base,tabindex:4)
2025-09-16 09:23:29,658 [INFO] PluginManage:310 - Check plugin pinoutandconfiguration
2025-09-16 09:23:29,675 [INFO] PluginManage:359 - Loaded plugin pinoutandconfiguration (category:base,tabindex:1)
2025-09-16 09:23:29,675 [INFO] PluginManage:310 - Check plugin pinoutconfig
2025-09-16 09:23:29,850 [WARN] SupportedApi:132 - Cannot load RTOS API schema: s4s-elt-must-match.1: The content of 'definitions' must match (annotation?, (simpleType | complexType)?, (unique | key | keyref)*)). A problem was found starting at: attribute.
2025-09-16 09:23:30,080 [INFO] PluginManage:359 - Loaded plugin pinoutconfig (category:base,tabindex:0)
2025-09-16 09:23:30,080 [INFO] PluginManage:310 - Check plugin power
2025-09-16 09:23:30,101 [INFO] PluginManage:359 - Loaded plugin power (category:power,tabindex:4)
2025-09-16 09:23:30,102 [INFO] PluginManage:310 - Check plugin projectmanager
2025-09-16 09:23:30,126 [INFO] PluginManage:359 - Loaded plugin projectmanager (category:projectmanager,tabindex:4)
2025-09-16 09:23:30,126 [INFO] PluginManage:310 - Check plugin rif
2025-09-16 09:23:30,145 [INFO] PluginManage:359 - Loaded plugin rif (category:base,tabindex:3)
2025-09-16 09:23:30,146 [INFO] PluginManage:310 - Check plugin thirdparty
2025-09-16 09:23:30,324 [INFO] PluginManage:359 - Loaded plugin thirdparty (category:base,tabindex:-1)
2025-09-16 09:23:30,324 [WARN] IntegrityCheckThread:84 - waiting for thirdparty lock release [integrity check]
2025-09-16 09:23:30,324 [INFO] PluginManage:310 - Check plugin tools
2025-09-16 09:23:30,324 [INFO] IntegrityCheckThread:86 - entering critical section [integrity check]
2025-09-16 09:23:30,325 [INFO] ThirdPartyUpdaterWithRetryManager:70 - Updater plugin not ready yet. [1/15]
2025-09-16 09:23:30,327 [INFO] PluginManage:359 - Loaded plugin tools (category:base,tabindex:7)
2025-09-16 09:23:30,328 [INFO] PluginManage:310 - Check plugin tutovideos
2025-09-16 09:23:30,631 [INFO] PluginManage:359 - Loaded plugin tutovideos (category:base,tabindex:-1)
2025-09-16 09:23:30,632 [INFO] PluginManage:310 - Check plugin updater
2025-09-16 09:23:30,671 [INFO] PluginManage:359 - Loaded plugin updater (category:base,tabindex:12)
2025-09-16 09:23:30,671 [INFO] PluginManage:310 - Check plugin userauth
2025-09-16 09:23:30,678 [INFO] UserAuth:118 - Init User Auth plugin
2025-09-16 09:23:30,680 [INFO] PluginManage:359 - Loaded plugin userauth (category:base,tabindex:14)
2025-09-16 09:23:30,681 [INFO] PluginManage:283 - PluginManage : Loaded plugins [18]
2025-09-16 09:23:31,020 [INFO] PinOutPanel:1589 - setPackage(No Configuration,No Configuration)
2025-09-16 09:23:31,167 [INFO] CADModel:165 - CPN selected for project level
2025-09-16 09:23:31,167 [INFO] CADModel:114 - Register for checkConnection events
2025-09-16 09:23:31,190 [INFO] IPUIPlugin:80 - create IPUIPlugin
2025-09-16 09:23:31,191 [INFO] PluginManager:220 - loadIPPluginJar : add gpio
2025-09-16 09:23:31,197 [INFO] IPUIPlugin:80 - create IPUIPlugin
2025-09-16 09:23:31,198 [INFO] PluginManager:220 - loadIPPluginJar : add ltdc
2025-09-16 09:23:31,206 [INFO] IPUIPlugin:80 - create IPUIPlugin
2025-09-16 09:23:31,207 [INFO] PluginManager:220 - loadIPPluginJar : add lorawan
2025-09-16 09:23:31,219 [INFO] IPUIPlugin:80 - create IPUIPlugin
2025-09-16 09:23:31,219 [INFO] PluginManager:220 - loadIPPluginJar : add mdma
2025-09-16 09:23:31,222 [INFO] IPUIPlugin:80 - create IPUIPlugin
2025-09-16 09:23:31,223 [INFO] PluginManager:220 - loadIPPluginJar : add comp
2025-09-16 09:23:31,227 [INFO] IPUIPlugin:80 - create IPUIPlugin
2025-09-16 09:23:31,228 [INFO] PluginManager:220 - loadIPPluginJar : add gfxmmu
2025-09-16 09:23:31,233 [INFO] IPUIPlugin:80 - create IPUIPlugin
2025-09-16 09:23:31,233 [INFO] PluginManager:220 - loadIPPluginJar : add i2c
2025-09-16 09:23:31,239 [INFO] IPUIPlugin:80 - create IPUIPlugin
2025-09-16 09:23:31,240 [INFO] PluginManager:220 - loadIPPluginJar : add ddr_ctrl_phy
2025-09-16 09:23:31,245 [INFO] IPUIPlugin:80 - create IPUIPlugin
2025-09-16 09:23:31,246 [INFO] PluginManager:220 - loadIPPluginJar : add pdm2pcm
2025-09-16 09:23:31,252 [INFO] IPUIPlugin:80 - create IPUIPlugin
2025-09-16 09:23:31,252 [INFO] PluginManager:220 - loadIPPluginJar : add i3c
2025-09-16 09:23:31,260 [INFO] IPUIPlugin:80 - create IPUIPlugin
2025-09-16 09:23:31,261 [INFO] PluginManager:220 - loadIPPluginJar : add opamp
2025-09-16 09:23:31,275 [INFO] IPUIPlugin:80 - create IPUIPlugin
2025-09-16 09:23:31,275 [INFO] PluginManager:220 - loadIPPluginJar : add linkedlist
2025-09-16 09:23:31,278 [INFO] IPUIPlugin:80 - create IPUIPlugin
2025-09-16 09:23:31,278 [INFO] PluginManager:220 - loadIPPluginJar : add quadspi
2025-09-16 09:23:31,283 [INFO] IPUIPlugin:80 - create IPUIPlugin
2025-09-16 09:23:31,283 [INFO] PluginManager:220 - loadIPPluginJar : add aes
2025-09-16 09:23:31,288 [INFO] IPUIPlugin:80 - create IPUIPlugin
2025-09-16 09:23:31,288 [INFO] PluginManager:220 - loadIPPluginJar : add dfsdm
2025-09-16 09:23:31,294 [INFO] IPUIPlugin:80 - create IPUIPlugin
2025-09-16 09:23:31,294 [INFO] PluginManager:220 - loadIPPluginJar : add usbx
2025-09-16 09:23:31,302 [INFO] IPUIPlugin:80 - create IPUIPlugin
2025-09-16 09:23:31,302 [INFO] PluginManager:220 - loadIPPluginJar : add fmc
2025-09-16 09:23:31,307 [INFO] IPUIPlugin:80 - create IPUIPlugin
2025-09-16 09:23:31,307 [INFO] PluginManager:220 - loadIPPluginJar : add touchsensing
2025-09-16 09:23:31,313 [INFO] IPUIPlugin:80 - create IPUIPlugin
2025-09-16 09:23:31,313 [INFO] PluginManager:220 - loadIPPluginJar : add usart
2025-09-16 09:23:31,324 [INFO] IPUIPlugin:80 - create IPUIPlugin
2025-09-16 09:23:31,324 [INFO] PluginManager:220 - loadIPPluginJar : add nvic
2025-09-16 09:23:31,329 [INFO] IPUIPlugin:80 - create IPUIPlugin
2025-09-16 09:23:31,330 [INFO] PluginManager:220 - loadIPPluginJar : add spi
2025-09-16 09:23:31,340 [INFO] IPUIPlugin:80 - create IPUIPlugin
2025-09-16 09:23:31,340 [INFO] PluginManager:220 - loadIPPluginJar : add adc
2025-09-16 09:23:31,345 [INFO] IPUIPlugin:80 - create IPUIPlugin
2025-09-16 09:23:31,345 [INFO] PluginManager:220 - loadIPPluginJar : add ipddr
2025-09-16 09:23:31,349 [INFO] IPUIPlugin:80 - create IPUIPlugin
2025-09-16 09:23:31,350 [INFO] PluginManager:220 - loadIPPluginJar : add cryp
2025-09-16 09:23:31,355 [INFO] IPUIPlugin:80 - create IPUIPlugin
2025-09-16 09:23:31,355 [INFO] PluginManager:220 - loadIPPluginJar : add sai
2025-09-16 09:23:31,358 [INFO] IPUIPlugin:80 - create IPUIPlugin
2025-09-16 09:23:31,359 [INFO] PluginManager:220 - loadIPPluginJar : add i2s
2025-09-16 09:23:31,361 [INFO] IPUIPlugin:80 - create IPUIPlugin
2025-09-16 09:23:31,361 [INFO] PluginManager:220 - loadIPPluginJar : add fatfs
2025-09-16 09:23:31,369 [INFO] IPUIPlugin:80 - create IPUIPlugin
2025-09-16 09:23:31,369 [INFO] PluginManager:220 - loadIPPluginJar : add dma
2025-09-16 09:23:31,374 [INFO] IPUIPlugin:80 - create IPUIPlugin
2025-09-16 09:23:31,375 [INFO] PluginManager:220 - loadIPPluginJar : add openamp
2025-09-16 09:23:31,378 [INFO] IPUIPlugin:80 - create IPUIPlugin
2025-09-16 09:23:31,378 [INFO] PluginManager:220 - loadIPPluginJar : add hash
2025-09-16 09:23:31,381 [INFO] IPUIPlugin:80 - create IPUIPlugin
2025-09-16 09:23:31,381 [INFO] PluginManager:220 - loadIPPluginJar : add tsc
2025-09-16 09:23:31,384 [INFO] IPUIPlugin:80 - create IPUIPlugin
2025-09-16 09:23:31,384 [INFO] PluginManager:220 - loadIPPluginJar : add ucpd
2025-09-16 09:23:31,386 [INFO] IPUIPlugin:80 - create IPUIPlugin
2025-09-16 09:23:31,387 [INFO] PluginManager:220 - loadIPPluginJar : add genericplugin
2025-09-16 09:23:31,389 [INFO] IPUIPlugin:80 - create IPUIPlugin
2025-09-16 09:23:31,389 [INFO] PluginManager:220 - loadIPPluginJar : add tim
2025-09-16 09:23:31,393 [INFO] IPUIPlugin:80 - create IPUIPlugin
2025-09-16 09:23:31,394 [INFO] PluginManager:220 - loadIPPluginJar : add dma3
2025-09-16 09:23:31,397 [INFO] IPUIPlugin:80 - create IPUIPlugin
2025-09-16 09:23:31,397 [INFO] PluginManager:220 - loadIPPluginJar : add ts
2025-09-16 09:23:31,401 [INFO] IPUIPlugin:80 - create IPUIPlugin
2025-09-16 09:23:31,401 [INFO] PluginManager:220 - loadIPPluginJar : add extmemmanager
2025-09-16 09:23:31,409 [INFO] IPUIPlugin:80 - create IPUIPlugin
2025-09-16 09:23:31,409 [INFO] PluginManager:220 - loadIPPluginJar : add gic
2025-09-16 09:23:31,413 [INFO] IPUIPlugin:80 - create IPUIPlugin
2025-09-16 09:23:31,413 [INFO] PluginManager:220 - loadIPPluginJar : add gtzc
2025-09-16 09:23:31,421 [INFO] IPUIPlugin:80 - create IPUIPlugin
2025-09-16 09:23:31,421 [INFO] PluginManager:220 - loadIPPluginJar : add stm32_wpan
2025-09-16 09:23:31,428 [INFO] IPUIPlugin:80 - create IPUIPlugin
2025-09-16 09:23:31,428 [INFO] PluginManager:220 - loadIPPluginJar : add resmgrutility
2025-09-16 09:23:31,432 [INFO] IPUIPlugin:80 - create IPUIPlugin
2025-09-16 09:23:31,432 [INFO] PluginManager:220 - loadIPPluginJar : add can
2025-09-16 09:23:31,440 [INFO] IPUIPlugin:80 - create IPUIPlugin
2025-09-16 09:23:31,443 [INFO] PluginManager:220 - loadIPPluginJar : add plateformsettings
2025-09-16 09:23:31,452 [INFO] IPUIPlugin:80 - create IPUIPlugin
2025-09-16 09:23:31,452 [INFO] PluginManager:220 - loadIPPluginJar : add freertos
2025-09-16 09:23:31,457 [INFO] IPUIPlugin:80 - create IPUIPlugin
2025-09-16 09:23:31,457 [INFO] PluginManager:220 - loadIPPluginJar : add tracer_emb
2025-09-16 09:23:31,460 [INFO] IPUIPlugin:80 - create IPUIPlugin
2025-09-16 09:23:31,461 [INFO] PluginManager:220 - loadIPPluginJar : add radio
2025-09-16 09:23:31,574 [FATAL] Updater:351 - Updater called before beeing initialized
2025-09-16 09:23:31,630 [INFO] RulesReader:64 - Compatibility file has been processed (317 Rules)
2025-09-16 09:23:31,649 [INFO] RulesReader:64 - Compatibility file has been processed (317 Rules)
2025-09-16 09:23:31,663 [INFO] CADModel:165 - CPN selected for project level
2025-09-16 09:23:31,663 [INFO] CADModel:114 - Register for checkConnection events
2025-09-16 09:23:31,664 [FATAL] Updater:351 - Updater called before beeing initialized
2025-09-16 09:23:31,664 [ERROR] CADModel:125 - Updater not yet initialized, retry later 
2025-09-16 09:23:31,892 [FATAL] Updater:351 - Updater called before beeing initialized
2025-09-16 09:23:31,895 [INFO] CADModel:165 - CPN selected for project level
2025-09-16 09:23:31,895 [INFO] CADModel:114 - Register for checkConnection events
2025-09-16 09:23:31,895 [FATAL] Updater:351 - Updater called before beeing initialized
2025-09-16 09:23:31,895 [ERROR] CADModel:125 - Updater not yet initialized, retry later 
2025-09-16 09:23:31,899 [FATAL] Updater:351 - Updater called before beeing initialized
2025-09-16 09:23:32,237 [FATAL] Updater:351 - Updater called before beeing initialized
2025-09-16 09:23:32,242 [INFO] DbMcusAds:53 - JSON generation date=Tue Jul 08 10:14:23 CEST 2025 (1751962463593)
2025-09-16 09:23:32,243 [FATAL] Updater:351 - Updater called before beeing initialized
2025-09-16 09:23:32,285 [WARN] DetailPanel:346 - Failed to get advertising image, set to default
2025-09-16 09:23:32,363 [FATAL] Updater:351 - Updater called before beeing initialized
2025-09-16 09:23:32,365 [FATAL] Updater:351 - Updater called before beeing initialized
2025-09-16 09:23:32,366 [FATAL] Updater:351 - Updater called before beeing initialized
2025-09-16 09:23:32,366 [WARN] DetailPanel:346 - Failed to get advertising image, set to default
2025-09-16 09:23:32,367 [FATAL] Updater:351 - Updater called before beeing initialized
2025-09-16 09:23:32,424 [ERROR] Updater:1198 - MainUpdater not yet initialized. External WinMGr cannot be set.
2025-09-16 09:23:32,427 [INFO] Updater:1134 - Updater Version found : 6.15.0
2025-09-16 09:23:32,458 [INFO] ApplicationProperties:184 - Using Application install path: /opt/st/stm32cubeide_1.19.0/plugins/com.st.stm32cube.common.mx_6.15.0.202507011659
2025-09-16 09:23:32,872 [INFO] MainUpdater:2872 - connection check result : 10
2025-09-16 09:23:32,873 [INFO] MainUpdater:289 - Updater Check For Update Now.
2025-09-16 09:23:32,873 [INFO] MicroXplorer:498 - Change Database Version : DB.6.0.150
2025-09-16 09:23:32,884 [INFO] McuFinderGlobals:63 - Set McuFinder mode to 2 (CubeIDE integrated)
2025-09-16 09:23:32,886 [INFO] UserAuth:487 - Internet connection configuration mode: 1
2025-09-16 09:23:32,946 [INFO] JxBrowserEngine:152 - Initiate JxBrowser Engine with user profile folder
2025-09-16 09:23:33,161 [INFO] CheckServerUpdateThread:120 - End of CheckServer Thread
2025-09-16 09:23:33,617 [WARN] PackLoader:240 - Cannot read IP mode file for STMicroelectronics.FP-SNS-MOTENVWB1.1.4.0
2025-09-16 09:23:33,631 [WARN] PackLoader:240 - Cannot read IP mode file for STMicroelectronics.FP-ATR-ASTRA1.2.0.2
2025-09-16 09:23:33,643 [WARN] PackLoader:240 - Cannot read IP mode file for STMicroelectronics.X-CUBE-SMBUS.2.1.0
2025-09-16 09:23:33,657 [WARN] PackLoader:240 - Cannot read IP mode file for STMicroelectronics.X-CUBE-WB05N.1.1.0
2025-09-16 09:23:33,665 [WARN] PackLoader:240 - Cannot read IP mode file for STMicroelectronics.X-CUBE-ST60.1.0.0
2025-09-16 09:23:33,731 [WARN] PackLoader:240 - Cannot read IP mode file for STMicroelectronics.X-CUBE-AZRTOS-F7.1.1.0
2025-09-16 09:23:33,741 [WARN] PackLoader:240 - Cannot read IP mode file for STMicroelectronics.FP-SNS-FLIGHT1.5.0.2
2025-09-16 09:23:33,773 [WARN] PackLoader:240 - Cannot read IP mode file for Infineon.AIROC-Wi-Fi-Bluetooth-STM32.1.7.0
2025-09-16 09:23:33,812 [WARN] PackLoader:240 - Cannot read IP mode file for STMicroelectronics.X-CUBE-AZRTOS-H7.3.4.0
2025-09-16 09:23:33,828 [WARN] PackLoader:240 - Cannot read IP mode file for STMicroelectronics.X-CUBE-DISPLAY.3.0.0
2025-09-16 09:23:33,845 [WARN] PackLoader:240 - Cannot read IP mode file for STMicroelectronics.X-CUBE-NFC10.1.0.0
2025-09-16 09:23:33,862 [WARN] PackLoader:240 - Cannot read IP mode file for STMicroelectronics.X-CUBE-BLEMGR.4.0.0
2025-09-16 09:23:33,872 [WARN] PackLoader:240 - Cannot read IP mode file for emotas.I-CUBE-CANOPEN.1.3.0
2025-09-16 09:23:33,876 [WARN] ConditionMgr:438 - getConditionDescription Invalid condition id : Cortex-A Device cause : null
2025-09-16 09:23:33,891 [WARN] ConditionMgr:1044 - genDependencies : Invalid condition id : Cortex-A Device cause : null
2025-09-16 09:23:33,891 [WARN] ConditionMgr:1044 - genDependencies : Invalid condition id : Cortex-A Device cause : null
2025-09-16 09:23:33,891 [WARN] ConditionMgr:1044 - genDependencies : Invalid condition id : Cortex-A Device cause : null
2025-09-16 09:23:33,895 [WARN] PackLoader:240 - Cannot read IP mode file for STMicroelectronics.X-CUBE-AI.10.0.0
2025-09-16 09:23:33,906 [WARN] PackLoader:240 - Cannot read IP mode file for STMicroelectronics.FP-SNS-STBOX1.2.1.0
2025-09-16 09:23:33,914 [WARN] PackLoader:240 - Cannot read IP mode file for STMicroelectronics.FP-SNS-SMARTAG2.1.2.0
2025-09-16 09:23:33,924 [WARN] PackLoader:240 - Cannot read IP mode file for STMicroelectronics.FP-SNS-FLIGHT1.5.1.0
2025-09-16 09:23:34,019 [WARN] PackLoader:240 - Cannot read IP mode file for STMicroelectronics.X-CUBE-MEMS1.11.1.0
2025-09-16 09:23:34,355 [INFO] LogOutputStream:77 - [STDOUT_REDIRECT] 1 : Invalid condition id : UX_CORESTACK_Condition cause : null
2025-09-16 09:23:34,356 [INFO] LogOutputStream:77 - [STDOUT_REDIRECT] 1 : Invalid condition id : UX_CORESTACK_Condition cause : null
2025-09-16 09:23:34,356 [INFO] LogOutputStream:77 - [STDOUT_REDIRECT] 1 : Invalid condition id : UX_CORESTACK_Condition cause : null
2025-09-16 09:23:34,357 [INFO] LogOutputStream:77 - [STDOUT_REDIRECT] 1 : Invalid condition id : UX_CORESTACK_Condition cause : null
2025-09-16 09:23:34,357 [INFO] LogOutputStream:77 - [STDOUT_REDIRECT] 1 : Invalid condition id : UX_CORESTACK_Condition cause : null
2025-09-16 09:23:34,364 [WARN] PackLoader:240 - Cannot read IP mode file for STMicroelectronics.X-CUBE-AZRTOS-WL.2.0.0
2025-09-16 09:23:34,385 [WARN] PackLoader:240 - Cannot read IP mode file for STMicroelectronics.FP-SNS-MOTENV1.5.0.0
2025-09-16 09:23:34,398 [WARN] PackLoader:240 - Cannot read IP mode file for WES.I-CUBE-Cesium.1.3.0
2025-09-16 09:23:34,405 [WARN] PackLoader:240 - Cannot read IP mode file for STMicroelectronics.X-CUBE-BLE2.3.3.0
2025-09-16 09:23:34,418 [WARN] PackLoader:240 - Cannot read IP mode file for STMicroelectronics.X-CUBE-NFC9.1.0.0
2025-09-16 09:23:34,444 [WARN] PackLoader:240 - Cannot read IP mode file for STMicroelectronics.X-CUBE-BLE1.7.1.0
2025-09-16 09:23:34,450 [WARN] PackLoader:240 - Cannot read IP mode file for wolfSSL.I-CUBE-wolfMQTT.1.19.2
2025-09-16 09:23:34,462 [WARN] PackLoader:240 - Cannot read IP mode file for STMicroelectronics.X-CUBE-EEPRMA1.5.2.0
2025-09-16 09:23:34,471 [WARN] PackLoader:240 - Cannot read IP mode file for STMicroelectronics.X-CUBE-AI.10.1.0
2025-09-16 09:23:34,501 [WARN] PackLoader:240 - Cannot read IP mode file for STMicroelectronics.X-CUBE-AZRTOS-G0.1.1.0
2025-09-16 09:23:34,513 [WARN] PackLoader:240 - Cannot read IP mode file for STMicroelectronics.X-CUBE-SAFEA1.1.2.2
2025-09-16 09:23:34,520 [WARN] PackLoader:240 - Cannot read IP mode file for STMicroelectronics.X-CUBE-NFC4.3.0.0
2025-09-16 09:23:34,535 [WARN] PackLoader:240 - Cannot read IP mode file for EmbeddedOffice.I-CUBE-FS-RTOS.1.0.1
2025-09-16 09:23:34,543 [WARN] PackLoader:240 - Cannot read IP mode file for STMicroelectronics.X-CUBE-WB05N.2.0.0
2025-09-16 09:23:34,550 [WARN] PackLoader:240 - Cannot read IP mode file for wolfSSL.I-CUBE-wolfTPM.3.8.0
2025-09-16 09:23:34,558 [WARN] PackLoader:240 - Cannot read IP mode file for STMicroelectronics.X-CUBE-TCPP.4.2.0
2025-09-16 09:23:34,565 [WARN] PackLoader:240 - Cannot read IP mode file for RealThread.X-CUBE-RT-Thread_Nano.4.1.1
2025-09-16 09:23:34,585 [WARN] PackLoader:240 - Cannot read IP mode file for STMicroelectronics.FP-ATR-SIGFOX1.3.2.0
2025-09-16 09:23:34,594 [WARN] PackLoader:240 - Cannot read IP mode file for STMicroelectronics.X-CUBE-EEPRMA1.5.1.0
2025-09-16 09:23:34,600 [WARN] PackLoader:240 - Cannot read IP mode file for wolfSSL.I-CUBE-wolfSSL.5.7.6
2025-09-16 09:23:34,609 [WARN] PackLoader:240 - Cannot read IP mode file for ITTIA_DB.I-CUBE-ITTIADB.8.9.0
2025-09-16 09:23:34,616 [WARN] PackLoader:240 - Cannot read IP mode file for STMicroelectronics.X-CUBE-ST67W61.1.0.0
2025-09-16 09:23:34,629 [WARN] PackLoader:240 - Cannot read IP mode file for STMicroelectronics.X-CUBE-AI.10.2.0
2025-09-16 09:23:34,668 [WARN] PackLoader:240 - Cannot read IP mode file for SEGGER.I-CUBE-embOS.1.3.1
2025-09-16 09:23:34,727 [WARN] PackLoader:240 - Cannot read IP mode file for STMicroelectronics.X-CUBE-ALGOBUILD.1.4.0
2025-09-16 09:23:34,787 [WARN] PackLoader:240 - Cannot read IP mode file for STMicroelectronics.X-CUBE-MEMS1.11.3.0
2025-09-16 09:23:34,827 [INFO] WebApp:169 - Instantiating new browser for Auth
2025-09-16 09:23:35,009 [WARN] PackLoader:240 - Cannot read IP mode file for STMicroelectronics.X-CUBE-PM33A1.1.0.0
2025-09-16 09:23:35,028 [WARN] PackLoader:240 - Cannot read IP mode file for STMicroelectronics.X-CUBE-AZRTOS-F4.1.1.0
2025-09-16 09:23:35,034 [WARN] PackLoader:240 - Cannot read IP mode file for Avnet-IotConnect.X-CUBE-IoTC-DA16k-PMOD.1.0.0
2025-09-16 09:23:35,040 [WARN] PackLoader:240 - Cannot read IP mode file for STMicroelectronics.X-CUBE-ISPU.2.1.0
2025-09-16 09:23:35,048 [WARN] PackLoader:240 - Cannot read IP mode file for STMicroelectronics.X-CUBE-NFC12.1.0.0
2025-09-16 09:23:35,091 [WARN] PackLoader:240 - Cannot read IP mode file for STMicroelectronics.X-CUBE-AZRTOS-L5.2.0.0
2025-09-16 09:23:35,101 [WARN] PackLoader:240 - Cannot read IP mode file for STMicroelectronics.X-CUBE-NFC6.3.1.0
2025-09-16 09:23:35,109 [WARN] PackLoader:240 - Cannot read IP mode file for STMicroelectronics.X-CUBE-DPower.1.2.0
2025-09-16 09:23:35,116 [WARN] PackLoader:240 - Cannot read IP mode file for STMicroelectronics.X-CUBE-FREERTOS.1.3.1
2025-09-16 09:23:35,127 [WARN] PackLoader:240 - Cannot read IP mode file for STMicroelectronics.X-CUBE-FREERTOS.1.3.0
2025-09-16 09:23:35,150 [WARN] PackLoader:240 - Cannot read IP mode file for STMicroelectronics.X-CUBE-NFC7.1.0.1
2025-09-16 09:23:35,161 [WARN] PackLoader:240 - Cannot read IP mode file for STMicroelectronics.FP-SNS-STAIOTCFT.1.0.0
2025-09-16 09:23:35,188 [WARN] PackLoader:240 - Cannot read IP mode file for STMicroelectronics.X-CUBE-DPower.1.3.0
2025-09-16 09:23:35,216 [WARN] ConditionMgr:438 - getConditionDescription Invalid condition id : LAN8742 Phy interface Condition cause : null
2025-09-16 09:23:35,217 [WARN] PackLoader:240 - Cannot read IP mode file for STMicroelectronics.X-CUBE-AZRTOS-L4.2.0.0
2025-09-16 09:23:35,219 [WARN] ConditionMgr:1044 - genDependencies : Invalid condition id : LAN8742 Phy interface Condition cause : null
2025-09-16 09:23:35,219 [WARN] ConditionMgr:1044 - genDependencies : Invalid condition id : LAN8742 Phy interface Condition cause : null
2025-09-16 09:23:35,220 [WARN] ConditionMgr:1044 - genDependencies : Invalid condition id : LAN8742 Phy interface Condition cause : null
2025-09-16 09:23:35,230 [WARN] PackLoader:240 - Cannot read IP mode file for STMicroelectronics.X-CUBE-SFXS2LP1.4.0.0
2025-09-16 09:23:35,266 [WARN] PackLoader:240 - Cannot read IP mode file for STMicroelectronics.X-CUBE-AZRTOS-H7.3.3.0
2025-09-16 09:23:35,285 [WARN] PackLoader:240 - Cannot read IP mode file for STMicroelectronics.X-CUBE-BLEMGR.4.1.0
2025-09-16 09:23:35,307 [WARN] ConditionMgr:438 - getConditionDescription Invalid condition id : UX DEVICE CLASS RTOS Condition cause : null
2025-09-16 09:23:35,314 [WARN] ConditionMgr:438 - getConditionDescription Invalid condition id : UX DEVICE CLASS RTOS Condition cause : null
2025-09-16 09:23:35,316 [WARN] PackLoader:240 - Cannot read IP mode file for STMicroelectronics.X-CUBE-AZRTOS-WB.2.0.0
2025-09-16 09:23:35,317 [WARN] ConditionMgr:1044 - genDependencies : Invalid condition id : UX DEVICE CLASS RTOS Condition cause : null
2025-09-16 09:23:35,318 [WARN] ConditionMgr:1044 - genDependencies : Invalid condition id : UX DEVICE CLASS RTOS Condition cause : null
2025-09-16 09:23:35,319 [WARN] ConditionMgr:1044 - genDependencies : Invalid condition id : UX DEVICE CLASS RTOS Condition cause : null
2025-09-16 09:23:35,319 [WARN] ConditionMgr:1044 - genDependencies : Invalid condition id : UX DEVICE CLASS RTOS Condition cause : null
2025-09-16 09:23:35,319 [WARN] ConditionMgr:1044 - genDependencies : Invalid condition id : UX DEVICE CLASS RTOS Condition cause : null
2025-09-16 09:23:35,328 [WARN] PackLoader:240 - Cannot read IP mode file for STMicroelectronics.X-CUBE-GNSS1.7.0.1
2025-09-16 09:23:35,337 [WARN] PackLoader:240 - Cannot read IP mode file for STMicroelectronics.X-CUBE-TOUCHGFX.4.25.0
2025-09-16 09:23:35,342 [WARN] PackLoader:240 - Cannot read IP mode file for STMicroelectronics.FP-SNS-STBOX1.2.0.0
2025-09-16 09:23:35,358 [WARN] PackLoader:240 - Cannot read IP mode file for STMicroelectronics.X-CUBE-SUBG2.5.0.0
2025-09-16 09:23:35,403 [WARN] PackLoader:240 - Cannot read IP mode file for STMicroelectronics.X-CUBE-AZRTOS-H7RS.1.1.0
2025-09-16 09:23:35,419 [WARN] PackLoader:240 - Cannot read IP mode file for Cesanta.I-CUBE-Mongoose.7.13.0
2025-09-16 09:23:35,443 [WARN] PackLoader:240 - Cannot read IP mode file for STMicroelectronics.X-CUBE-AZRTOS-G4.2.0.0
2025-09-16 09:23:35,450 [WARN] PackLoader:240 - Cannot read IP mode file for wolfSSL.I-CUBE-wolfSSH.1.4.20
2025-09-16 09:23:35,458 [WARN] PackLoader:240 - Cannot read IP mode file for STMicroelectronics.X-CUBE-NFC7.2.0.0
2025-09-16 09:23:35,486 [WARN] PackLoader:240 - Cannot read IP mode file for STMicroelectronics.X-CUBE-IPS.3.1.0
2025-09-16 09:23:35,502 [WARN] PackLoader:240 - Cannot read IP mode file for STMicroelectronics.X-CUBE-ALS.1.0.2
2025-09-16 09:23:35,531 [WARN] PackLoader:240 - Cannot read IP mode file for STMicroelectronics.X-CUBE-STSE01.1.0.0
2025-09-16 09:23:35,543 [WARN] PackLoader:240 - Cannot read IP mode file for portGmbH.I-Cube-SoM-uGOAL.1.1.0
2025-09-16 09:23:35,565 [WARN] PackLoader:240 - Cannot read IP mode file for STMicroelectronics.X-CUBE-AZRTOS-H7RS.1.0.0
2025-09-16 09:23:35,586 [WARN] PackLoader:240 - Cannot read IP mode file for STMicroelectronics.X-CUBE-TOF1.3.4.2
2025-09-16 09:23:35,615 [WARN] PackLoader:240 - Cannot read IP mode file for STMicroelectronics.X-CUBE-TOF1.3.4.3
2025-09-16 09:23:35,631 [INFO] ThirdParty:978 - Integrity check success = true
2025-09-16 09:23:35,631 [INFO] IntegrityCheckThread:100 - exiting critical section [integrity check]
2025-09-16 09:23:35,631 [INFO] IntegrityCheckThread:103 - End integrity checks thread
2025-09-16 09:23:36,220 [INFO] WebApp:463 - Apply proxy settings
2025-09-16 09:23:36,221 [INFO] WebApp:548 - Chromium requires no authentication
2025-09-16 09:23:36,235 [INFO] WebApp:491 - Direct internet connection detected
2025-09-16 09:23:36,255 [INFO] WebApp:900 - Register for checkConnection events
2025-09-16 09:23:36,255 [INFO] WebApp:463 - Apply proxy settings
2025-09-16 09:23:36,255 [INFO] WebApp:548 - Chromium requires no authentication
2025-09-16 09:23:36,256 [INFO] WebApp:491 - Direct internet connection detected
2025-09-16 09:23:36,397 [INFO] WebApp:225 - Starting web application
2025-09-16 09:23:36,397 [INFO] WebApp:593 - Web application path used /opt/st/stm32cubeide_1.19.0/plugins/com.st.stm32cube.common.mx_6.15.0.202507011659/db/plugins/mcufinder/reactClient1/index.html
2025-09-16 09:23:36,576 [INFO] UserAuth:487 - Internet connection configuration mode: 1
2025-09-16 09:23:37,658 [INFO] WebApp:191 - Connection restablished
2025-09-16 10:47:24,874 [ERROR] LogOutputStream:75 - [STDERR_REDIRECT] 
2025-09-16 10:50:01,556 [INFO] Activator:176 - 


2025-09-16 10:50:01,558 [INFO] Activator:177 - !SESSION log4j initialized
2025-09-16 10:50:12,537 [INFO] LogOutputStream:77 - [STDOUT_REDIRECT] 
2025-09-16 10:50:14,289 [INFO] ApplicationProperties:184 - Using Application install path: /opt/st/stm32cubeide_1.19.0/plugins/com.st.stm32cube.common.mx_6.15.0.202507011659
2025-09-16 10:50:14,318 [INFO] DbMcusXml:78 - Set database path to: /opt/st/stm32cubeide_1.19.0/plugins/com.st.stm32cube.common.mx_6.15.0.202507011659//db//mcu/
2025-09-16 10:50:14,318 [INFO] ApiDb:274 - Set plugin database path to: /opt/st/stm32cubeide_1.19.0/plugins/com.st.stm32cube.common.mx_6.15.0.202507011659//db//plugins/boardmanager/
2025-09-16 10:50:14,318 [WARN] ApiDb:259 - Overriding images path with different value:  => /opt/st/stm32cubeide_1.19.0/plugins/com.st.stm32cube.common.mx_6.15.0.202507011659//db//plugins/mcufinder/images/
2025-09-16 10:50:14,328 [INFO] ApiDb:250 - Set database path to: /home/ernst/.stmcufinder/plugins/mcufinder//mcu/
2025-09-16 10:50:14,331 [INFO] DbMcusAds:125 - Set database path to: /home/ernst/.stmcufinder/plugins/mcufinder//mcu/
2025-09-16 10:50:14,336 [INFO] CrossReferenceDbSqlite:203 - Set database path to: /home/ernst/.stmcufinder/plugins/mcufinder//mcu/cs/
2025-09-16 10:50:14,492 [INFO] RulesReader:64 - Compatibility file has been processed (317 Rules)
2025-09-16 10:50:14,585 [INFO] DbMcusXml:78 - Set database path to: /opt/st/stm32cubeide_1.19.0/plugins/com.st.stm32cube.common.mx_6.15.0.202507011659//db//mcu/
2025-09-16 10:50:14,586 [INFO] ApiDb:274 - Set plugin database path to: /opt/st/stm32cubeide_1.19.0/plugins/com.st.stm32cube.common.mx_6.15.0.202507011659//db//plugins/boardmanager/
2025-09-16 10:50:14,587 [INFO] ApiDb:261 - Set plugin images path to: /opt/st/stm32cubeide_1.19.0/plugins/com.st.stm32cube.common.mx_6.15.0.202507011659//db//plugins/mcufinder/images/
2025-09-16 10:50:14,587 [WARN] DbFile:41 - Overriding database path with different value: /home/ernst/.stmcufinder/plugins/mcufinder/ => /home/ernst/.stmcufinder/plugins/mcufinder
2025-09-16 10:50:14,587 [INFO] ApiDb:250 - Set database path to: /home/ernst/.stmcufinder/plugins/mcufinder//mcu/
2025-09-16 10:50:14,588 [WARN] DbFile:41 - Overriding database path with different value: /home/ernst/.stmcufinder/plugins/mcufinder/ => /home/ernst/.stmcufinder/plugins/mcufinder
2025-09-16 10:50:14,588 [INFO] DbMcusAds:125 - Set database path to: /home/ernst/.stmcufinder/plugins/mcufinder//mcu/
2025-09-16 10:50:14,589 [WARN] DbFile:41 - Overriding database path with different value: /home/ernst/.stmcufinder/plugins/mcufinder/ => /home/ernst/.stmcufinder/plugins/mcufinder
2025-09-16 10:50:14,589 [WARN] DbFile:41 - Overriding database path with different value: /home/ernst/.stmcufinder/plugins/mcufinder/ => /home/ernst/.stmcufinder/plugins/mcufinder
2025-09-16 10:50:14,589 [INFO] CrossReferenceDbSqlite:203 - Set database path to: /home/ernst/.stmcufinder/plugins/mcufinder//mcu/cs/
2025-09-16 10:50:14,700 [INFO] MainPanel:274 - HeapMemory: 268435456
2025-09-16 10:50:14,914 [INFO] DbMcusXml:78 - Set database path to: /opt/st/stm32cubeide_1.19.0/plugins/com.st.stm32cube.common.mx_6.15.0.202507011659//db//mcu/
2025-09-16 10:50:14,914 [INFO] ApiDb:274 - Set plugin database path to: /opt/st/stm32cubeide_1.19.0/plugins/com.st.stm32cube.common.mx_6.15.0.202507011659//db//plugins/boardmanager/
2025-09-16 10:50:14,915 [INFO] ApiDb:261 - Set plugin images path to: /opt/st/stm32cubeide_1.19.0/plugins/com.st.stm32cube.common.mx_6.15.0.202507011659//db//plugins/mcufinder/images/
2025-09-16 10:50:14,915 [WARN] DbFile:41 - Overriding database path with different value: /home/ernst/.stmcufinder/plugins/mcufinder/ => /home/ernst/.stmcufinder/plugins/mcufinder
2025-09-16 10:50:14,916 [INFO] ApiDb:250 - Set database path to: /home/ernst/.stmcufinder/plugins/mcufinder//mcu/
2025-09-16 10:50:14,916 [WARN] DbFile:41 - Overriding database path with different value: /home/ernst/.stmcufinder/plugins/mcufinder/ => /home/ernst/.stmcufinder/plugins/mcufinder
2025-09-16 10:50:14,916 [INFO] DbMcusAds:125 - Set database path to: /home/ernst/.stmcufinder/plugins/mcufinder//mcu/
2025-09-16 10:50:14,916 [WARN] DbFile:41 - Overriding database path with different value: /home/ernst/.stmcufinder/plugins/mcufinder/ => /home/ernst/.stmcufinder/plugins/mcufinder
2025-09-16 10:50:14,916 [WARN] DbFile:41 - Overriding database path with different value: /home/ernst/.stmcufinder/plugins/mcufinder/ => /home/ernst/.stmcufinder/plugins/mcufinder
2025-09-16 10:50:14,916 [INFO] CrossReferenceDbSqlite:203 - Set database path to: /home/ernst/.stmcufinder/plugins/mcufinder//mcu/cs/
2025-09-16 10:50:14,942 [INFO] ApplicationProperties:184 - Using Application install path: /opt/st/stm32cubeide_1.19.0/plugins/com.st.stm32cube.common.mx_6.15.0.202507011659
2025-09-16 10:50:14,944 [INFO] PluginManage:196 - Search for loadable plugins [exclusion list=, ]
2025-09-16 10:50:14,947 [INFO] PluginManage:310 - Check plugin analytics
2025-09-16 10:50:15,723 [INFO] AnalyticsPlugin:253 - Accepted Software Licenses: 
2025-09-16 10:50:15,723 [INFO] AnalyticsPlugin:255 - Accepted CMSIS Pack Licenses: 
2025-09-16 10:50:15,724 [INFO] AnalyticsPlugin:257 - Accepted Firmware Licenses: FW.L4.1.18.0
2025-09-16 10:50:15,728 [INFO] PluginManage:359 - Loaded plugin analytics (category:tool,tabindex:-1)
2025-09-16 10:50:15,732 [INFO] PluginManage:310 - Check plugin cadmodel
2025-09-16 10:50:15,744 [INFO] CADModel:105 - Init CAD model plugin
2025-09-16 10:50:15,744 [INFO] PluginManage:359 - Loaded plugin cadmodel (category:power,tabindex:5)
2025-09-16 10:50:15,744 [INFO] PluginManage:310 - Check plugin clock
2025-09-16 10:50:15,767 [INFO] PluginManage:359 - Loaded plugin clock (category:base,tabindex:2)
2025-09-16 10:50:15,767 [INFO] PluginManage:310 - Check plugin ddr
2025-09-16 10:50:15,772 [INFO] PluginManage:359 - Loaded plugin ddr (category:tool,tabindex:6)
2025-09-16 10:50:15,773 [INFO] PluginManage:310 - Check plugin filemanager
2025-09-16 10:50:16,018 [INFO] PluginManage:359 - Loaded plugin filemanager (category:base,tabindex:10)
2025-09-16 10:50:16,018 [INFO] PluginManage:310 - Check plugin ipmanager
2025-09-16 10:50:16,027 [INFO] PluginManage:359 - Loaded plugin ipmanager (category:base,tabindex:5)
2025-09-16 10:50:16,027 [INFO] PluginManage:310 - Check plugin lpbam
2025-09-16 10:50:16,045 [INFO] PluginManage:359 - Loaded plugin lpbam (category:base,tabindex:0)
2025-09-16 10:50:16,045 [INFO] PluginManage:310 - Check plugin memorymap
2025-09-16 10:50:16,071 [INFO] PluginManage:359 - Loaded plugin memorymap (category:base,tabindex:4)
2025-09-16 10:50:16,071 [INFO] PluginManage:310 - Check plugin pinoutandconfiguration
2025-09-16 10:50:16,092 [INFO] PluginManage:359 - Loaded plugin pinoutandconfiguration (category:base,tabindex:1)
2025-09-16 10:50:16,093 [INFO] PluginManage:310 - Check plugin pinoutconfig
2025-09-16 10:50:16,249 [WARN] SupportedApi:132 - Cannot load RTOS API schema: s4s-elt-must-match.1: The content of 'definitions' must match (annotation?, (simpleType | complexType)?, (unique | key | keyref)*)). A problem was found starting at: attribute.
2025-09-16 10:50:16,470 [INFO] PluginManage:359 - Loaded plugin pinoutconfig (category:base,tabindex:0)
2025-09-16 10:50:16,470 [INFO] PluginManage:310 - Check plugin power
2025-09-16 10:50:16,490 [INFO] PluginManage:359 - Loaded plugin power (category:power,tabindex:4)
2025-09-16 10:50:16,490 [INFO] PluginManage:310 - Check plugin projectmanager
2025-09-16 10:50:16,518 [INFO] PluginManage:359 - Loaded plugin projectmanager (category:projectmanager,tabindex:4)
2025-09-16 10:50:16,518 [INFO] PluginManage:310 - Check plugin rif
2025-09-16 10:50:16,536 [INFO] PluginManage:359 - Loaded plugin rif (category:base,tabindex:3)
2025-09-16 10:50:16,536 [INFO] PluginManage:310 - Check plugin thirdparty
2025-09-16 10:50:16,759 [INFO] PluginManage:359 - Loaded plugin thirdparty (category:base,tabindex:-1)
2025-09-16 10:50:16,758 [WARN] IntegrityCheckThread:84 - waiting for thirdparty lock release [integrity check]
2025-09-16 10:50:16,759 [INFO] IntegrityCheckThread:86 - entering critical section [integrity check]
2025-09-16 10:50:16,759 [INFO] PluginManage:310 - Check plugin tools
2025-09-16 10:50:16,759 [INFO] ThirdPartyUpdaterWithRetryManager:70 - Updater plugin not ready yet. [1/15]
2025-09-16 10:50:16,763 [INFO] PluginManage:359 - Loaded plugin tools (category:base,tabindex:7)
2025-09-16 10:50:16,763 [INFO] PluginManage:310 - Check plugin tutovideos
2025-09-16 10:50:17,050 [INFO] PluginManage:359 - Loaded plugin tutovideos (category:base,tabindex:-1)
2025-09-16 10:50:17,051 [INFO] PluginManage:310 - Check plugin updater
2025-09-16 10:50:17,092 [INFO] PluginManage:359 - Loaded plugin updater (category:base,tabindex:12)
2025-09-16 10:50:17,093 [INFO] PluginManage:310 - Check plugin userauth
2025-09-16 10:50:17,099 [INFO] UserAuth:118 - Init User Auth plugin
2025-09-16 10:50:17,101 [INFO] PluginManage:359 - Loaded plugin userauth (category:base,tabindex:14)
2025-09-16 10:50:17,102 [INFO] PluginManage:283 - PluginManage : Loaded plugins [18]
2025-09-16 10:50:17,475 [INFO] PinOutPanel:1589 - setPackage(No Configuration,No Configuration)
2025-09-16 10:50:17,612 [INFO] CADModel:165 - CPN selected for project level
2025-09-16 10:50:17,612 [INFO] CADModel:114 - Register for checkConnection events
2025-09-16 10:50:17,638 [INFO] IPUIPlugin:80 - create IPUIPlugin
2025-09-16 10:50:17,639 [INFO] PluginManager:220 - loadIPPluginJar : add gpio
2025-09-16 10:50:17,645 [INFO] IPUIPlugin:80 - create IPUIPlugin
2025-09-16 10:50:17,646 [INFO] PluginManager:220 - loadIPPluginJar : add ltdc
2025-09-16 10:50:17,654 [INFO] IPUIPlugin:80 - create IPUIPlugin
2025-09-16 10:50:17,654 [INFO] PluginManager:220 - loadIPPluginJar : add lorawan
2025-09-16 10:50:17,666 [INFO] IPUIPlugin:80 - create IPUIPlugin
2025-09-16 10:50:17,666 [INFO] PluginManager:220 - loadIPPluginJar : add mdma
2025-09-16 10:50:17,669 [INFO] IPUIPlugin:80 - create IPUIPlugin
2025-09-16 10:50:17,670 [INFO] PluginManager:220 - loadIPPluginJar : add comp
2025-09-16 10:50:17,675 [INFO] IPUIPlugin:80 - create IPUIPlugin
2025-09-16 10:50:17,675 [INFO] PluginManager:220 - loadIPPluginJar : add gfxmmu
2025-09-16 10:50:17,680 [INFO] IPUIPlugin:80 - create IPUIPlugin
2025-09-16 10:50:17,680 [INFO] PluginManager:220 - loadIPPluginJar : add i2c
2025-09-16 10:50:17,687 [INFO] IPUIPlugin:80 - create IPUIPlugin
2025-09-16 10:50:17,687 [INFO] PluginManager:220 - loadIPPluginJar : add ddr_ctrl_phy
2025-09-16 10:50:17,692 [INFO] IPUIPlugin:80 - create IPUIPlugin
2025-09-16 10:50:17,693 [INFO] PluginManager:220 - loadIPPluginJar : add pdm2pcm
2025-09-16 10:50:17,698 [INFO] IPUIPlugin:80 - create IPUIPlugin
2025-09-16 10:50:17,699 [INFO] PluginManager:220 - loadIPPluginJar : add i3c
2025-09-16 10:50:17,706 [INFO] IPUIPlugin:80 - create IPUIPlugin
2025-09-16 10:50:17,706 [INFO] PluginManager:220 - loadIPPluginJar : add opamp
2025-09-16 10:50:17,717 [INFO] IPUIPlugin:80 - create IPUIPlugin
2025-09-16 10:50:17,718 [INFO] PluginManager:220 - loadIPPluginJar : add linkedlist
2025-09-16 10:50:17,720 [INFO] IPUIPlugin:80 - create IPUIPlugin
2025-09-16 10:50:17,721 [INFO] PluginManager:220 - loadIPPluginJar : add quadspi
2025-09-16 10:50:17,725 [INFO] IPUIPlugin:80 - create IPUIPlugin
2025-09-16 10:50:17,726 [INFO] PluginManager:220 - loadIPPluginJar : add aes
2025-09-16 10:50:17,729 [INFO] IPUIPlugin:80 - create IPUIPlugin
2025-09-16 10:50:17,729 [INFO] PluginManager:220 - loadIPPluginJar : add dfsdm
2025-09-16 10:50:17,735 [INFO] IPUIPlugin:80 - create IPUIPlugin
2025-09-16 10:50:17,735 [INFO] PluginManager:220 - loadIPPluginJar : add usbx
2025-09-16 10:50:17,742 [INFO] IPUIPlugin:80 - create IPUIPlugin
2025-09-16 10:50:17,742 [INFO] PluginManager:220 - loadIPPluginJar : add fmc
2025-09-16 10:50:17,746 [INFO] IPUIPlugin:80 - create IPUIPlugin
2025-09-16 10:50:17,747 [INFO] PluginManager:220 - loadIPPluginJar : add touchsensing
2025-09-16 10:50:17,754 [INFO] IPUIPlugin:80 - create IPUIPlugin
2025-09-16 10:50:17,755 [INFO] PluginManager:220 - loadIPPluginJar : add usart
2025-09-16 10:50:17,761 [INFO] IPUIPlugin:80 - create IPUIPlugin
2025-09-16 10:50:17,761 [INFO] PluginManager:220 - loadIPPluginJar : add nvic
2025-09-16 10:50:17,766 [INFO] IPUIPlugin:80 - create IPUIPlugin
2025-09-16 10:50:17,766 [INFO] PluginManager:220 - loadIPPluginJar : add spi
2025-09-16 10:50:17,778 [INFO] IPUIPlugin:80 - create IPUIPlugin
2025-09-16 10:50:17,778 [INFO] PluginManager:220 - loadIPPluginJar : add adc
2025-09-16 10:50:17,785 [INFO] IPUIPlugin:80 - create IPUIPlugin
2025-09-16 10:50:17,785 [INFO] PluginManager:220 - loadIPPluginJar : add ipddr
2025-09-16 10:50:17,791 [INFO] IPUIPlugin:80 - create IPUIPlugin
2025-09-16 10:50:17,792 [INFO] PluginManager:220 - loadIPPluginJar : add cryp
2025-09-16 10:50:17,797 [INFO] IPUIPlugin:80 - create IPUIPlugin
2025-09-16 10:50:17,797 [INFO] PluginManager:220 - loadIPPluginJar : add sai
2025-09-16 10:50:17,801 [INFO] IPUIPlugin:80 - create IPUIPlugin
2025-09-16 10:50:17,801 [INFO] PluginManager:220 - loadIPPluginJar : add i2s
2025-09-16 10:50:17,804 [INFO] IPUIPlugin:80 - create IPUIPlugin
2025-09-16 10:50:17,804 [INFO] PluginManager:220 - loadIPPluginJar : add fatfs
2025-09-16 10:50:17,812 [INFO] IPUIPlugin:80 - create IPUIPlugin
2025-09-16 10:50:17,812 [INFO] PluginManager:220 - loadIPPluginJar : add dma
2025-09-16 10:50:17,819 [INFO] IPUIPlugin:80 - create IPUIPlugin
2025-09-16 10:50:17,820 [INFO] PluginManager:220 - loadIPPluginJar : add openamp
2025-09-16 10:50:17,823 [INFO] IPUIPlugin:80 - create IPUIPlugin
2025-09-16 10:50:17,823 [INFO] PluginManager:220 - loadIPPluginJar : add hash
2025-09-16 10:50:17,826 [INFO] IPUIPlugin:80 - create IPUIPlugin
2025-09-16 10:50:17,826 [INFO] PluginManager:220 - loadIPPluginJar : add tsc
2025-09-16 10:50:17,829 [INFO] IPUIPlugin:80 - create IPUIPlugin
2025-09-16 10:50:17,830 [INFO] PluginManager:220 - loadIPPluginJar : add ucpd
2025-09-16 10:50:17,833 [INFO] IPUIPlugin:80 - create IPUIPlugin
2025-09-16 10:50:17,833 [INFO] PluginManager:220 - loadIPPluginJar : add genericplugin
2025-09-16 10:50:17,837 [INFO] IPUIPlugin:80 - create IPUIPlugin
2025-09-16 10:50:17,837 [INFO] PluginManager:220 - loadIPPluginJar : add tim
2025-09-16 10:50:17,841 [INFO] IPUIPlugin:80 - create IPUIPlugin
2025-09-16 10:50:17,842 [INFO] PluginManager:220 - loadIPPluginJar : add dma3
2025-09-16 10:50:17,845 [INFO] IPUIPlugin:80 - create IPUIPlugin
2025-09-16 10:50:17,845 [INFO] PluginManager:220 - loadIPPluginJar : add ts
2025-09-16 10:50:17,851 [INFO] IPUIPlugin:80 - create IPUIPlugin
2025-09-16 10:50:17,851 [INFO] PluginManager:220 - loadIPPluginJar : add extmemmanager
2025-09-16 10:50:17,859 [INFO] IPUIPlugin:80 - create IPUIPlugin
2025-09-16 10:50:17,860 [INFO] PluginManager:220 - loadIPPluginJar : add gic
2025-09-16 10:50:17,864 [INFO] IPUIPlugin:80 - create IPUIPlugin
2025-09-16 10:50:17,864 [INFO] PluginManager:220 - loadIPPluginJar : add gtzc
2025-09-16 10:50:17,876 [INFO] IPUIPlugin:80 - create IPUIPlugin
2025-09-16 10:50:17,876 [INFO] PluginManager:220 - loadIPPluginJar : add stm32_wpan
2025-09-16 10:50:17,883 [INFO] IPUIPlugin:80 - create IPUIPlugin
2025-09-16 10:50:17,884 [INFO] PluginManager:220 - loadIPPluginJar : add resmgrutility
2025-09-16 10:50:17,888 [INFO] IPUIPlugin:80 - create IPUIPlugin
2025-09-16 10:50:17,888 [INFO] PluginManager:220 - loadIPPluginJar : add can
2025-09-16 10:50:17,899 [INFO] IPUIPlugin:80 - create IPUIPlugin
2025-09-16 10:50:17,903 [INFO] PluginManager:220 - loadIPPluginJar : add plateformsettings
2025-09-16 10:50:17,912 [INFO] IPUIPlugin:80 - create IPUIPlugin
2025-09-16 10:50:17,912 [INFO] PluginManager:220 - loadIPPluginJar : add freertos
2025-09-16 10:50:17,916 [INFO] IPUIPlugin:80 - create IPUIPlugin
2025-09-16 10:50:17,916 [INFO] PluginManager:220 - loadIPPluginJar : add tracer_emb
2025-09-16 10:50:17,919 [INFO] IPUIPlugin:80 - create IPUIPlugin
2025-09-16 10:50:17,921 [INFO] PluginManager:220 - loadIPPluginJar : add radio
2025-09-16 10:50:18,046 [FATAL] Updater:351 - Updater called before beeing initialized
2025-09-16 10:50:18,099 [INFO] RulesReader:64 - Compatibility file has been processed (317 Rules)
2025-09-16 10:50:18,116 [INFO] RulesReader:64 - Compatibility file has been processed (317 Rules)
2025-09-16 10:50:18,130 [INFO] CADModel:165 - CPN selected for project level
2025-09-16 10:50:18,130 [INFO] CADModel:114 - Register for checkConnection events
2025-09-16 10:50:18,130 [FATAL] Updater:351 - Updater called before beeing initialized
2025-09-16 10:50:18,131 [ERROR] CADModel:125 - Updater not yet initialized, retry later 
2025-09-16 10:50:18,434 [FATAL] Updater:351 - Updater called before beeing initialized
2025-09-16 10:50:18,437 [INFO] CADModel:165 - CPN selected for project level
2025-09-16 10:50:18,438 [INFO] CADModel:114 - Register for checkConnection events
2025-09-16 10:50:18,438 [FATAL] Updater:351 - Updater called before beeing initialized
2025-09-16 10:50:18,438 [ERROR] CADModel:125 - Updater not yet initialized, retry later 
2025-09-16 10:50:18,447 [FATAL] Updater:351 - Updater called before beeing initialized
2025-09-16 10:50:18,611 [FATAL] Updater:351 - Updater called before beeing initialized
2025-09-16 10:50:18,618 [INFO] DbMcusAds:53 - JSON generation date=Tue Jul 08 10:14:23 CEST 2025 (1751962463593)
2025-09-16 10:50:18,619 [FATAL] Updater:351 - Updater called before beeing initialized
2025-09-16 10:50:18,664 [WARN] DetailPanel:346 - Failed to get advertising image, set to default
2025-09-16 10:50:18,761 [FATAL] Updater:351 - Updater called before beeing initialized
2025-09-16 10:50:18,764 [FATAL] Updater:351 - Updater called before beeing initialized
2025-09-16 10:50:18,764 [FATAL] Updater:351 - Updater called before beeing initialized
2025-09-16 10:50:18,765 [WARN] DetailPanel:346 - Failed to get advertising image, set to default
2025-09-16 10:50:18,768 [FATAL] Updater:351 - Updater called before beeing initialized
2025-09-16 10:50:18,826 [ERROR] Updater:1198 - MainUpdater not yet initialized. External WinMGr cannot be set.
2025-09-16 10:50:18,829 [INFO] Updater:1134 - Updater Version found : 6.15.0
2025-09-16 10:50:18,859 [INFO] ApplicationProperties:184 - Using Application install path: /opt/st/stm32cubeide_1.19.0/plugins/com.st.stm32cube.common.mx_6.15.0.202507011659
2025-09-16 10:50:19,258 [INFO] MainUpdater:2872 - connection check result : 10
2025-09-16 10:50:19,260 [INFO] MainUpdater:289 - Updater Check For Update Now.
2025-09-16 10:50:19,260 [INFO] MicroXplorer:498 - Change Database Version : DB.6.0.150
2025-09-16 10:50:19,268 [INFO] McuFinderGlobals:63 - Set McuFinder mode to 2 (CubeIDE integrated)
2025-09-16 10:50:19,269 [INFO] UserAuth:487 - Internet connection configuration mode: 1
2025-09-16 10:50:19,309 [INFO] JxBrowserEngine:152 - Initiate JxBrowser Engine with user profile folder
2025-09-16 10:50:19,489 [INFO] CheckServerUpdateThread:120 - End of CheckServer Thread
2025-09-16 10:50:20,112 [WARN] PackLoader:240 - Cannot read IP mode file for STMicroelectronics.FP-SNS-MOTENVWB1.1.4.0
2025-09-16 10:50:20,141 [WARN] PackLoader:240 - Cannot read IP mode file for STMicroelectronics.FP-ATR-ASTRA1.2.0.2
2025-09-16 10:50:20,158 [WARN] PackLoader:240 - Cannot read IP mode file for STMicroelectronics.X-CUBE-SMBUS.2.1.0
2025-09-16 10:50:20,196 [WARN] PackLoader:240 - Cannot read IP mode file for STMicroelectronics.X-CUBE-WB05N.1.1.0
2025-09-16 10:50:20,236 [WARN] PackLoader:240 - Cannot read IP mode file for STMicroelectronics.X-CUBE-ST60.1.0.0
2025-09-16 10:50:20,305 [WARN] PackLoader:240 - Cannot read IP mode file for STMicroelectronics.X-CUBE-AZRTOS-F7.1.1.0
2025-09-16 10:50:20,337 [WARN] PackLoader:240 - Cannot read IP mode file for STMicroelectronics.FP-SNS-FLIGHT1.5.0.2
2025-09-16 10:50:20,395 [WARN] PackLoader:240 - Cannot read IP mode file for Infineon.AIROC-Wi-Fi-Bluetooth-STM32.1.7.0
2025-09-16 10:50:20,447 [WARN] PackLoader:240 - Cannot read IP mode file for STMicroelectronics.X-CUBE-AZRTOS-H7.3.4.0
2025-09-16 10:50:20,471 [WARN] PackLoader:240 - Cannot read IP mode file for STMicroelectronics.X-CUBE-DISPLAY.3.0.0
2025-09-16 10:50:20,494 [WARN] PackLoader:240 - Cannot read IP mode file for STMicroelectronics.X-CUBE-NFC10.1.0.0
2025-09-16 10:50:20,529 [WARN] PackLoader:240 - Cannot read IP mode file for STMicroelectronics.X-CUBE-BLEMGR.4.0.0
2025-09-16 10:50:20,561 [WARN] PackLoader:240 - Cannot read IP mode file for emotas.I-CUBE-CANOPEN.1.3.0
2025-09-16 10:50:20,568 [WARN] ConditionMgr:438 - getConditionDescription Invalid condition id : Cortex-A Device cause : null
2025-09-16 10:50:20,584 [WARN] ConditionMgr:1044 - genDependencies : Invalid condition id : Cortex-A Device cause : null
2025-09-16 10:50:20,585 [WARN] ConditionMgr:1044 - genDependencies : Invalid condition id : Cortex-A Device cause : null
2025-09-16 10:50:20,585 [WARN] ConditionMgr:1044 - genDependencies : Invalid condition id : Cortex-A Device cause : null
2025-09-16 10:50:20,609 [WARN] PackLoader:240 - Cannot read IP mode file for STMicroelectronics.X-CUBE-AI.10.0.0
2025-09-16 10:50:20,623 [WARN] PackLoader:240 - Cannot read IP mode file for STMicroelectronics.FP-SNS-STBOX1.2.1.0
2025-09-16 10:50:20,657 [WARN] PackLoader:240 - Cannot read IP mode file for STMicroelectronics.FP-SNS-SMARTAG2.1.2.0
2025-09-16 10:50:20,660 [INFO] WebApp:169 - Instantiating new browser for Auth
2025-09-16 10:50:20,670 [WARN] PackLoader:240 - Cannot read IP mode file for STMicroelectronics.FP-SNS-FLIGHT1.5.1.0
2025-09-16 10:50:20,779 [WARN] PackLoader:240 - Cannot read IP mode file for STMicroelectronics.X-CUBE-MEMS1.11.1.0
2025-09-16 10:50:21,096 [INFO] LogOutputStream:77 - [STDOUT_REDIRECT] 1 : Invalid condition id : UX_CORESTACK_Condition cause : null
2025-09-16 10:50:21,097 [INFO] LogOutputStream:77 - [STDOUT_REDIRECT] 1 : Invalid condition id : UX_CORESTACK_Condition cause : null
2025-09-16 10:50:21,097 [INFO] LogOutputStream:77 - [STDOUT_REDIRECT] 1 : Invalid condition id : UX_CORESTACK_Condition cause : null
2025-09-16 10:50:21,097 [INFO] LogOutputStream:77 - [STDOUT_REDIRECT] 1 : Invalid condition id : UX_CORESTACK_Condition cause : null
2025-09-16 10:50:21,098 [INFO] LogOutputStream:77 - [STDOUT_REDIRECT] 1 : Invalid condition id : UX_CORESTACK_Condition cause : null
2025-09-16 10:50:21,105 [WARN] PackLoader:240 - Cannot read IP mode file for STMicroelectronics.X-CUBE-AZRTOS-WL.2.0.0
2025-09-16 10:50:21,116 [WARN] PackLoader:240 - Cannot read IP mode file for STMicroelectronics.FP-SNS-MOTENV1.5.0.0
2025-09-16 10:50:21,130 [WARN] PackLoader:240 - Cannot read IP mode file for WES.I-CUBE-Cesium.1.3.0
2025-09-16 10:50:21,137 [WARN] PackLoader:240 - Cannot read IP mode file for STMicroelectronics.X-CUBE-BLE2.3.3.0
2025-09-16 10:50:21,163 [WARN] PackLoader:240 - Cannot read IP mode file for STMicroelectronics.X-CUBE-NFC9.1.0.0
2025-09-16 10:50:21,197 [WARN] PackLoader:240 - Cannot read IP mode file for STMicroelectronics.X-CUBE-BLE1.7.1.0
2025-09-16 10:50:21,213 [WARN] PackLoader:240 - Cannot read IP mode file for wolfSSL.I-CUBE-wolfMQTT.1.19.2
2025-09-16 10:50:21,227 [WARN] PackLoader:240 - Cannot read IP mode file for STMicroelectronics.X-CUBE-EEPRMA1.5.2.0
2025-09-16 10:50:21,237 [WARN] PackLoader:240 - Cannot read IP mode file for STMicroelectronics.X-CUBE-AI.10.1.0
2025-09-16 10:50:21,266 [WARN] PackLoader:240 - Cannot read IP mode file for STMicroelectronics.X-CUBE-AZRTOS-G0.1.1.0
2025-09-16 10:50:21,279 [WARN] PackLoader:240 - Cannot read IP mode file for STMicroelectronics.X-CUBE-SAFEA1.1.2.2
2025-09-16 10:50:21,295 [WARN] PackLoader:240 - Cannot read IP mode file for STMicroelectronics.X-CUBE-NFC4.3.0.0
2025-09-16 10:50:21,309 [WARN] PackLoader:240 - Cannot read IP mode file for EmbeddedOffice.I-CUBE-FS-RTOS.1.0.1
2025-09-16 10:50:21,355 [WARN] PackLoader:240 - Cannot read IP mode file for STMicroelectronics.X-CUBE-WB05N.2.0.0
2025-09-16 10:50:21,375 [WARN] PackLoader:240 - Cannot read IP mode file for wolfSSL.I-CUBE-wolfTPM.3.8.0
2025-09-16 10:50:21,394 [WARN] PackLoader:240 - Cannot read IP mode file for STMicroelectronics.X-CUBE-TCPP.4.2.0
2025-09-16 10:50:21,414 [WARN] PackLoader:240 - Cannot read IP mode file for RealThread.X-CUBE-RT-Thread_Nano.4.1.1
2025-09-16 10:50:21,445 [WARN] PackLoader:240 - Cannot read IP mode file for STMicroelectronics.FP-ATR-SIGFOX1.3.2.0
2025-09-16 10:50:21,467 [WARN] PackLoader:240 - Cannot read IP mode file for STMicroelectronics.X-CUBE-EEPRMA1.5.1.0
2025-09-16 10:50:21,485 [WARN] PackLoader:240 - Cannot read IP mode file for wolfSSL.I-CUBE-wolfSSL.5.7.6
2025-09-16 10:50:21,505 [WARN] PackLoader:240 - Cannot read IP mode file for ITTIA_DB.I-CUBE-ITTIADB.8.9.0
2025-09-16 10:50:21,538 [WARN] PackLoader:240 - Cannot read IP mode file for STMicroelectronics.X-CUBE-ST67W61.1.0.0
2025-09-16 10:50:21,545 [WARN] PackLoader:240 - Cannot read IP mode file for STMicroelectronics.X-CUBE-AI.10.2.0
2025-09-16 10:50:21,607 [WARN] PackLoader:240 - Cannot read IP mode file for SEGGER.I-CUBE-embOS.1.3.1
2025-09-16 10:50:21,679 [WARN] PackLoader:240 - Cannot read IP mode file for STMicroelectronics.X-CUBE-ALGOBUILD.1.4.0
2025-09-16 10:50:21,758 [WARN] PackLoader:240 - Cannot read IP mode file for STMicroelectronics.X-CUBE-MEMS1.11.3.0
2025-09-16 10:50:21,943 [WARN] PackLoader:240 - Cannot read IP mode file for STMicroelectronics.X-CUBE-PM33A1.1.0.0
2025-09-16 10:50:21,980 [WARN] PackLoader:240 - Cannot read IP mode file for STMicroelectronics.X-CUBE-AZRTOS-F4.1.1.0
2025-09-16 10:50:21,988 [WARN] PackLoader:240 - Cannot read IP mode file for Avnet-IotConnect.X-CUBE-IoTC-DA16k-PMOD.1.0.0
2025-09-16 10:50:21,992 [WARN] PackLoader:240 - Cannot read IP mode file for STMicroelectronics.X-CUBE-ISPU.2.1.0
2025-09-16 10:50:21,999 [WARN] PackLoader:240 - Cannot read IP mode file for STMicroelectronics.X-CUBE-NFC12.1.0.0
2025-09-16 10:50:22,046 [WARN] PackLoader:240 - Cannot read IP mode file for STMicroelectronics.X-CUBE-AZRTOS-L5.2.0.0
2025-09-16 10:50:22,065 [WARN] PackLoader:240 - Cannot read IP mode file for STMicroelectronics.X-CUBE-NFC6.3.1.0
2025-09-16 10:50:22,075 [WARN] PackLoader:240 - Cannot read IP mode file for STMicroelectronics.X-CUBE-DPower.1.2.0
2025-09-16 10:50:22,085 [WARN] PackLoader:240 - Cannot read IP mode file for STMicroelectronics.X-CUBE-FREERTOS.1.3.1
2025-09-16 10:50:22,149 [INFO] WebApp:463 - Apply proxy settings
2025-09-16 10:50:22,157 [INFO] WebApp:548 - Chromium requires no authentication
2025-09-16 10:50:22,164 [WARN] PackLoader:240 - Cannot read IP mode file for STMicroelectronics.X-CUBE-FREERTOS.1.3.0
2025-09-16 10:50:22,170 [INFO] WebApp:491 - Direct internet connection detected
2025-09-16 10:50:22,173 [WARN] PackLoader:240 - Cannot read IP mode file for STMicroelectronics.X-CUBE-NFC7.1.0.1
2025-09-16 10:50:22,181 [WARN] PackLoader:240 - Cannot read IP mode file for STMicroelectronics.FP-SNS-STAIOTCFT.1.0.0
2025-09-16 10:50:22,191 [WARN] PackLoader:240 - Cannot read IP mode file for STMicroelectronics.X-CUBE-DPower.1.3.0
2025-09-16 10:50:22,212 [INFO] WebApp:900 - Register for checkConnection events
2025-09-16 10:50:22,212 [INFO] WebApp:463 - Apply proxy settings
2025-09-16 10:50:22,212 [INFO] WebApp:548 - Chromium requires no authentication
2025-09-16 10:50:22,213 [INFO] WebApp:491 - Direct internet connection detected
2025-09-16 10:50:22,221 [WARN] ConditionMgr:438 - getConditionDescription Invalid condition id : LAN8742 Phy interface Condition cause : null
2025-09-16 10:50:22,222 [WARN] PackLoader:240 - Cannot read IP mode file for STMicroelectronics.X-CUBE-AZRTOS-L4.2.0.0
2025-09-16 10:50:22,224 [WARN] ConditionMgr:1044 - genDependencies : Invalid condition id : LAN8742 Phy interface Condition cause : null
2025-09-16 10:50:22,225 [WARN] ConditionMgr:1044 - genDependencies : Invalid condition id : LAN8742 Phy interface Condition cause : null
2025-09-16 10:50:22,226 [WARN] ConditionMgr:1044 - genDependencies : Invalid condition id : LAN8742 Phy interface Condition cause : null
2025-09-16 10:50:22,258 [WARN] PackLoader:240 - Cannot read IP mode file for STMicroelectronics.X-CUBE-SFXS2LP1.4.0.0
2025-09-16 10:50:22,283 [WARN] PackLoader:240 - Cannot read IP mode file for STMicroelectronics.X-CUBE-AZRTOS-H7.3.3.0
2025-09-16 10:50:22,300 [WARN] PackLoader:240 - Cannot read IP mode file for STMicroelectronics.X-CUBE-BLEMGR.4.1.0
2025-09-16 10:50:22,322 [WARN] ConditionMgr:438 - getConditionDescription Invalid condition id : UX DEVICE CLASS RTOS Condition cause : null
2025-09-16 10:50:22,323 [WARN] ConditionMgr:438 - getConditionDescription Invalid condition id : UX DEVICE CLASS RTOS Condition cause : null
2025-09-16 10:50:22,325 [WARN] PackLoader:240 - Cannot read IP mode file for STMicroelectronics.X-CUBE-AZRTOS-WB.2.0.0
2025-09-16 10:50:22,326 [WARN] ConditionMgr:1044 - genDependencies : Invalid condition id : UX DEVICE CLASS RTOS Condition cause : null
2025-09-16 10:50:22,326 [WARN] ConditionMgr:1044 - genDependencies : Invalid condition id : UX DEVICE CLASS RTOS Condition cause : null
2025-09-16 10:50:22,327 [WARN] ConditionMgr:1044 - genDependencies : Invalid condition id : UX DEVICE CLASS RTOS Condition cause : null
2025-09-16 10:50:22,327 [WARN] ConditionMgr:1044 - genDependencies : Invalid condition id : UX DEVICE CLASS RTOS Condition cause : null
2025-09-16 10:50:22,327 [WARN] ConditionMgr:1044 - genDependencies : Invalid condition id : UX DEVICE CLASS RTOS Condition cause : null
2025-09-16 10:50:22,334 [WARN] PackLoader:240 - Cannot read IP mode file for STMicroelectronics.X-CUBE-GNSS1.7.0.1
2025-09-16 10:50:22,339 [WARN] PackLoader:240 - Cannot read IP mode file for STMicroelectronics.X-CUBE-TOUCHGFX.4.25.0
2025-09-16 10:50:22,346 [WARN] PackLoader:240 - Cannot read IP mode file for STMicroelectronics.FP-SNS-STBOX1.2.0.0
2025-09-16 10:50:22,362 [WARN] PackLoader:240 - Cannot read IP mode file for STMicroelectronics.X-CUBE-SUBG2.5.0.0
2025-09-16 10:50:22,409 [WARN] PackLoader:240 - Cannot read IP mode file for STMicroelectronics.X-CUBE-AZRTOS-H7RS.1.1.0
2025-09-16 10:50:22,417 [WARN] PackLoader:240 - Cannot read IP mode file for Cesanta.I-CUBE-Mongoose.7.13.0
2025-09-16 10:50:22,441 [WARN] PackLoader:240 - Cannot read IP mode file for STMicroelectronics.X-CUBE-AZRTOS-G4.2.0.0
2025-09-16 10:50:22,448 [WARN] PackLoader:240 - Cannot read IP mode file for wolfSSL.I-CUBE-wolfSSH.1.4.20
2025-09-16 10:50:22,454 [WARN] PackLoader:240 - Cannot read IP mode file for STMicroelectronics.X-CUBE-NFC7.2.0.0
2025-09-16 10:50:22,477 [WARN] PackLoader:240 - Cannot read IP mode file for STMicroelectronics.X-CUBE-IPS.3.1.0
2025-09-16 10:50:22,501 [WARN] PackLoader:240 - Cannot read IP mode file for STMicroelectronics.X-CUBE-ALS.1.0.2
2025-09-16 10:50:22,513 [WARN] PackLoader:240 - Cannot read IP mode file for STMicroelectronics.X-CUBE-STSE01.1.0.0
2025-09-16 10:50:22,520 [WARN] PackLoader:240 - Cannot read IP mode file for portGmbH.I-Cube-SoM-uGOAL.1.1.0
2025-09-16 10:50:22,531 [INFO] WebApp:225 - Starting web application
2025-09-16 10:50:22,565 [INFO] WebApp:593 - Web application path used /opt/st/stm32cubeide_1.19.0/plugins/com.st.stm32cube.common.mx_6.15.0.202507011659/db/plugins/mcufinder/reactClient1/index.html
2025-09-16 10:50:22,596 [WARN] PackLoader:240 - Cannot read IP mode file for STMicroelectronics.X-CUBE-AZRTOS-H7RS.1.0.0
2025-09-16 10:50:22,655 [WARN] PackLoader:240 - Cannot read IP mode file for STMicroelectronics.X-CUBE-TOF1.3.4.2
2025-09-16 10:50:22,705 [WARN] PackLoader:240 - Cannot read IP mode file for STMicroelectronics.X-CUBE-TOF1.3.4.3
2025-09-16 10:50:22,725 [INFO] ThirdParty:978 - Integrity check success = true
2025-09-16 10:50:22,742 [INFO] IntegrityCheckThread:100 - exiting critical section [integrity check]
2025-09-16 10:50:22,742 [INFO] IntegrityCheckThread:103 - End integrity checks thread
2025-09-16 10:50:22,862 [INFO] UserAuth:487 - Internet connection configuration mode: 1
2025-09-16 10:50:24,015 [INFO] WebApp:191 - Connection restablished
